{
  "C:/rs-school/react/rss-react/src/components/UI/HeaderButtom/HeaderButtom.tsx": {
    "path": "C:/rs-school/react/rss-react/src/components/UI/HeaderButtom/HeaderButtom.tsx",
    "statementMap": {
      "0": {
        "start": {
          "line": 5,
          "column": 0
        },
        "end": {
          "line": 15,
          "column": 1
        }
      },
      "1": {
        "start": {
          "line": 6,
          "column": 2
        },
        "end": {
          "line": 8,
          "column": 3
        }
      },
      "2": {
        "start": {
          "line": 7,
          "column": 4
        },
        "end": {
          "line": 7,
          "column": 165
        }
      },
      "3": {
        "start": {
          "line": 9,
          "column": 2
        },
        "end": {
          "line": 9,
          "column": 39
        }
      },
      "4": {
        "start": {
          "line": 10,
          "column": 2
        },
        "end": {
          "line": 10,
          "column": 39
        }
      },
      "5": {
        "start": {
          "line": 11,
          "column": 2
        },
        "end": {
          "line": 13,
          "column": 4
        }
      },
      "6": {
        "start": {
          "line": 12,
          "column": 4
        },
        "end": {
          "line": 12,
          "column": 120
        }
      },
      "7": {
        "start": {
          "line": 14,
          "column": 2
        },
        "end": {
          "line": 14,
          "column": 75
        }
      },
      "8": {
        "start": {
          "line": 23,
          "column": 6
        },
        "end": {
          "line": 23,
          "column": 11
        }
      },
      "9": {
        "start": {
          "line": 24,
          "column": 2
        },
        "end": {
          "line": 36,
          "column": 11
        }
      },
      "10": {
        "start": {
          "line": 38,
          "column": 0
        },
        "end": {
          "line": 38,
          "column": 18
        }
      },
      "11": {
        "start": {
          "line": 41,
          "column": 0
        },
        "end": {
          "line": 41,
          "column": 33
        }
      },
      "12": {
        "start": {
          "line": 42,
          "column": 0
        },
        "end": {
          "line": 58,
          "column": 1
        }
      },
      "13": {
        "start": {
          "line": 43,
          "column": 2
        },
        "end": {
          "line": 43,
          "column": 39
        }
      },
      "14": {
        "start": {
          "line": 44,
          "column": 2
        },
        "end": {
          "line": 44,
          "column": 39
        }
      },
      "15": {
        "start": {
          "line": 45,
          "column": 2
        },
        "end": {
          "line": 57,
          "column": 5
        }
      },
      "16": {
        "start": {
          "line": 49,
          "column": 4
        },
        "end": {
          "line": 49,
          "column": 146
        }
      },
      "17": {
        "start": {
          "line": 50,
          "column": 4
        },
        "end": {
          "line": 56,
          "column": 7
        }
      },
      "18": {
        "start": {
          "line": 51,
          "column": 6
        },
        "end": {
          "line": 52,
          "column": 15
        }
      },
      "19": {
        "start": {
          "line": 52,
          "column": 8
        },
        "end": {
          "line": 52,
          "column": 15
        }
      },
      "20": {
        "start": {
          "line": 53,
          "column": 32
        },
        "end": {
          "line": 53,
          "column": 115
        }
      },
      "21": {
        "start": {
          "line": 54,
          "column": 6
        },
        "end": {
          "line": 55,
          "column": 54
        }
      },
      "22": {
        "start": {
          "line": 55,
          "column": 8
        },
        "end": {
          "line": 55,
          "column": 54
        }
      }
    },
    "fnMap": {
      "0": {
        "name": "(anonymous_0)",
        "decl": {
          "start": {
            "line": 11,
            "column": 24
          },
          "end": {
            "line": 11,
            "column": 25
          }
        },
        "loc": {
          "start": {
            "line": 11,
            "column": 38
          },
          "end": {
            "line": 13,
            "column": 3
          }
        },
        "line": 11
      },
      "1": {
        "name": "HeaderButtom",
        "decl": {
          "start": {
            "line": 17,
            "column": 9
          },
          "end": {
            "line": 17,
            "column": 21
          }
        },
        "loc": {
          "start": {
            "line": 17,
            "column": 29
          },
          "end": {
            "line": 37,
            "column": 1
          }
        },
        "line": 17
      },
      "2": {
        "name": "(anonymous_2)",
        "decl": {
          "start": {
            "line": 48,
            "column": 9
          },
          "end": {
            "line": 48,
            "column": 10
          }
        },
        "loc": {
          "start": {
            "line": 48,
            "column": 29
          },
          "end": {
            "line": 57,
            "column": 3
          }
        },
        "line": 48
      },
      "3": {
        "name": "(anonymous_3)",
        "decl": {
          "start": {
            "line": 50,
            "column": 27
          },
          "end": {
            "line": 50,
            "column": 28
          }
        },
        "loc": {
          "start": {
            "line": 50,
            "column": 44
          },
          "end": {
            "line": 56,
            "column": 5
          }
        },
        "line": 50
      }
    },
    "branchMap": {
      "0": {
        "loc": {
          "start": {
            "line": 5,
            "column": 0
          },
          "end": {
            "line": 15,
            "column": 1
          }
        },
        "type": "if",
        "locations": [
          {
            "start": {
              "line": 5,
              "column": 0
            },
            "end": {
              "line": 15,
              "column": 1
            }
          },
          {
            "start": {},
            "end": {}
          }
        ],
        "line": 5
      },
      "1": {
        "loc": {
          "start": {
            "line": 6,
            "column": 2
          },
          "end": {
            "line": 8,
            "column": 3
          }
        },
        "type": "if",
        "locations": [
          {
            "start": {
              "line": 6,
              "column": 2
            },
            "end": {
              "line": 8,
              "column": 3
            }
          },
          {
            "start": {},
            "end": {}
          }
        ],
        "line": 6
      },
      "2": {
        "loc": {
          "start": {
            "line": 24,
            "column": 65
          },
          "end": {
            "line": 24,
            "column": 100
          }
        },
        "type": "cond-expr",
        "locations": [
          {
            "start": {
              "line": 24,
              "column": 87
            },
            "end": {
              "line": 24,
              "column": 95
            }
          },
          {
            "start": {
              "line": 24,
              "column": 98
            },
            "end": {
              "line": 24,
              "column": 100
            }
          }
        ],
        "line": 24
      },
      "3": {
        "loc": {
          "start": {
            "line": 42,
            "column": 0
          },
          "end": {
            "line": 58,
            "column": 1
          }
        },
        "type": "if",
        "locations": [
          {
            "start": {
              "line": 42,
              "column": 0
            },
            "end": {
              "line": 58,
              "column": 1
            }
          },
          {
            "start": {},
            "end": {}
          }
        ],
        "line": 42
      },
      "4": {
        "loc": {
          "start": {
            "line": 51,
            "column": 6
          },
          "end": {
            "line": 52,
            "column": 15
          }
        },
        "type": "if",
        "locations": [
          {
            "start": {
              "line": 51,
              "column": 6
            },
            "end": {
              "line": 52,
              "column": 15
            }
          },
          {
            "start": {},
            "end": {}
          }
        ],
        "line": 51
      },
      "5": {
        "loc": {
          "start": {
            "line": 54,
            "column": 6
          },
          "end": {
            "line": 55,
            "column": 54
          }
        },
        "type": "if",
        "locations": [
          {
            "start": {
              "line": 54,
              "column": 6
            },
            "end": {
              "line": 55,
              "column": 54
            }
          },
          {
            "start": {},
            "end": {}
          }
        ],
        "line": 54
      }
    },
    "s": {
      "0": 2,
      "1": 2,
      "2": 0,
      "3": 2,
      "4": 2,
      "5": 2,
      "6": 2,
      "7": 2,
      "8": 24,
      "9": 24,
      "10": 2,
      "11": 2,
      "12": 2,
      "13": 2,
      "14": 2,
      "15": 2,
      "16": 2,
      "17": 2,
      "18": 0,
      "19": 0,
      "20": 0,
      "21": 0,
      "22": 0
    },
    "f": {
      "0": 2,
      "1": 24,
      "2": 2,
      "3": 0
    },
    "b": {
      "0": [
        2,
        0
      ],
      "1": [
        0,
        2
      ],
      "2": [
        8,
        16
      ],
      "3": [
        2,
        0
      ],
      "4": [
        0,
        0
      ],
      "5": [
        0,
        0
      ]
    },
    "inputSourceMap": {
      "version": 3,
      "mappings": "AAYQ;AAZR,2BAAqB;AAAkB;AAAA;AAAA;AAAA;AAAA;AAAA;AAAA;AAAA;AAAA;AAAA;AAAA;AAAA;AAAA;AAAA;AAEvC,SAASA,aAAaC,OAKnB;AACD,QAAM;AAAA,IAAEC;AAAAA,IAAMC;AAAAA,IAAMC;AAAAA,IAASC;AAAAA,EAAW,IAAIJ;AAC5C,SACE,uBAAC,SAAI,WAAY,aAAYI,eAAeH,OAAO,WAAW,MAC5D,iCAAC,QAAK,IAAIC,MAAM,SACd,iCAAC,QAAID,kBAAL;AAAA;AAAA;AAAA;AAAA,SAAU,KADZ;AAAA;AAAA;AAAA;AAAA,SAEA,KAHF;AAAA;AAAA;AAAA;AAAA,SAIA;AAEJ;AAACI,KAdQN;AAgBT,eAAeA;AAAa;AAAAO",
      "names": [
        "HeaderButtom",
        "props",
        "name",
        "link",
        "onClick",
        "activeMode",
        "_c",
        "$RefreshReg$"
      ],
      "sources": [
        "C:/rs-school/react/rss-react/src/components/UI/HeaderButtom/HeaderButtom.tsx"
      ],
      "file": "C:/rs-school/react/rss-react/src/components/UI/HeaderButtom/HeaderButtom.tsx"
    },
    "_coverageSchema": "1a1c01bbd47fc00a2c39e90264f33305004495a9",
    "hash": "501840198ca19c4f66d6ae0776bc2db008c49d93"
  },
  "C:/rs-school/react/rss-react/src/interfaces.ts": {
    "path": "C:/rs-school/react/rss-react/src/interfaces.ts",
    "statementMap": {
      "0": {
        "start": {
          "line": 1,
          "column": 39
        },
        "end": {
          "line": 8,
          "column": 19
        }
      },
      "1": {
        "start": {
          "line": 2,
          "column": 2
        },
        "end": {
          "line": 2,
          "column": 72
        }
      },
      "2": {
        "start": {
          "line": 3,
          "column": 2
        },
        "end": {
          "line": 3,
          "column": 73
        }
      },
      "3": {
        "start": {
          "line": 4,
          "column": 2
        },
        "end": {
          "line": 4,
          "column": 67
        }
      },
      "4": {
        "start": {
          "line": 5,
          "column": 2
        },
        "end": {
          "line": 5,
          "column": 64
        }
      },
      "5": {
        "start": {
          "line": 6,
          "column": 2
        },
        "end": {
          "line": 6,
          "column": 60
        }
      },
      "6": {
        "start": {
          "line": 7,
          "column": 2
        },
        "end": {
          "line": 7,
          "column": 20
        }
      },
      "7": {
        "start": {
          "line": 9,
          "column": 38
        },
        "end": {
          "line": 14,
          "column": 18
        }
      },
      "8": {
        "start": {
          "line": 10,
          "column": 2
        },
        "end": {
          "line": 10,
          "column": 27
        }
      },
      "9": {
        "start": {
          "line": 11,
          "column": 2
        },
        "end": {
          "line": 11,
          "column": 33
        }
      },
      "10": {
        "start": {
          "line": 12,
          "column": 2
        },
        "end": {
          "line": 12,
          "column": 33
        }
      },
      "11": {
        "start": {
          "line": 13,
          "column": 2
        },
        "end": {
          "line": 13,
          "column": 19
        }
      },
      "12": {
        "start": {
          "line": 15,
          "column": 38
        },
        "end": {
          "line": 21,
          "column": 18
        }
      },
      "13": {
        "start": {
          "line": 16,
          "column": 2
        },
        "end": {
          "line": 16,
          "column": 29
        }
      },
      "14": {
        "start": {
          "line": 17,
          "column": 2
        },
        "end": {
          "line": 17,
          "column": 34
        }
      },
      "15": {
        "start": {
          "line": 18,
          "column": 2
        },
        "end": {
          "line": 18,
          "column": 31
        }
      },
      "16": {
        "start": {
          "line": 19,
          "column": 2
        },
        "end": {
          "line": 19,
          "column": 32
        }
      },
      "17": {
        "start": {
          "line": 20,
          "column": 2
        },
        "end": {
          "line": 20,
          "column": 19
        }
      },
      "18": {
        "start": {
          "line": 22,
          "column": 41
        },
        "end": {
          "line": 29,
          "column": 21
        }
      },
      "19": {
        "start": {
          "line": 23,
          "column": 2
        },
        "end": {
          "line": 23,
          "column": 38
        }
      },
      "20": {
        "start": {
          "line": 24,
          "column": 2
        },
        "end": {
          "line": 24,
          "column": 38
        }
      },
      "21": {
        "start": {
          "line": 25,
          "column": 2
        },
        "end": {
          "line": 25,
          "column": 49
        }
      },
      "22": {
        "start": {
          "line": 26,
          "column": 2
        },
        "end": {
          "line": 26,
          "column": 53
        }
      },
      "23": {
        "start": {
          "line": 27,
          "column": 2
        },
        "end": {
          "line": 27,
          "column": 40
        }
      },
      "24": {
        "start": {
          "line": 28,
          "column": 2
        },
        "end": {
          "line": 28,
          "column": 22
        }
      },
      "25": {
        "start": {
          "line": 30,
          "column": 30
        },
        "end": {
          "line": 37,
          "column": 1
        }
      }
    },
    "fnMap": {
      "0": {
        "name": "(anonymous_0)",
        "decl": {
          "start": {
            "line": 1,
            "column": 40
          },
          "end": {
            "line": 1,
            "column": 41
          }
        },
        "loc": {
          "start": {
            "line": 1,
            "column": 56
          },
          "end": {
            "line": 8,
            "column": 1
          }
        },
        "line": 1
      },
      "1": {
        "name": "(anonymous_1)",
        "decl": {
          "start": {
            "line": 9,
            "column": 39
          },
          "end": {
            "line": 9,
            "column": 40
          }
        },
        "loc": {
          "start": {
            "line": 9,
            "column": 54
          },
          "end": {
            "line": 14,
            "column": 1
          }
        },
        "line": 9
      },
      "2": {
        "name": "(anonymous_2)",
        "decl": {
          "start": {
            "line": 15,
            "column": 39
          },
          "end": {
            "line": 15,
            "column": 40
          }
        },
        "loc": {
          "start": {
            "line": 15,
            "column": 54
          },
          "end": {
            "line": 21,
            "column": 1
          }
        },
        "line": 15
      },
      "3": {
        "name": "(anonymous_3)",
        "decl": {
          "start": {
            "line": 22,
            "column": 42
          },
          "end": {
            "line": 22,
            "column": 43
          }
        },
        "loc": {
          "start": {
            "line": 22,
            "column": 60
          },
          "end": {
            "line": 29,
            "column": 1
          }
        },
        "line": 22
      }
    },
    "branchMap": {
      "0": {
        "loc": {
          "start": {
            "line": 8,
            "column": 3
          },
          "end": {
            "line": 8,
            "column": 18
          }
        },
        "type": "binary-expr",
        "locations": [
          {
            "start": {
              "line": 8,
              "column": 3
            },
            "end": {
              "line": 8,
              "column": 12
            }
          },
          {
            "start": {
              "line": 8,
              "column": 16
            },
            "end": {
              "line": 8,
              "column": 18
            }
          }
        ],
        "line": 8
      },
      "1": {
        "loc": {
          "start": {
            "line": 14,
            "column": 3
          },
          "end": {
            "line": 14,
            "column": 17
          }
        },
        "type": "binary-expr",
        "locations": [
          {
            "start": {
              "line": 14,
              "column": 3
            },
            "end": {
              "line": 14,
              "column": 11
            }
          },
          {
            "start": {
              "line": 14,
              "column": 15
            },
            "end": {
              "line": 14,
              "column": 17
            }
          }
        ],
        "line": 14
      },
      "2": {
        "loc": {
          "start": {
            "line": 21,
            "column": 3
          },
          "end": {
            "line": 21,
            "column": 17
          }
        },
        "type": "binary-expr",
        "locations": [
          {
            "start": {
              "line": 21,
              "column": 3
            },
            "end": {
              "line": 21,
              "column": 11
            }
          },
          {
            "start": {
              "line": 21,
              "column": 15
            },
            "end": {
              "line": 21,
              "column": 17
            }
          }
        ],
        "line": 21
      },
      "3": {
        "loc": {
          "start": {
            "line": 29,
            "column": 3
          },
          "end": {
            "line": 29,
            "column": 20
          }
        },
        "type": "binary-expr",
        "locations": [
          {
            "start": {
              "line": 29,
              "column": 3
            },
            "end": {
              "line": 29,
              "column": 14
            }
          },
          {
            "start": {
              "line": 29,
              "column": 18
            },
            "end": {
              "line": 29,
              "column": 20
            }
          }
        ],
        "line": 29
      }
    },
    "s": {
      "0": 2,
      "1": 2,
      "2": 2,
      "3": 2,
      "4": 2,
      "5": 2,
      "6": 2,
      "7": 2,
      "8": 2,
      "9": 2,
      "10": 2,
      "11": 2,
      "12": 2,
      "13": 2,
      "14": 2,
      "15": 2,
      "16": 2,
      "17": 2,
      "18": 2,
      "19": 2,
      "20": 2,
      "21": 2,
      "22": 2,
      "23": 2,
      "24": 2,
      "25": 2
    },
    "f": {
      "0": 2,
      "1": 2,
      "2": 2,
      "3": 2
    },
    "b": {
      "0": [
        2,
        2
      ],
      "1": [
        2,
        2
      ],
      "2": [
        2,
        2
      ],
      "3": [
        2,
        2
      ]
    },
    "inputSourceMap": {
      "version": 3,
      "sources": [
        "C:/rs-school/react/rss-react/src/interfaces.ts"
      ],
      "mappings": "AAsBO,WAAK,YAAL,kBAAKA,eAAL;AACL,EAAAA,WAAA,cAAW;AACX,EAAAA,WAAA,gBAAa;AACb,EAAAA,WAAA,gBAAa;AACb,EAAAA,WAAA,aAAU;AACV,EAAAA,WAAA,YAAS;AALC,SAAAA;AAAA,GAAA;AAQL,WAAK,WAAL,kBAAKC,cAAL;AACL,EAAAA,UAAA,UAAO;AACP,EAAAA,UAAA,WAAQ;AACR,EAAAA,UAAA,WAAQ;AAHE,SAAAA;AAAA,GAAA;AAML,WAAK,WAAL,kBAAKC,cAAL;AACL,EAAAA,UAAA,UAAO;AACP,EAAAA,UAAA,WAAQ;AACR,EAAAA,UAAA,WAAQ;AACR,EAAAA,UAAA,cAAW;AAJD,SAAAA;AAAA,GAAA;AAOL,WAAK,cAAL,kBAAKC,iBAAL;AACL,EAAAA,aAAA,aAAU;AACV,EAAAA,aAAA,aAAU;AACV,EAAAA,aAAA,kBAAe;AACf,EAAAA,aAAA,oBAAiB;AACjB,EAAAA,aAAA,cAAW;AALD,SAAAA;AAAA,GAAA;AAiCL,aAAM,iBAAwB;AAAA,EACnC,OAAO;AAAA,EACP,MAAM;AAAA,EACN,OAAO;AAAA,EACP,OAAO;AAAA,EACP,QAAQ;AAAA,EACR,OAAO;AACT;",
      "names": [
        "apiParams",
        "pagePath",
        "namePage",
        "radioButton"
      ]
    },
    "_coverageSchema": "1a1c01bbd47fc00a2c39e90264f33305004495a9",
    "hash": "e52c852fc2d6f257afa381f5215c59f7fe7e27a2"
  },
  "C:/rs-school/react/rss-react/src/store/hooks.ts": {
    "path": "C:/rs-school/react/rss-react/src/store/hooks.ts",
    "statementMap": {
      "0": {
        "start": {
          "line": 2,
          "column": 30
        },
        "end": {
          "line": 2,
          "column": 49
        }
      },
      "1": {
        "start": {
          "line": 2,
          "column": 36
        },
        "end": {
          "line": 2,
          "column": 49
        }
      },
      "2": {
        "start": {
          "line": 3,
          "column": 30
        },
        "end": {
          "line": 3,
          "column": 41
        }
      }
    },
    "fnMap": {
      "0": {
        "name": "(anonymous_0)",
        "decl": {
          "start": {
            "line": 2,
            "column": 30
          },
          "end": {
            "line": 2,
            "column": 31
          }
        },
        "loc": {
          "start": {
            "line": 2,
            "column": 36
          },
          "end": {
            "line": 2,
            "column": 49
          }
        },
        "line": 2
      }
    },
    "branchMap": {},
    "s": {
      "0": 2,
      "1": 28,
      "2": 2
    },
    "f": {
      "0": 28
    },
    "b": {},
    "inputSourceMap": {
      "version": 3,
      "sources": [
        "C:/rs-school/react/rss-react/src/store/hooks.ts"
      ],
      "mappings": "AAAA,SAAS,aAAa,mBAAyC;AAGxD,aAAM,iBAAiB,MAAM,YAAyB;AACtD,aAAM,iBAAkD;",
      "names": []
    },
    "_coverageSchema": "1a1c01bbd47fc00a2c39e90264f33305004495a9",
    "hash": "7867e54400fdb898ee6042bc8e4183a3b7a3d9b2"
  },
  "C:/rs-school/react/rss-react/src/store/activePageSlice.ts": {
    "path": "C:/rs-school/react/rss-react/src/store/activePageSlice.ts",
    "statementMap": {
      "0": {
        "start": {
          "line": 3,
          "column": 21
        },
        "end": {
          "line": 5,
          "column": 1
        }
      },
      "1": {
        "start": {
          "line": 6,
          "column": 24
        },
        "end": {
          "line": 14,
          "column": 2
        }
      },
      "2": {
        "start": {
          "line": 11,
          "column": 6
        },
        "end": {
          "line": 11,
          "column": 40
        }
      },
      "3": {
        "start": {
          "line": 15,
          "column": 33
        },
        "end": {
          "line": 15,
          "column": 56
        }
      }
    },
    "fnMap": {
      "0": {
        "name": "(anonymous_0)",
        "decl": {
          "start": {
            "line": 10,
            "column": 4
          },
          "end": {
            "line": 10,
            "column": 5
          }
        },
        "loc": {
          "start": {
            "line": 10,
            "column": 33
          },
          "end": {
            "line": 12,
            "column": 5
          }
        },
        "line": 10
      }
    },
    "branchMap": {},
    "s": {
      "0": 2,
      "1": 2,
      "2": 0,
      "3": 2
    },
    "f": {
      "0": 0
    },
    "b": {},
    "inputSourceMap": {
      "version": 3,
      "sources": [
        "C:/rs-school/react/rss-react/src/store/activePageSlice.ts"
      ],
      "mappings": "AAAA,SAAS,mBAAkC;AAC3C,SAAS,gBAAgB;AAMzB,MAAM,eAA2B;AAAA,EAC/B,YAAY,SAAS;AACvB;AAEA,MAAM,kBAAkB,YAAY;AAAA,EAClC,MAAM;AAAA,EACN;AAAA,EACA,UAAU;AAAA,IACR,cAAc,OAAO,QAA+B;AAClD,YAAM,aAAa,OAAO;AAAA,IAC5B;AAAA,EACF;AACF,CAAC;AAEM,aAAM,EAAE,cAAc,IAAI,gBAAgB;AAEjD,eAAe,gBAAgB;",
      "names": []
    },
    "_coverageSchema": "1a1c01bbd47fc00a2c39e90264f33305004495a9",
    "hash": "3135d68e48555cdb09839f38fe79f22e941afe7c"
  },
  "C:/rs-school/react/rss-react/src/components/Header/Header.tsx": {
    "path": "C:/rs-school/react/rss-react/src/components/Header/Header.tsx",
    "statementMap": {
      "0": {
        "start": {
          "line": 5,
          "column": 0
        },
        "end": {
          "line": 15,
          "column": 1
        }
      },
      "1": {
        "start": {
          "line": 6,
          "column": 2
        },
        "end": {
          "line": 8,
          "column": 3
        }
      },
      "2": {
        "start": {
          "line": 7,
          "column": 4
        },
        "end": {
          "line": 7,
          "column": 165
        }
      },
      "3": {
        "start": {
          "line": 9,
          "column": 2
        },
        "end": {
          "line": 9,
          "column": 39
        }
      },
      "4": {
        "start": {
          "line": 10,
          "column": 2
        },
        "end": {
          "line": 10,
          "column": 39
        }
      },
      "5": {
        "start": {
          "line": 11,
          "column": 2
        },
        "end": {
          "line": 13,
          "column": 4
        }
      },
      "6": {
        "start": {
          "line": 12,
          "column": 4
        },
        "end": {
          "line": 12,
          "column": 105
        }
      },
      "7": {
        "start": {
          "line": 14,
          "column": 2
        },
        "end": {
          "line": 14,
          "column": 75
        }
      },
      "8": {
        "start": {
          "line": 16,
          "column": 9
        },
        "end": {
          "line": 16,
          "column": 23
        }
      },
      "9": {
        "start": {
          "line": 21,
          "column": 23
        },
        "end": {
          "line": 21,
          "column": 70
        }
      },
      "10": {
        "start": {
          "line": 22,
          "column": 19
        },
        "end": {
          "line": 31,
          "column": 2
        }
      },
      "11": {
        "start": {
          "line": 33,
          "column": 2
        },
        "end": {
          "line": 33,
          "column": 7
        }
      },
      "12": {
        "start": {
          "line": 34,
          "column": 21
        },
        "end": {
          "line": 34,
          "column": 75
        }
      },
      "13": {
        "start": {
          "line": 34,
          "column": 47
        },
        "end": {
          "line": 34,
          "column": 74
        }
      },
      "14": {
        "start": {
          "line": 35,
          "column": 19
        },
        "end": {
          "line": 35,
          "column": 35
        }
      },
      "15": {
        "start": {
          "line": 36,
          "column": 20
        },
        "end": {
          "line": 38,
          "column": 3
        }
      },
      "16": {
        "start": {
          "line": 37,
          "column": 4
        },
        "end": {
          "line": 37,
          "column": 34
        }
      },
      "17": {
        "start": {
          "line": 39,
          "column": 19
        },
        "end": {
          "line": 45,
          "column": 3
        }
      },
      "18": {
        "start": {
          "line": 40,
          "column": 17
        },
        "end": {
          "line": 40,
          "column": 27
        }
      },
      "19": {
        "start": {
          "line": 41,
          "column": 24
        },
        "end": {
          "line": 41,
          "column": 69
        }
      },
      "20": {
        "start": {
          "line": 41,
          "column": 50
        },
        "end": {
          "line": 41,
          "column": 68
        }
      },
      "21": {
        "start": {
          "line": 42,
          "column": 4
        },
        "end": {
          "line": 44,
          "column": 5
        }
      },
      "22": {
        "start": {
          "line": 43,
          "column": 6
        },
        "end": {
          "line": 43,
          "column": 100
        }
      },
      "23": {
        "start": {
          "line": 43,
          "column": 49
        },
        "end": {
          "line": 43,
          "column": 59
        }
      },
      "24": {
        "start": {
          "line": 46,
          "column": 2
        },
        "end": {
          "line": 68,
          "column": 11
        }
      },
      "25": {
        "start": {
          "line": 55,
          "column": 87
        },
        "end": {
          "line": 59,
          "column": 12
        }
      },
      "26": {
        "start": {
          "line": 55,
          "column": 159
        },
        "end": {
          "line": 55,
          "column": 179
        }
      },
      "27": {
        "start": {
          "line": 70,
          "column": 0
        },
        "end": {
          "line": 72,
          "column": 3
        }
      },
      "28": {
        "start": {
          "line": 71,
          "column": 2
        },
        "end": {
          "line": 71,
          "column": 42
        }
      },
      "29": {
        "start": {
          "line": 73,
          "column": 0
        },
        "end": {
          "line": 73,
          "column": 12
        }
      },
      "30": {
        "start": {
          "line": 76,
          "column": 0
        },
        "end": {
          "line": 76,
          "column": 27
        }
      },
      "31": {
        "start": {
          "line": 77,
          "column": 0
        },
        "end": {
          "line": 93,
          "column": 1
        }
      },
      "32": {
        "start": {
          "line": 78,
          "column": 2
        },
        "end": {
          "line": 78,
          "column": 39
        }
      },
      "33": {
        "start": {
          "line": 79,
          "column": 2
        },
        "end": {
          "line": 79,
          "column": 39
        }
      },
      "34": {
        "start": {
          "line": 80,
          "column": 2
        },
        "end": {
          "line": 92,
          "column": 5
        }
      },
      "35": {
        "start": {
          "line": 84,
          "column": 4
        },
        "end": {
          "line": 84,
          "column": 131
        }
      },
      "36": {
        "start": {
          "line": 85,
          "column": 4
        },
        "end": {
          "line": 91,
          "column": 7
        }
      },
      "37": {
        "start": {
          "line": 86,
          "column": 6
        },
        "end": {
          "line": 87,
          "column": 15
        }
      },
      "38": {
        "start": {
          "line": 87,
          "column": 8
        },
        "end": {
          "line": 87,
          "column": 15
        }
      },
      "39": {
        "start": {
          "line": 88,
          "column": 32
        },
        "end": {
          "line": 88,
          "column": 115
        }
      },
      "40": {
        "start": {
          "line": 89,
          "column": 6
        },
        "end": {
          "line": 90,
          "column": 54
        }
      },
      "41": {
        "start": {
          "line": 90,
          "column": 8
        },
        "end": {
          "line": 90,
          "column": 54
        }
      }
    },
    "fnMap": {
      "0": {
        "name": "(anonymous_0)",
        "decl": {
          "start": {
            "line": 11,
            "column": 24
          },
          "end": {
            "line": 11,
            "column": 25
          }
        },
        "loc": {
          "start": {
            "line": 11,
            "column": 38
          },
          "end": {
            "line": 13,
            "column": 3
          }
        },
        "line": 11
      },
      "1": {
        "name": "Header",
        "decl": {
          "start": {
            "line": 32,
            "column": 9
          },
          "end": {
            "line": 32,
            "column": 15
          }
        },
        "loc": {
          "start": {
            "line": 32,
            "column": 23
          },
          "end": {
            "line": 69,
            "column": 1
          }
        },
        "line": 32
      },
      "2": {
        "name": "(anonymous_2)",
        "decl": {
          "start": {
            "line": 34,
            "column": 36
          },
          "end": {
            "line": 34,
            "column": 37
          }
        },
        "loc": {
          "start": {
            "line": 34,
            "column": 47
          },
          "end": {
            "line": 34,
            "column": 74
          }
        },
        "line": 34
      },
      "3": {
        "name": "(anonymous_3)",
        "decl": {
          "start": {
            "line": 36,
            "column": 20
          },
          "end": {
            "line": 36,
            "column": 21
          }
        },
        "loc": {
          "start": {
            "line": 36,
            "column": 30
          },
          "end": {
            "line": 38,
            "column": 3
          }
        },
        "line": 36
      },
      "4": {
        "name": "(anonymous_4)",
        "decl": {
          "start": {
            "line": 39,
            "column": 19
          },
          "end": {
            "line": 39,
            "column": 20
          }
        },
        "loc": {
          "start": {
            "line": 39,
            "column": 29
          },
          "end": {
            "line": 45,
            "column": 3
          }
        },
        "line": 39
      },
      "5": {
        "name": "(anonymous_5)",
        "decl": {
          "start": {
            "line": 41,
            "column": 40
          },
          "end": {
            "line": 41,
            "column": 41
          }
        },
        "loc": {
          "start": {
            "line": 41,
            "column": 50
          },
          "end": {
            "line": 41,
            "column": 68
          }
        },
        "line": 41
      },
      "6": {
        "name": "(anonymous_6)",
        "decl": {
          "start": {
            "line": 43,
            "column": 42
          },
          "end": {
            "line": 43,
            "column": 43
          }
        },
        "loc": {
          "start": {
            "line": 43,
            "column": 49
          },
          "end": {
            "line": 43,
            "column": 59
          }
        },
        "line": 43
      },
      "7": {
        "name": "(anonymous_7)",
        "decl": {
          "start": {
            "line": 55,
            "column": 61
          },
          "end": {
            "line": 55,
            "column": 62
          }
        },
        "loc": {
          "start": {
            "line": 55,
            "column": 87
          },
          "end": {
            "line": 59,
            "column": 12
          }
        },
        "line": 55
      },
      "8": {
        "name": "(anonymous_8)",
        "decl": {
          "start": {
            "line": 55,
            "column": 153
          },
          "end": {
            "line": 55,
            "column": 154
          }
        },
        "loc": {
          "start": {
            "line": 55,
            "column": 159
          },
          "end": {
            "line": 55,
            "column": 179
          }
        },
        "line": 55
      },
      "9": {
        "name": "(anonymous_9)",
        "decl": {
          "start": {
            "line": 70,
            "column": 50
          },
          "end": {
            "line": 70,
            "column": 51
          }
        },
        "loc": {
          "start": {
            "line": 70,
            "column": 61
          },
          "end": {
            "line": 72,
            "column": 1
          }
        },
        "line": 70
      },
      "10": {
        "name": "(anonymous_10)",
        "decl": {
          "start": {
            "line": 83,
            "column": 9
          },
          "end": {
            "line": 83,
            "column": 10
          }
        },
        "loc": {
          "start": {
            "line": 83,
            "column": 29
          },
          "end": {
            "line": 92,
            "column": 3
          }
        },
        "line": 83
      },
      "11": {
        "name": "(anonymous_11)",
        "decl": {
          "start": {
            "line": 85,
            "column": 27
          },
          "end": {
            "line": 85,
            "column": 28
          }
        },
        "loc": {
          "start": {
            "line": 85,
            "column": 44
          },
          "end": {
            "line": 91,
            "column": 5
          }
        },
        "line": 85
      }
    },
    "branchMap": {
      "0": {
        "loc": {
          "start": {
            "line": 5,
            "column": 0
          },
          "end": {
            "line": 15,
            "column": 1
          }
        },
        "type": "if",
        "locations": [
          {
            "start": {
              "line": 5,
              "column": 0
            },
            "end": {
              "line": 15,
              "column": 1
            }
          },
          {
            "start": {},
            "end": {}
          }
        ],
        "line": 5
      },
      "1": {
        "loc": {
          "start": {
            "line": 6,
            "column": 2
          },
          "end": {
            "line": 8,
            "column": 3
          }
        },
        "type": "if",
        "locations": [
          {
            "start": {
              "line": 6,
              "column": 2
            },
            "end": {
              "line": 8,
              "column": 3
            }
          },
          {
            "start": {},
            "end": {}
          }
        ],
        "line": 6
      },
      "2": {
        "loc": {
          "start": {
            "line": 42,
            "column": 4
          },
          "end": {
            "line": 44,
            "column": 5
          }
        },
        "type": "if",
        "locations": [
          {
            "start": {
              "line": 42,
              "column": 4
            },
            "end": {
              "line": 44,
              "column": 5
            }
          },
          {
            "start": {},
            "end": {}
          }
        ],
        "line": 42
      },
      "3": {
        "loc": {
          "start": {
            "line": 43,
            "column": 13
          },
          "end": {
            "line": 43,
            "column": 99
          }
        },
        "type": "cond-expr",
        "locations": [
          {
            "start": {
              "line": 43,
              "column": 63
            },
            "end": {
              "line": 43,
              "column": 80
            }
          },
          {
            "start": {
              "line": 43,
              "column": 83
            },
            "end": {
              "line": 43,
              "column": 99
            }
          }
        ],
        "line": 43
      },
      "4": {
        "loc": {
          "start": {
            "line": 43,
            "column": 13
          },
          "end": {
            "line": 43,
            "column": 60
          }
        },
        "type": "binary-expr",
        "locations": [
          {
            "start": {
              "line": 43,
              "column": 13
            },
            "end": {
              "line": 43,
              "column": 17
            }
          },
          {
            "start": {
              "line": 43,
              "column": 21
            },
            "end": {
              "line": 43,
              "column": 60
            }
          }
        ],
        "line": 43
      },
      "5": {
        "loc": {
          "start": {
            "line": 77,
            "column": 0
          },
          "end": {
            "line": 93,
            "column": 1
          }
        },
        "type": "if",
        "locations": [
          {
            "start": {
              "line": 77,
              "column": 0
            },
            "end": {
              "line": 93,
              "column": 1
            }
          },
          {
            "start": {},
            "end": {}
          }
        ],
        "line": 77
      },
      "6": {
        "loc": {
          "start": {
            "line": 86,
            "column": 6
          },
          "end": {
            "line": 87,
            "column": 15
          }
        },
        "type": "if",
        "locations": [
          {
            "start": {
              "line": 86,
              "column": 6
            },
            "end": {
              "line": 87,
              "column": 15
            }
          },
          {
            "start": {},
            "end": {}
          }
        ],
        "line": 86
      },
      "7": {
        "loc": {
          "start": {
            "line": 89,
            "column": 6
          },
          "end": {
            "line": 90,
            "column": 54
          }
        },
        "type": "if",
        "locations": [
          {
            "start": {
              "line": 89,
              "column": 6
            },
            "end": {
              "line": 90,
              "column": 54
            }
          },
          {
            "start": {},
            "end": {}
          }
        ],
        "line": 89
      }
    },
    "s": {
      "0": 2,
      "1": 2,
      "2": 0,
      "3": 2,
      "4": 2,
      "5": 2,
      "6": 2,
      "7": 2,
      "8": 2,
      "9": 2,
      "10": 2,
      "11": 8,
      "12": 8,
      "13": 30,
      "14": 8,
      "15": 8,
      "16": 0,
      "17": 8,
      "18": 8,
      "19": 8,
      "20": 8,
      "21": 8,
      "22": 8,
      "23": 12,
      "24": 8,
      "25": 24,
      "26": 0,
      "27": 2,
      "28": 2,
      "29": 2,
      "30": 2,
      "31": 2,
      "32": 2,
      "33": 2,
      "34": 2,
      "35": 2,
      "36": 2,
      "37": 0,
      "38": 0,
      "39": 0,
      "40": 0,
      "41": 0
    },
    "f": {
      "0": 2,
      "1": 8,
      "2": 30,
      "3": 0,
      "4": 8,
      "5": 8,
      "6": 12,
      "7": 24,
      "8": 0,
      "9": 2,
      "10": 2,
      "11": 0
    },
    "b": {
      "0": [
        2,
        0
      ],
      "1": [
        0,
        2
      ],
      "2": [
        8,
        0
      ],
      "3": [
        4,
        4
      ],
      "4": [
        8,
        4
      ],
      "5": [
        2,
        0
      ],
      "6": [
        0,
        0
      ],
      "7": [
        0,
        0
      ]
    },
    "inputSourceMap": {
      "version": 3,
      "mappings": "AA+BM;;;;;;;;;;;;;;;;AA/BN,OAAOA,kBAAkB;AACzB,SAASC,UAAUC,gBAAgB;AACnC,SAASC,gBAAgBC,sBAAsB;AAC/C,SAASC,qBAAqB;AAE9B,MAAMC,iBAAiB,CAACL,SAASM,MAAMN,SAASO,OAAOP,SAASQ,KAAK;AACrE,MAAMC,aAAa,CACjB;AAAA,EAAEC,MAAMT,SAASK;AAAAA,EAAMK,MAAM;AAAI,GACjC;AAAA,EAAED,MAAMT,SAASM;AAAAA,EAAOI,MAAM;AAAS,GACvC;AAAA,EAAED,MAAMT,SAASO;AAAAA,EAAOG,MAAM;AAAS,CAAC;AAG1C,SAASC,OAAOC,OAAyB;AAAAC;AACvC,QAAMC,aAAaZ,eAAgBa,WAAUA,MAAMC,WAAWA,UAAU;AAExE,QAAMC,WAAWhB,eAAc;AAE/B,QAAMiB,YAAYA,CAACT,SAAiB;AAClCQ,aAASd,cAAcM,IAAI,CAAC;AAAA,EAC9B;AAEA,QAAMU,WAAWA,CAACV,SAAiB;AACjC,UAAMW,OAAOR,MAAMQ;AACnB,UAAMC,cAAcb,WAAWc,KAAMC,UAASA,KAAKd,SAASA,IAAI;AAChE,QAAIY,aAAaZ,MAAM;AACrB,aAAOW,QAAQhB,eAAeoB,MAAOC,OAAMA,MAAML,IAAI,IAAIpB,SAAS0B,WAAWL,YAAYZ;AAAAA,IAC3F;AAAA,EACF;AAEA,SACE,uBAAC,YACC;AAAA,2BAAC,QAAG;AAAA;AAAA,MAAYU,SAASL,UAAU;AAAA,SAAnC;AAAA;AAAA;AAAA;AAAA,WAAqC;AAAA,IACrC,uBAAC,SACEN,qBAAWmB,IAAKJ,UACf,uBAAC,gBAEC,MAAMA,KAAKd,MACX,MAAMc,KAAKb,MACX,SAAS,MAAMQ,UAAUK,KAAKd,IAAI,GAClC,cAJKc,KAAKd,MADZ;AAAA;AAAA;AAAA;AAAA,WAKyB,CAE1B,KATH;AAAA;AAAA;AAAA;AAAA,WAUA;AAAA,OAZF;AAAA;AAAA;AAAA;AAAA,SAaA;AAEJ;AAACI,GAjCQF,QAAM;AAAA,UACMT,gBAEFD,cAAc;AAAA;AAAA2B,KAHxBjB;AAmCT,eAAeA;AAAO;AAAAkB",
      "names": [
        "HeaderButtom",
        "pagePath",
        "namePage",
        "useAppDispatch",
        "useAppSelector",
        "setActivePage",
        "pagesPathArray",
        "home",
        "about",
        "forms",
        "pagesArray",
        "name",
        "link",
        "Header",
        "props",
        "_s",
        "activeMode",
        "state",
        "activePage",
        "dispatch",
        "addActive",
        "pageName",
        "path",
        "currentPage",
        "find",
        "item",
        "every",
        "i",
        "notFound",
        "map",
        "_c",
        "$RefreshReg$"
      ],
      "sources": [
        "C:/rs-school/react/rss-react/src/components/Header/Header.tsx"
      ],
      "file": "C:/rs-school/react/rss-react/src/components/Header/Header.tsx"
    },
    "_coverageSchema": "1a1c01bbd47fc00a2c39e90264f33305004495a9",
    "hash": "376218b93f8891d9d87f929cab6efa7b128d22b6"
  },
  "C:/rs-school/react/rss-react/src/store/searchValueSlice.ts": {
    "path": "C:/rs-school/react/rss-react/src/store/searchValueSlice.ts",
    "statementMap": {
      "0": {
        "start": {
          "line": 2,
          "column": 21
        },
        "end": {
          "line": 4,
          "column": 1
        }
      },
      "1": {
        "start": {
          "line": 5,
          "column": 25
        },
        "end": {
          "line": 13,
          "column": 2
        }
      },
      "2": {
        "start": {
          "line": 10,
          "column": 6
        },
        "end": {
          "line": 10,
          "column": 41
        }
      },
      "3": {
        "start": {
          "line": 14,
          "column": 34
        },
        "end": {
          "line": 14,
          "column": 58
        }
      }
    },
    "fnMap": {
      "0": {
        "name": "(anonymous_0)",
        "decl": {
          "start": {
            "line": 9,
            "column": 4
          },
          "end": {
            "line": 9,
            "column": 5
          }
        },
        "loc": {
          "start": {
            "line": 9,
            "column": 34
          },
          "end": {
            "line": 11,
            "column": 5
          }
        },
        "line": 9
      }
    },
    "branchMap": {},
    "s": {
      "0": 2,
      "1": 2,
      "2": 0,
      "3": 2
    },
    "f": {
      "0": 0
    },
    "b": {},
    "inputSourceMap": {
      "version": 3,
      "sources": [
        "C:/rs-school/react/rss-react/src/store/searchValueSlice.ts"
      ],
      "mappings": "AAAA,SAAS,mBAAkC;AAM3C,MAAM,eAA4B;AAAA,EAChC,aAAa;AACf;AAEA,MAAM,mBAAmB,YAAY;AAAA,EACnC,MAAM;AAAA,EACN;AAAA,EACA,UAAU;AAAA,IACR,eAAe,OAAO,QAA+B;AACnD,YAAM,cAAc,OAAO;AAAA,IAC7B;AAAA,EACF;AACF,CAAC;AAEM,aAAM,EAAE,eAAe,IAAI,iBAAiB;AAEnD,eAAe,iBAAiB;",
      "names": []
    },
    "_coverageSchema": "1a1c01bbd47fc00a2c39e90264f33305004495a9",
    "hash": "b4090b77271f05710c21160662f2e2cbeaf4d273"
  },
  "C:/rs-school/react/rss-react/src/store/searchQuerySlice.ts": {
    "path": "C:/rs-school/react/rss-react/src/store/searchQuerySlice.ts",
    "statementMap": {
      "0": {
        "start": {
          "line": 2,
          "column": 21
        },
        "end": {
          "line": 4,
          "column": 1
        }
      },
      "1": {
        "start": {
          "line": 5,
          "column": 25
        },
        "end": {
          "line": 13,
          "column": 2
        }
      },
      "2": {
        "start": {
          "line": 10,
          "column": 6
        },
        "end": {
          "line": 10,
          "column": 41
        }
      },
      "3": {
        "start": {
          "line": 14,
          "column": 34
        },
        "end": {
          "line": 14,
          "column": 58
        }
      }
    },
    "fnMap": {
      "0": {
        "name": "(anonymous_0)",
        "decl": {
          "start": {
            "line": 9,
            "column": 4
          },
          "end": {
            "line": 9,
            "column": 5
          }
        },
        "loc": {
          "start": {
            "line": 9,
            "column": 34
          },
          "end": {
            "line": 11,
            "column": 5
          }
        },
        "line": 9
      }
    },
    "branchMap": {},
    "s": {
      "0": 2,
      "1": 2,
      "2": 4,
      "3": 2
    },
    "f": {
      "0": 4
    },
    "b": {},
    "inputSourceMap": {
      "version": 3,
      "sources": [
        "C:/rs-school/react/rss-react/src/store/searchQuerySlice.ts"
      ],
      "mappings": "AAAA,SAAS,mBAAkC;AAM3C,MAAM,eAA4B;AAAA,EAChC,aAAa;AACf;AAEA,MAAM,mBAAmB,YAAY;AAAA,EACnC,MAAM;AAAA,EACN;AAAA,EACA,UAAU;AAAA,IACR,eAAe,OAAO,QAA+B;AACnD,YAAM,cAAc,OAAO;AAAA,IAC7B;AAAA,EACF;AACF,CAAC;AAEM,aAAM,EAAE,eAAe,IAAI,iBAAiB;AAEnD,eAAe,iBAAiB;",
      "names": []
    },
    "_coverageSchema": "1a1c01bbd47fc00a2c39e90264f33305004495a9",
    "hash": "16ba57cffd25cab381520a2d95e3128013c88b99"
  },
  "C:/rs-school/react/rss-react/src/components/UI/SearchBar/SearchBar.tsx": {
    "path": "C:/rs-school/react/rss-react/src/components/UI/SearchBar/SearchBar.tsx",
    "statementMap": {
      "0": {
        "start": {
          "line": 5,
          "column": 0
        },
        "end": {
          "line": 15,
          "column": 1
        }
      },
      "1": {
        "start": {
          "line": 6,
          "column": 2
        },
        "end": {
          "line": 8,
          "column": 3
        }
      },
      "2": {
        "start": {
          "line": 7,
          "column": 4
        },
        "end": {
          "line": 7,
          "column": 165
        }
      },
      "3": {
        "start": {
          "line": 9,
          "column": 2
        },
        "end": {
          "line": 9,
          "column": 39
        }
      },
      "4": {
        "start": {
          "line": 10,
          "column": 2
        },
        "end": {
          "line": 10,
          "column": 39
        }
      },
      "5": {
        "start": {
          "line": 11,
          "column": 2
        },
        "end": {
          "line": 13,
          "column": 4
        }
      },
      "6": {
        "start": {
          "line": 12,
          "column": 4
        },
        "end": {
          "line": 12,
          "column": 114
        }
      },
      "7": {
        "start": {
          "line": 14,
          "column": 2
        },
        "end": {
          "line": 14,
          "column": 75
        }
      },
      "8": {
        "start": {
          "line": 16,
          "column": 9
        },
        "end": {
          "line": 16,
          "column": 23
        }
      },
      "9": {
        "start": {
          "line": 23,
          "column": 2
        },
        "end": {
          "line": 23,
          "column": 7
        }
      },
      "10": {
        "start": {
          "line": 24,
          "column": 22
        },
        "end": {
          "line": 24,
          "column": 78
        }
      },
      "11": {
        "start": {
          "line": 24,
          "column": 48
        },
        "end": {
          "line": 24,
          "column": 77
        }
      },
      "12": {
        "start": {
          "line": 25,
          "column": 19
        },
        "end": {
          "line": 25,
          "column": 35
        }
      },
      "13": {
        "start": {
          "line": 26,
          "column": 24
        },
        "end": {
          "line": 30,
          "column": 3
        }
      },
      "14": {
        "start": {
          "line": 27,
          "column": 4
        },
        "end": {
          "line": 29,
          "column": 5
        }
      },
      "15": {
        "start": {
          "line": 28,
          "column": 6
        },
        "end": {
          "line": 28,
          "column": 54
        }
      },
      "16": {
        "start": {
          "line": 31,
          "column": 2
        },
        "end": {
          "line": 33,
          "column": 9
        }
      },
      "17": {
        "start": {
          "line": 32,
          "column": 4
        },
        "end": {
          "line": 32,
          "column": 42
        }
      },
      "18": {
        "start": {
          "line": 34,
          "column": 2
        },
        "end": {
          "line": 53,
          "column": 11
        }
      },
      "19": {
        "start": {
          "line": 40,
          "column": 124
        },
        "end": {
          "line": 40,
          "column": 171
        }
      },
      "20": {
        "start": {
          "line": 40,
          "column": 191
        },
        "end": {
          "line": 40,
          "column": 207
        }
      },
      "21": {
        "start": {
          "line": 55,
          "column": 0
        },
        "end": {
          "line": 57,
          "column": 3
        }
      },
      "22": {
        "start": {
          "line": 56,
          "column": 2
        },
        "end": {
          "line": 56,
          "column": 42
        }
      },
      "23": {
        "start": {
          "line": 58,
          "column": 0
        },
        "end": {
          "line": 58,
          "column": 15
        }
      },
      "24": {
        "start": {
          "line": 61,
          "column": 0
        },
        "end": {
          "line": 61,
          "column": 30
        }
      },
      "25": {
        "start": {
          "line": 62,
          "column": 0
        },
        "end": {
          "line": 78,
          "column": 1
        }
      },
      "26": {
        "start": {
          "line": 63,
          "column": 2
        },
        "end": {
          "line": 63,
          "column": 39
        }
      },
      "27": {
        "start": {
          "line": 64,
          "column": 2
        },
        "end": {
          "line": 64,
          "column": 39
        }
      },
      "28": {
        "start": {
          "line": 65,
          "column": 2
        },
        "end": {
          "line": 77,
          "column": 5
        }
      },
      "29": {
        "start": {
          "line": 69,
          "column": 4
        },
        "end": {
          "line": 69,
          "column": 140
        }
      },
      "30": {
        "start": {
          "line": 70,
          "column": 4
        },
        "end": {
          "line": 76,
          "column": 7
        }
      },
      "31": {
        "start": {
          "line": 71,
          "column": 6
        },
        "end": {
          "line": 72,
          "column": 15
        }
      },
      "32": {
        "start": {
          "line": 72,
          "column": 8
        },
        "end": {
          "line": 72,
          "column": 15
        }
      },
      "33": {
        "start": {
          "line": 73,
          "column": 32
        },
        "end": {
          "line": 73,
          "column": 115
        }
      },
      "34": {
        "start": {
          "line": 74,
          "column": 6
        },
        "end": {
          "line": 75,
          "column": 54
        }
      },
      "35": {
        "start": {
          "line": 75,
          "column": 8
        },
        "end": {
          "line": 75,
          "column": 54
        }
      }
    },
    "fnMap": {
      "0": {
        "name": "(anonymous_0)",
        "decl": {
          "start": {
            "line": 11,
            "column": 24
          },
          "end": {
            "line": 11,
            "column": 25
          }
        },
        "loc": {
          "start": {
            "line": 11,
            "column": 38
          },
          "end": {
            "line": 13,
            "column": 3
          }
        },
        "line": 11
      },
      "1": {
        "name": "SearchBar",
        "decl": {
          "start": {
            "line": 22,
            "column": 9
          },
          "end": {
            "line": 22,
            "column": 18
          }
        },
        "loc": {
          "start": {
            "line": 22,
            "column": 21
          },
          "end": {
            "line": 54,
            "column": 1
          }
        },
        "line": 22
      },
      "2": {
        "name": "(anonymous_2)",
        "decl": {
          "start": {
            "line": 24,
            "column": 37
          },
          "end": {
            "line": 24,
            "column": 38
          }
        },
        "loc": {
          "start": {
            "line": 24,
            "column": 48
          },
          "end": {
            "line": 24,
            "column": 77
          }
        },
        "line": 24
      },
      "3": {
        "name": "(anonymous_3)",
        "decl": {
          "start": {
            "line": 26,
            "column": 24
          },
          "end": {
            "line": 26,
            "column": 25
          }
        },
        "loc": {
          "start": {
            "line": 26,
            "column": 31
          },
          "end": {
            "line": 30,
            "column": 3
          }
        },
        "line": 26
      },
      "4": {
        "name": "(anonymous_4)",
        "decl": {
          "start": {
            "line": 31,
            "column": 12
          },
          "end": {
            "line": 31,
            "column": 13
          }
        },
        "loc": {
          "start": {
            "line": 31,
            "column": 18
          },
          "end": {
            "line": 33,
            "column": 3
          }
        },
        "line": 31
      },
      "5": {
        "name": "(anonymous_5)",
        "decl": {
          "start": {
            "line": 40,
            "column": 117
          },
          "end": {
            "line": 40,
            "column": 118
          }
        },
        "loc": {
          "start": {
            "line": 40,
            "column": 124
          },
          "end": {
            "line": 40,
            "column": 171
          }
        },
        "line": 40
      },
      "6": {
        "name": "(anonymous_6)",
        "decl": {
          "start": {
            "line": 40,
            "column": 184
          },
          "end": {
            "line": 40,
            "column": 185
          }
        },
        "loc": {
          "start": {
            "line": 40,
            "column": 191
          },
          "end": {
            "line": 40,
            "column": 207
          }
        },
        "line": 40
      },
      "7": {
        "name": "(anonymous_7)",
        "decl": {
          "start": {
            "line": 55,
            "column": 53
          },
          "end": {
            "line": 55,
            "column": 54
          }
        },
        "loc": {
          "start": {
            "line": 55,
            "column": 64
          },
          "end": {
            "line": 57,
            "column": 1
          }
        },
        "line": 55
      },
      "8": {
        "name": "(anonymous_8)",
        "decl": {
          "start": {
            "line": 68,
            "column": 9
          },
          "end": {
            "line": 68,
            "column": 10
          }
        },
        "loc": {
          "start": {
            "line": 68,
            "column": 29
          },
          "end": {
            "line": 77,
            "column": 3
          }
        },
        "line": 68
      },
      "9": {
        "name": "(anonymous_9)",
        "decl": {
          "start": {
            "line": 70,
            "column": 27
          },
          "end": {
            "line": 70,
            "column": 28
          }
        },
        "loc": {
          "start": {
            "line": 70,
            "column": 44
          },
          "end": {
            "line": 76,
            "column": 5
          }
        },
        "line": 70
      }
    },
    "branchMap": {
      "0": {
        "loc": {
          "start": {
            "line": 5,
            "column": 0
          },
          "end": {
            "line": 15,
            "column": 1
          }
        },
        "type": "if",
        "locations": [
          {
            "start": {
              "line": 5,
              "column": 0
            },
            "end": {
              "line": 15,
              "column": 1
            }
          },
          {
            "start": {},
            "end": {}
          }
        ],
        "line": 5
      },
      "1": {
        "loc": {
          "start": {
            "line": 6,
            "column": 2
          },
          "end": {
            "line": 8,
            "column": 3
          }
        },
        "type": "if",
        "locations": [
          {
            "start": {
              "line": 6,
              "column": 2
            },
            "end": {
              "line": 8,
              "column": 3
            }
          },
          {
            "start": {},
            "end": {}
          }
        ],
        "line": 6
      },
      "2": {
        "loc": {
          "start": {
            "line": 27,
            "column": 4
          },
          "end": {
            "line": 29,
            "column": 5
          }
        },
        "type": "if",
        "locations": [
          {
            "start": {
              "line": 27,
              "column": 4
            },
            "end": {
              "line": 29,
              "column": 5
            }
          },
          {
            "start": {},
            "end": {}
          }
        ],
        "line": 27
      },
      "3": {
        "loc": {
          "start": {
            "line": 62,
            "column": 0
          },
          "end": {
            "line": 78,
            "column": 1
          }
        },
        "type": "if",
        "locations": [
          {
            "start": {
              "line": 62,
              "column": 0
            },
            "end": {
              "line": 78,
              "column": 1
            }
          },
          {
            "start": {},
            "end": {}
          }
        ],
        "line": 62
      },
      "4": {
        "loc": {
          "start": {
            "line": 71,
            "column": 6
          },
          "end": {
            "line": 72,
            "column": 15
          }
        },
        "type": "if",
        "locations": [
          {
            "start": {
              "line": 71,
              "column": 6
            },
            "end": {
              "line": 72,
              "column": 15
            }
          },
          {
            "start": {},
            "end": {}
          }
        ],
        "line": 71
      },
      "5": {
        "loc": {
          "start": {
            "line": 74,
            "column": 6
          },
          "end": {
            "line": 75,
            "column": 54
          }
        },
        "type": "if",
        "locations": [
          {
            "start": {
              "line": 74,
              "column": 6
            },
            "end": {
              "line": 75,
              "column": 54
            }
          },
          {
            "start": {},
            "end": {}
          }
        ],
        "line": 74
      }
    },
    "s": {
      "0": 2,
      "1": 2,
      "2": 0,
      "3": 2,
      "4": 2,
      "5": 2,
      "6": 2,
      "7": 2,
      "8": 2,
      "9": 8,
      "10": 8,
      "11": 30,
      "12": 8,
      "13": 8,
      "14": 0,
      "15": 0,
      "16": 8,
      "17": 4,
      "18": 8,
      "19": 0,
      "20": 0,
      "21": 2,
      "22": 2,
      "23": 2,
      "24": 2,
      "25": 2,
      "26": 2,
      "27": 2,
      "28": 2,
      "29": 2,
      "30": 2,
      "31": 0,
      "32": 0,
      "33": 0,
      "34": 0,
      "35": 0
    },
    "f": {
      "0": 2,
      "1": 8,
      "2": 30,
      "3": 0,
      "4": 4,
      "5": 0,
      "6": 0,
      "7": 2,
      "8": 2,
      "9": 0
    },
    "b": {
      "0": [
        2,
        0
      ],
      "1": [
        0,
        2
      ],
      "2": [
        0,
        0
      ],
      "3": [
        2,
        0
      ],
      "4": [
        0,
        0
      ],
      "5": [
        0,
        0
      ]
    },
    "inputSourceMap": {
      "version": 3,
      "mappings": "AAyBQ;;;;;;;;;;;;;;;;AAxBR,SAASA,iBAAiB;AAC1B,SAASC,kBAAkBC,iBAAiB;AAC5C,SAASC,gBAAgBC,sBAAsB;AAC/C,SAASC,sBAAsB;AAC/B,SAASC,sBAAsB;AAE/B,SAASC,YAAY;AAAAC;AACnB,QAAMC,cAAcL,eAAgBM,WAAUA,MAAMD,YAAYA,WAAW;AAE3E,QAAME,WAAWR,eAAc;AAE/B,QAAMS,gBAA+DC,OAAM;AACzE,QAAIA,EAAEC,QAAQ,SAAS;AACrBH,eAASL,eAAeO,EAAEE,cAAcC,KAAK,CAAC;AAAA,IAChD;AAAA,EACF;AAEAhB,YAAU,MAAM;AACdW,aAASL,eAAeG,WAAW,CAAC;AAAA,EACtC,GAAG,EAAE;AAEL,SACE,uBAAC,SAAI,WAAU,cACb,iCAAC,WACC;AAAA,2BAAC,eAAD;AAAA;AAAA;AAAA;AAAA,WAAU;AAAA,IACV,uBAAC,WACC,MAAK,QACL,aAAY,sBACZ,OAAOA,aACP,UAAWI,OAAMF,SAASN,eAAeQ,EAAEE,cAAcC,KAAK,CAAC,GAC/D,WAAYH,OAAMD,cAAcC,CAAC,KALnC;AAAA;AAAA;AAAA;AAAA,WAKqC;AAAA,OAPvC;AAAA;AAAA;AAAA;AAAA,SASA,KAVF;AAAA;AAAA;AAAA;AAAA,SAWA;AAEJ;AAACL,GA7BQD,WAAS;AAAA,UACIH,gBAEHD,cAAc;AAAA;AAAAc,KAHxBV;AA+BT,eAAeA;AAAU;AAAAW",
      "names": [
        "useEffect",
        "ReactComponent",
        "Magnifier",
        "useAppDispatch",
        "useAppSelector",
        "setSearchValue",
        "setSearchQuery",
        "SearchBar",
        "_s",
        "searchValue",
        "state",
        "dispatch",
        "handleKeyDown",
        "e",
        "key",
        "currentTarget",
        "value",
        "_c",
        "$RefreshReg$"
      ],
      "sources": [
        "C:/rs-school/react/rss-react/src/components/UI/SearchBar/SearchBar.tsx"
      ],
      "file": "C:/rs-school/react/rss-react/src/components/UI/SearchBar/SearchBar.tsx"
    },
    "_coverageSchema": "1a1c01bbd47fc00a2c39e90264f33305004495a9",
    "hash": "4129814de503a8ba79963a681e5e4bff698fcfb2"
  },
  "C:/rs-school/react/rss-react/src/utils/utils.tsx": {
    "path": "C:/rs-school/react/rss-react/src/utils/utils.tsx",
    "statementMap": {
      "0": {
        "start": {
          "line": 1,
          "column": 15
        },
        "end": {
          "line": 1,
          "column": 106
        }
      },
      "1": {
        "start": {
          "line": 3,
          "column": 2
        },
        "end": {
          "line": 9,
          "column": 3
        }
      },
      "2": {
        "start": {
          "line": 4,
          "column": 4
        },
        "end": {
          "line": 4,
          "column": 32
        }
      },
      "3": {
        "start": {
          "line": 5,
          "column": 9
        },
        "end": {
          "line": 9,
          "column": 3
        }
      },
      "4": {
        "start": {
          "line": 6,
          "column": 4
        },
        "end": {
          "line": 6,
          "column": 17
        }
      },
      "5": {
        "start": {
          "line": 8,
          "column": 4
        },
        "end": {
          "line": 8,
          "column": 18
        }
      },
      "6": {
        "start": {
          "line": 12,
          "column": 14
        },
        "end": {
          "line": 12,
          "column": 45
        }
      },
      "7": {
        "start": {
          "line": 12,
          "column": 35
        },
        "end": {
          "line": 12,
          "column": 44
        }
      },
      "8": {
        "start": {
          "line": 13,
          "column": 2
        },
        "end": {
          "line": 19,
          "column": 3
        }
      },
      "9": {
        "start": {
          "line": 14,
          "column": 4
        },
        "end": {
          "line": 14,
          "column": 34
        }
      },
      "10": {
        "start": {
          "line": 15,
          "column": 9
        },
        "end": {
          "line": 19,
          "column": 3
        }
      },
      "11": {
        "start": {
          "line": 16,
          "column": 4
        },
        "end": {
          "line": 16,
          "column": 23
        }
      },
      "12": {
        "start": {
          "line": 18,
          "column": 4
        },
        "end": {
          "line": 18,
          "column": 14
        }
      },
      "13": {
        "start": {
          "line": 22,
          "column": 13
        },
        "end": {
          "line": 22,
          "column": 37
        }
      },
      "14": {
        "start": {
          "line": 23,
          "column": 13
        },
        "end": {
          "line": 23,
          "column": 65
        }
      },
      "15": {
        "start": {
          "line": 24,
          "column": 2
        },
        "end": {
          "line": 24,
          "column": 25
        }
      },
      "16": {
        "start": {
          "line": 27,
          "column": 2
        },
        "end": {
          "line": 27,
          "column": 71
        }
      },
      "17": {
        "start": {
          "line": 30,
          "column": 2
        },
        "end": {
          "line": 38,
          "column": 3
        }
      },
      "18": {
        "start": {
          "line": 31,
          "column": 4
        },
        "end": {
          "line": 35,
          "column": 5
        }
      },
      "19": {
        "start": {
          "line": 32,
          "column": 6
        },
        "end": {
          "line": 32,
          "column": 43
        }
      },
      "20": {
        "start": {
          "line": 34,
          "column": 6
        },
        "end": {
          "line": 34,
          "column": 16
        }
      },
      "21": {
        "start": {
          "line": 37,
          "column": 4
        },
        "end": {
          "line": 37,
          "column": 14
        }
      }
    },
    "fnMap": {
      "0": {
        "name": "getImage",
        "decl": {
          "start": {
            "line": 2,
            "column": 16
          },
          "end": {
            "line": 2,
            "column": 24
          }
        },
        "loc": {
          "start": {
            "line": 2,
            "column": 41
          },
          "end": {
            "line": 10,
            "column": 1
          }
        },
        "line": 2
      },
      "1": {
        "name": "getGanres",
        "decl": {
          "start": {
            "line": 11,
            "column": 16
          },
          "end": {
            "line": 11,
            "column": 25
          }
        },
        "loc": {
          "start": {
            "line": 11,
            "column": 34
          },
          "end": {
            "line": 20,
            "column": 1
          }
        },
        "line": 11
      },
      "2": {
        "name": "(anonymous_2)",
        "decl": {
          "start": {
            "line": 12,
            "column": 25
          },
          "end": {
            "line": 12,
            "column": 26
          }
        },
        "loc": {
          "start": {
            "line": 12,
            "column": 35
          },
          "end": {
            "line": 12,
            "column": 44
          }
        },
        "line": 12
      },
      "3": {
        "name": "getRuntime",
        "decl": {
          "start": {
            "line": 21,
            "column": 16
          },
          "end": {
            "line": 21,
            "column": 26
          }
        },
        "loc": {
          "start": {
            "line": 21,
            "column": 36
          },
          "end": {
            "line": 25,
            "column": 1
          }
        },
        "line": 21
      },
      "4": {
        "name": "getMoney",
        "decl": {
          "start": {
            "line": 26,
            "column": 16
          },
          "end": {
            "line": 26,
            "column": 24
          }
        },
        "loc": {
          "start": {
            "line": 26,
            "column": 32
          },
          "end": {
            "line": 28,
            "column": 1
          }
        },
        "line": 26
      },
      "5": {
        "name": "getFormsImagePath",
        "decl": {
          "start": {
            "line": 29,
            "column": 16
          },
          "end": {
            "line": 29,
            "column": 33
          }
        },
        "loc": {
          "start": {
            "line": 29,
            "column": 41
          },
          "end": {
            "line": 39,
            "column": 1
          }
        },
        "line": 29
      }
    },
    "branchMap": {
      "0": {
        "loc": {
          "start": {
            "line": 3,
            "column": 2
          },
          "end": {
            "line": 9,
            "column": 3
          }
        },
        "type": "if",
        "locations": [
          {
            "start": {
              "line": 3,
              "column": 2
            },
            "end": {
              "line": 9,
              "column": 3
            }
          },
          {
            "start": {
              "line": 5,
              "column": 9
            },
            "end": {
              "line": 9,
              "column": 3
            }
          }
        ],
        "line": 3
      },
      "1": {
        "loc": {
          "start": {
            "line": 3,
            "column": 6
          },
          "end": {
            "line": 3,
            "column": 22
          }
        },
        "type": "binary-expr",
        "locations": [
          {
            "start": {
              "line": 3,
              "column": 6
            },
            "end": {
              "line": 3,
              "column": 13
            }
          },
          {
            "start": {
              "line": 3,
              "column": 17
            },
            "end": {
              "line": 3,
              "column": 22
            }
          }
        ],
        "line": 3
      },
      "2": {
        "loc": {
          "start": {
            "line": 5,
            "column": 9
          },
          "end": {
            "line": 9,
            "column": 3
          }
        },
        "type": "if",
        "locations": [
          {
            "start": {
              "line": 5,
              "column": 9
            },
            "end": {
              "line": 9,
              "column": 3
            }
          },
          {
            "start": {
              "line": 7,
              "column": 9
            },
            "end": {
              "line": 9,
              "column": 3
            }
          }
        ],
        "line": 5
      },
      "3": {
        "loc": {
          "start": {
            "line": 5,
            "column": 13
          },
          "end": {
            "line": 5,
            "column": 30
          }
        },
        "type": "binary-expr",
        "locations": [
          {
            "start": {
              "line": 5,
              "column": 13
            },
            "end": {
              "line": 5,
              "column": 21
            }
          },
          {
            "start": {
              "line": 5,
              "column": 25
            },
            "end": {
              "line": 5,
              "column": 30
            }
          }
        ],
        "line": 5
      },
      "4": {
        "loc": {
          "start": {
            "line": 13,
            "column": 2
          },
          "end": {
            "line": 19,
            "column": 3
          }
        },
        "type": "if",
        "locations": [
          {
            "start": {
              "line": 13,
              "column": 2
            },
            "end": {
              "line": 19,
              "column": 3
            }
          },
          {
            "start": {
              "line": 15,
              "column": 9
            },
            "end": {
              "line": 19,
              "column": 3
            }
          }
        ],
        "line": 13
      },
      "5": {
        "loc": {
          "start": {
            "line": 15,
            "column": 9
          },
          "end": {
            "line": 19,
            "column": 3
          }
        },
        "type": "if",
        "locations": [
          {
            "start": {
              "line": 15,
              "column": 9
            },
            "end": {
              "line": 19,
              "column": 3
            }
          },
          {
            "start": {
              "line": 17,
              "column": 9
            },
            "end": {
              "line": 19,
              "column": 3
            }
          }
        ],
        "line": 15
      },
      "6": {
        "loc": {
          "start": {
            "line": 23,
            "column": 13
          },
          "end": {
            "line": 23,
            "column": 65
          }
        },
        "type": "cond-expr",
        "locations": [
          {
            "start": {
              "line": 23,
              "column": 32
            },
            "end": {
              "line": 23,
              "column": 44
            }
          },
          {
            "start": {
              "line": 23,
              "column": 47
            },
            "end": {
              "line": 23,
              "column": 65
            }
          }
        ],
        "line": 23
      },
      "7": {
        "loc": {
          "start": {
            "line": 30,
            "column": 2
          },
          "end": {
            "line": 38,
            "column": 3
          }
        },
        "type": "if",
        "locations": [
          {
            "start": {
              "line": 30,
              "column": 2
            },
            "end": {
              "line": 38,
              "column": 3
            }
          },
          {
            "start": {
              "line": 36,
              "column": 9
            },
            "end": {
              "line": 38,
              "column": 3
            }
          }
        ],
        "line": 30
      },
      "8": {
        "loc": {
          "start": {
            "line": 31,
            "column": 4
          },
          "end": {
            "line": 35,
            "column": 5
          }
        },
        "type": "if",
        "locations": [
          {
            "start": {
              "line": 31,
              "column": 4
            },
            "end": {
              "line": 35,
[...]
        }
      },
      "5": {
        "start": {
          "line": 11,
          "column": 2
        },
        "end": {
          "line": 13,
          "column": 4
        }
      },
      "6": {
        "start": {
          "line": 12,
          "column": 4
        },
        "end": {
          "line": 12,
          "column": 84
        }
      },
      "7": {
        "start": {
          "line": 14,
          "column": 2
        },
        "end": {
          "line": 14,
          "column": 75
        }
      },
      "8": {
        "start": {
          "line": 16,
          "column": 9
        },
        "end": {
          "line": 16,
          "column": 23
        }
      },
      "9": {
        "start": {
          "line": 26,
          "column": 2
        },
        "end": {
          "line": 26,
          "column": 7
        }
      },
      "10": {
        "start": {
          "line": 27,
          "column": 22
        },
        "end": {
          "line": 27,
          "column": 78
        }
      },
      "11": {
        "start": {
          "line": 27,
          "column": 48
        },
        "end": {
          "line": 27,
          "column": 77
        }
      },
      "12": {
        "start": {
          "line": 28,
          "column": 19
        },
        "end": {
          "line": 28,
          "column": 35
        }
      },
      "13": {
        "start": {
          "line": 29,
          "column": 18
        },
        "end": {
          "line": 31,
          "column": 3
        }
      },
      "14": {
        "start": {
          "line": 30,
          "column": 4
        },
        "end": {
          "line": 30,
          "column": 44
        }
      },
      "15": {
        "start": {
          "line": 32,
          "column": 2
        },
        "end": {
          "line": 84,
          "column": 11
        }
      },
      "16": {
        "start": {
          "line": 39,
          "column": 104
        },
        "end": {
          "line": 39,
          "column": 113
        }
      },
      "17": {
        "start": {
          "line": 48,
          "column": 112
        },
        "end": {
          "line": 48,
          "column": 121
        }
      },
      "18": {
        "start": {
          "line": 57,
          "column": 110
        },
        "end": {
          "line": 57,
          "column": 119
        }
      },
      "19": {
        "start": {
          "line": 66,
          "column": 108
        },
        "end": {
          "line": 66,
          "column": 117
        }
      },
      "20": {
        "start": {
          "line": 86,
          "column": 0
        },
        "end": {
          "line": 88,
          "column": 3
        }
      },
      "21": {
        "start": {
          "line": 87,
          "column": 2
        },
        "end": {
          "line": 87,
          "column": 42
        }
      },
      "22": {
        "start": {
          "line": 89,
          "column": 0
        },
        "end": {
          "line": 89,
          "column": 9
        }
      },
      "23": {
        "start": {
          "line": 91,
          "column": 2
        },
        "end": {
          "line": 99,
          "column": 11
        }
      },
      "24": {
        "start": {
          "line": 101,
          "column": 0
        },
        "end": {
          "line": 101,
          "column": 17
        }
      },
      "25": {
        "start": {
          "line": 103,
          "column": 0
        },
        "end": {
          "line": 103,
          "column": 24
        }
      },
      "26": {
        "start": {
          "line": 104,
          "column": 0
        },
        "end": {
          "line": 104,
          "column": 32
        }
      },
      "27": {
        "start": {
          "line": 105,
          "column": 0
        },
        "end": {
          "line": 121,
          "column": 1
        }
      },
      "28": {
        "start": {
          "line": 106,
          "column": 2
        },
        "end": {
          "line": 106,
          "column": 39
        }
      },
      "29": {
        "start": {
          "line": 107,
          "column": 2
        },
        "end": {
          "line": 107,
          "column": 39
        }
      },
      "30": {
        "start": {
          "line": 108,
          "column": 2
        },
        "end": {
          "line": 120,
          "column": 5
        }
      },
      "31": {
        "start": {
          "line": 112,
          "column": 4
        },
        "end": {
          "line": 112,
          "column": 110
        }
      },
      "32": {
        "start": {
          "line": 113,
          "column": 4
        },
        "end": {
          "line": 119,
          "column": 7
        }
      },
      "33": {
        "start": {
          "line": 114,
          "column": 6
        },
        "end": {
          "line": 115,
          "column": 15
        }
      },
      "34": {
        "start": {
          "line": 115,
          "column": 8
        },
        "end": {
          "line": 115,
          "column": 15
        }
      },
      "35": {
        "start": {
          "line": 116,
          "column": 32
        },
        "end": {
          "line": 116,
          "column": 115
        }
      },
      "36": {
        "start": {
          "line": 117,
          "column": 6
        },
        "end": {
          "line": 118,
          "column": 54
        }
      },
      "37": {
        "start": {
          "line": 118,
          "column": 8
        },
        "end": {
          "line": 118,
          "column": 54
        }
      }
    },
    "fnMap": {
      "0": {
        "name": "(anonymous_0)",
        "decl": {
          "start": {
            "line": 11,
            "column": 24
          },
          "end": {
            "line": 11,
            "column": 25
          }
        },
        "loc": {
          "start": {
            "line": 11,
            "column": 38
          },
          "end": {
            "line": 13,
            "column": 3
          }
        },
        "line": 11
      },
      "1": {
        "name": "App",
        "decl": {
          "start": {
            "line": 25,
            "column": 16
          },
          "end": {
            "line": 25,
            "column": 19
          }
        },
        "loc": {
          "start": {
            "line": 25,
            "column": 22
          },
          "end": {
            "line": 85,
            "column": 1
          }
        },
        "line": 25
      },
      "2": {
        "name": "(anonymous_2)",
        "decl": {
          "start": {
            "line": 27,
            "column": 37
          },
          "end": {
            "line": 27,
            "column": 38
          }
        },
        "loc": {
          "start": {
            "line": 27,
            "column": 48
          },
          "end": {
            "line": 27,
            "column": 77
          }
        },
        "line": 27
      },
      "3": {
        "name": "(anonymous_3)",
        "decl": {
          "start": {
            "line": 29,
            "column": 18
          },
          "end": {
            "line": 29,
            "column": 19
          }
        },
        "loc": {
          "start": {
            "line": 29,
            "column": 24
          },
          "end": {
            "line": 31,
            "column": 3
          }
        },
        "line": 29
      },
      "4": {
        "name": "(anonymous_4)",
        "decl": {
          "start": {
            "line": 39,
            "column": 98
          },
          "end": {
            "line": 39,
            "column": 99
          }
        },
        "loc": {
          "start": {
            "line": 39,
            "column": 104
          },
          "end": {
            "line": 39,
            "column": 113
          }
        },
        "line": 39
      },
      "5": {
        "name": "(anonymous_5)",
        "decl": {
          "start": {
            "line": 48,
            "column": 106
          },
          "end": {
            "line": 48,
            "column": 107
          }
        },
        "loc": {
          "start": {
            "line": 48,
            "column": 112
          },
          "end": {
            "line": 48,
            "column": 121
          }
        },
        "line": 48
      },
      "6": {
        "name": "(anonymous_6)",
        "decl": {
          "start": {
            "line": 57,
            "column": 104
          },
          "end": {
            "line": 57,
            "column": 105
          }
        },
        "loc": {
          "start": {
            "line": 57,
            "column": 110
          },
          "end": {
            "line": 57,
            "column": 119
          }
        },
        "line": 57
      },
      "7": {
        "name": "(anonymous_7)",
        "decl": {
          "start": {
            "line": 66,
            "column": 102
          },
          "end": {
            "line": 66,
            "column": 103
          }
        },
        "loc": {
          "start": {
            "line": 66,
            "column": 108
          },
          "end": {
            "line": 66,
            "column": 117
          }
        },
        "line": 66
      },
      "8": {
        "name": "(anonymous_8)",
        "decl": {
          "start": {
            "line": 86,
            "column": 47
          },
          "end": {
            "line": 86,
            "column": 48
          }
        },
        "loc": {
          "start": {
            "line": 86,
            "column": 58
          },
          "end": {
            "line": 88,
            "column": 1
          }
        },
        "line": 86
      },
      "9": {
        "name": "WrappedApp",
        "decl": {
          "start": {
            "line": 90,
            "column": 16
          },
          "end": {
            "line": 90,
            "column": 26
          }
        },
        "loc": {
          "start": {
            "line": 90,
            "column": 29
          },
          "end": {
            "line": 100,
            "column": 1
          }
        },
        "line": 90
      },
      "10": {
        "name": "(anonymous_10)",
        "decl": {
          "start": {
            "line": 111,
            "column": 9
          },
          "end": {
            "line": 111,
            "column": 10
          }
        },
        "loc": {
          "start": {
            "line": 111,
            "column": 29
          },
          "end": {
            "line": 120,
            "column": 3
          }
        },
        "line": 111
      },
      "11": {
        "name": "(anonymous_11)",
        "decl": {
          "start": {
            "line": 113,
            "column": 27
          },
          "end": {
            "line": 113,
            "column": 28
          }
        },
        "loc": {
          "start": {
            "line": 113,
            "column": 44
          },
          "end": {
            "line": 119,
            "column": 5
          }
        },
        "line": 113
      }
    },
    "branchMap": {
      "0": {
        "loc": {
          "start": {
            "line": 5,
            "column": 0
          },
          "end": {
            "line": 15,
            "column": 1
          }
        },
        "type": "if",
        "locations": [
          {
            "start": {
              "line": 5,
              "column": 0
            },
            "end": {
              "line": 15,
              "column": 1
            }
          },
          {
            "start": {},
            "end": {}
          }
        ],
        "line": 5
      },
      "1": {
        "loc": {
          "start": {
            "line": 6,
            "column": 2
          },
          "end": {
            "line": 8,
            "column": 3
          }
        },
        "type": "if",
        "locations": [
          {
            "start": {
              "line": 6,
              "column": 2
            },
            "end": {
              "line": 8,
              "column": 3
            }
          },
          {
            "start": {},
            "end": {}
          }
        ],
        "line": 6
      },
      "2": {
        "loc": {
          "start": {
            "line": 105,
            "column": 0
          },
          "end": {
            "line": 121,
            "column": 1
          }
        },
        "type": "if",
        "locations": [
          {
            "start": {
              "line": 105,
              "column": 0
            },
            "end": {
              "line": 121,
              "column": 1
            }
          },
          {
            "start": {},
            "end": {}
          }
        ],
        "line": 105
      },
      "3": {
        "loc": {
          "start": {
            "line": 114,
            "column": 6
          },
          "end": {
            "line": 115,
            "column": 15
          }
        },
        "type": "if",
        "locations": [
          {
            "start": {
              "line": 114,
              "column": 6
            },
            "end": {
              "line": 115,
              "column": 15
            }
          },
          {
            "start": {},
            "end": {}
          }
        ],
        "line": 114
      },
      "4": {
        "loc": {
          "start": {
            "line": 117,
            "column": 6
          },
          "end": {
            "line": 118,
            "column": 54
          }
        },
        "type": "if",
        "locations": [
          {
            "start": {
              "line": 117,
              "column": 6
            },
            "end": {
              "line": 118,
              "column": 54
            }
          },
          {
            "start": {},
            "end": {}
          }
        ],
        "line": 117
      }
    },
    "s": {
      "0": 2,
      "1": 2,
      "2": 0,
      "3": 2,
      "4": 2,
      "5": 2,
      "6": 4,
      "7": 2,
      "8": 2,
      "9": 12,
      "10": 12,
      "11": 20,
      "12": 12,
      "13": 12,
      "14": 6,
      "15": 12,
      "16": 6,
      "17": 0,
      "18": 0,
      "19": 0,
      "20": 2,
      "21": 2,
      "22": 2,
      "23": 4,
      "24": 2,
      "25": 2,
      "26": 2,
      "27": 2,
      "28": 2,
      "29": 2,
      "30": 2,
      "31": 2,
      "32": 2,
      "33": 0,
      "34": 0,
      "35": 0,
      "36": 0,
      "37": 0
    },
    "f": {
      "0": 4,
      "1": 12,
      "2": 20,
      "3": 6,
      "4": 6,
      "5": 0,
      "6": 0,
      "7": 0,
      "8": 2,
      "9": 4,
      "10": 2,
      "11": 0
    },
    "b": {
      "0": [
        2,
        0
      ],
      "1": [
        0,
        2
      ],
      "2": [
        2,
        0
      ],
      "3": [
        0,
        0
      ],
      "4": [
        0,
        0
      ]
    },
    "inputSourceMap": {
      "version": 3,
      "mappings": "AAmBI,mBACE,cADF;;;;;;;;;;;;;;;;AAnBJ,SAASA,eAAeC,OAAOC,cAAc;AAC7C,OAAOC,YAAY;AACnB,OAAOC,UAAU;AACjB,OAAOC,aAAa;AACpB,OAAOC,WAAW;AAClB,OAAOC,cAAc;AACrB,SAASC,gBAAgBC,sBAAsB;AAC/C,SAASC,sBAAsB;AAExB,gBAASC,MAAM;AAAAC;AACpB,QAAMC,cAAcJ,eAAgBK,WAAUA,MAAMD,YAAYA,WAAW;AAE3E,QAAME,WAAWP,eAAc;AAE/B,QAAMQ,UAAUA,MAAM;AACpBD,aAASL,eAAeO,SAASC,IAAI,CAAC;AAAA,EACxC;AAEA,SACE,mCACE;AAAA,2BAAC,UAAO,MAAML,eAAd;AAAA;AAAA;AAAA;AAAA,WAA0B;AAAA,IAC1B,uBAAC,UACC;AAAA,6BAAC,SAAM,MAAK,KAAI,SAAS,uBAAC,QAAK,SAAS,MAAMG,QAAO,KAA5B;AAAA;AAAA;AAAA;AAAA,aAA+B,KAAxD;AAAA;AAAA;AAAA;AAAA,aAA4D;AAAA,MAC5D,uBAAC,SAAM,MAAK,UAAS,SAAS,uBAAC,WAAQ,SAAS,MAAMA,QAAO,KAA/B;AAAA;AAAA;AAAA;AAAA,aAAkC,KAAhE;AAAA;AAAA;AAAA;AAAA,aAAoE;AAAA,MACpE,uBAAC,SAAM,MAAK,UAAS,SAAS,uBAAC,SAAM,SAAS,MAAMA,QAAO,KAA7B;AAAA;AAAA;AAAA;AAAA,aAAgC,KAA9D;AAAA;AAAA;AAAA;AAAA,aAAkE;AAAA,MAClE,uBAAC,SAAM,MAAK,KAAI,SAAS,uBAAC,YAAS,SAAS,MAAMA,QAAO,KAAhC;AAAA;AAAA;AAAA;AAAA,aAAmC,KAA5D;AAAA;AAAA;AAAA;AAAA,aAAgE;AAAA,SAJlE;AAAA;AAAA;AAAA;AAAA,WAKA;AAAA,OAPF;AAAA;AAAA;AAAA;AAAA,SAQA;AAEJ;AAACJ,GApBeD,KAAG;AAAA,UACGF,gBAEHD,cAAc;AAAA;AAAAW,KAHjBR;AAsBT,gBAASS,aAAa;AAC3B,SACE,uBAAC,iBACC,iCAAC,SAAD;AAAA;AAAA;AAAA;AAAA,SAAI,KADN;AAAA;AAAA;AAAA;AAAA,SAEA;AAEJ;AAACC,MANeD;AAAU;AAAAE;AAAAA",
      "names": [
        "BrowserRouter",
        "Route",
        "Routes",
        "Header",
        "Home",
        "AboutUs",
        "Forms",
        "NotFound",
        "useAppDispatch",
        "useAppSelector",
        "setCurrentPath",
        "App",
        "_s",
        "currentPath",
        "state",
        "dispatch",
        "setPath",
        "location",
        "hash",
        "_c",
        "WrappedApp",
        "_c2",
        "$RefreshReg$"
      ],
      "sources": [
        "C:/rs-school/react/rss-react/src/App.tsx"
      ],
      "file": "C:/rs-school/react/rss-react/src/App.tsx"
    },
    "_coverageSchema": "1a1c01bbd47fc00a2c39e90264f33305004495a9",
    "hash": "fbdaf9901a2e01539483efce33d546900bebb85a"
  },
  "C:/rs-school/react/rss-react/src/store/index.ts": {
    "path": "C:/rs-school/react/rss-react/src/store/index.ts",
    "statementMap": {
      "0": {
        "start": {
          "line": 8,
          "column": 14
        },
        "end": {
          "line": 18,
          "column": 2
        }
      },
      "1": {
        "start": {
          "line": 17,
          "column": 40
        },
        "end": {
          "line": 17,
          "column": 91
        }
      }
    },
    "fnMap": {
      "0": {
        "name": "(anonymous_0)",
        "decl": {
          "start": {
            "line": 17,
            "column": 14
          },
          "end": {
            "line": 17,
            "column": 15
          }
        },
        "loc": {
          "start": {
            "line": 17,
            "column": 40
          },
          "end": {
            "line": 17,
            "column": 91
          }
        },
        "line": 17
      }
    },
    "branchMap": {},
    "s": {
      "0": 2,
      "1": 2
    },
    "f": {
      "0": 2
    },
    "b": {},
    "inputSourceMap": {
      "version": 3,
      "sources": [
        "C:/rs-school/react/rss-react/src/store/index.ts"
      ],
      "mappings": "AAAA,SAAS,sBAAsB;AAC/B,OAAO,eAAe;AACtB,SAAS,iBAAiB;AAC1B,OAAO,sBAAsB;AAC7B,OAAO,sBAAsB;AAC7B,OAAO,sBAAsB;AAC7B,OAAO,qBAAqB;AAE5B,MAAM,QAAQ,eAAe;AAAA,EAC3B,SAAS;AAAA,IACP,OAAO;AAAA,IACP,aAAa;AAAA,IACb,aAAa;AAAA,IACb,aAAa;AAAA,IACb,YAAY;AAAA,IACZ,CAAC,UAAU,WAAW,GAAG,UAAU;AAAA,EACrC;AAAA,EACA,YAAY,CAAC,yBAAyB,qBAAqB,EAAE,OAAO,UAAU,UAAU;AAC1F,CAAC;AAED,eAAe;",
      "names": []
    },
    "_coverageSchema": "1a1c01bbd47fc00a2c39e90264f33305004495a9",
    "hash": "8857ce05421e63f94b542695b83ef492c677d7ef"
  },
  "C:/rs-school/react/rss-react/src/clientApp.tsx": {
    "path": "C:/rs-school/react/rss-react/src/clientApp.tsx",
    "statementMap": {
      "0": {
        "start": {
          "line": 8,
          "column": 0
        },
        "end": {
          "line": 20,
          "column": 10
        }
      }
    },
    "fnMap": {},
    "branchMap": {},
    "s": {
      "0": 2
    },
    "f": {},
    "b": {},
    "inputSourceMap": {
      "version": 3,
      "mappings": "AAWM;AAXN,OAAOA,WAAW;AAClB,OAAOC,cAAc;AACrB,SAASC,kBAAkB;AAC3B,SAASC,gBAAgB;AACzB,OAAOC,WAAW;AAClB,OAAO;AAEPH,SAASI,YACPC,SAASC,eAAe,MAAM,GAC9B,uBAAC,MAAM,YAAN,EACC,iCAAC,YAAS,OACR,iCAAC,gBAAD;AAAA;AAAA;AAAA;AAAA,OAAW,KADb;AAAA;AAAA;AAAA;AAAA,OAEA,KAHF;AAAA;AAAA;AAAA;AAAA,OAIA,CAAmB",
      "names": [
        "React",
        "ReactDOM",
        "WrappedApp",
        "Provider",
        "store",
        "hydrateRoot",
        "document",
        "getElementById"
      ],
      "sources": [
        "C:/rs-school/react/rss-react/src/clientApp.tsx"
      ],
      "file": "C:/rs-school/react/rss-react/src/clientApp.tsx"
    },
    "_coverageSchema": "1a1c01bbd47fc00a2c39e90264f33305004495a9",
    "hash": "371c6fd92a6750852e07ad480fe679cc06470ac0"
  }
}