<?xml version="1.0" encoding="UTF-8"?>
<coverage generated="1682774572841" clover="3.2.0">
  <project timestamp="1682774572841" name="All files">
    <metrics statements="239" coveredstatements="206" conditionals="97" coveredconditionals="53" methods="96" coveredmethods="82" elements="432" coveredelements="341" complexity="0" loc="239" ncloc="239" packages="22" files="31" classes="31"/>
    <package name="src">
      <metrics statements="37" coveredstatements="37" conditionals="8" coveredconditionals="8" methods="13" coveredmethods="13"/>
      <file name="App.tsx" path="C:/rs-school/react/rss-react/src/App.tsx">
        <metrics statements="14" coveredstatements="14" conditionals="0" coveredconditionals="0" methods="9" coveredmethods="9"/>
        <line num="10" count="198" type="stmt"/>
        <line num="11" count="362" type="stmt"/>
        <line num="13" count="198" type="stmt"/>
        <line num="15" count="198" type="stmt"/>
        <line num="16" count="123" type="stmt"/>
        <line num="19" count="198" type="stmt"/>
        <line num="23" count="45" type="stmt"/>
        <line num="24" count="12" type="stmt"/>
        <line num="25" count="48" type="stmt"/>
        <line num="26" count="18" type="stmt"/>
        <line num="30" count="33" type="stmt"/>
        <line num="32" count="66" type="stmt"/>
        <line num="33" count="66" type="stmt"/>
        <line num="38" count="33" type="stmt"/>
      </file>
      <file name="clientApp.tsx" path="C:/rs-school/react/rss-react/src/clientApp.tsx">
        <metrics statements="1" coveredstatements="1" conditionals="0" coveredconditionals="0" methods="0" coveredmethods="0"/>
        <line num="8" count="33" type="stmt"/>
      </file>
      <file name="interfaces.ts" path="C:/rs-school/react/rss-react/src/interfaces.ts">
        <metrics statements="22" coveredstatements="22" conditionals="8" coveredconditionals="8" methods="4" coveredmethods="4"/>
        <line num="23" count="33" type="cond" truecount="2" falsecount="0"/>
        <line num="24" count="33" type="stmt"/>
        <line num="25" count="33" type="stmt"/>
        <line num="26" count="33" type="stmt"/>
        <line num="27" count="33" type="stmt"/>
        <line num="28" count="33" type="stmt"/>
        <line num="31" count="33" type="cond" truecount="2" falsecount="0"/>
        <line num="32" count="33" type="stmt"/>
        <line num="33" count="33" type="stmt"/>
        <line num="34" count="33" type="stmt"/>
        <line num="37" count="33" type="cond" truecount="2" falsecount="0"/>
        <line num="38" count="33" type="stmt"/>
        <line num="39" count="33" type="stmt"/>
        <line num="40" count="33" type="stmt"/>
        <line num="41" count="33" type="stmt"/>
        <line num="44" count="33" type="cond" truecount="2" falsecount="0"/>
        <line num="45" count="33" type="stmt"/>
        <line num="46" count="33" type="stmt"/>
        <line num="47" count="33" type="stmt"/>
        <line num="48" count="33" type="stmt"/>
        <line num="49" count="33" type="stmt"/>
        <line num="77" count="33" type="stmt"/>
      </file>
    </package>
    <package name="src.components.FieldOfCards">
      <metrics statements="16" coveredstatements="14" conditionals="4" coveredconditionals="2" methods="5" coveredmethods="4"/>
      <file name="FieldOfCards.tsx" path="C:/rs-school/react/rss-react/src/components/FieldOfCards/FieldOfCards.tsx">
        <metrics statements="16" coveredstatements="14" conditionals="4" coveredconditionals="2" methods="5" coveredmethods="4"/>
        <line num="10" count="142" type="stmt"/>
        <line num="11" count="142" type="stmt"/>
        <line num="12" count="142" type="stmt"/>
        <line num="13" count="142" type="stmt"/>
        <line num="15" count="321" type="stmt"/>
        <line num="17" count="142" type="stmt"/>
        <line num="22" count="142" type="stmt"/>
        <line num="23" count="142" type="stmt"/>
        <line num="25" count="142" type="stmt"/>
        <line num="26" count="30" type="cond" truecount="1" falsecount="1"/>
        <line num="27" count="0" type="stmt"/>
        <line num="29" count="30" type="stmt"/>
        <line num="33" count="142" type="cond" truecount="1" falsecount="1"/>
        <line num="37" count="0" type="stmt"/>
        <line num="59" count="33" type="stmt"/>
        <line num="61" count="33" type="stmt"/>
      </file>
    </package>
    <package name="src.components.Form">
      <metrics statements="16" coveredstatements="16" conditionals="3" coveredconditionals="3" methods="6" coveredmethods="5"/>
      <file name="Form.tsx" path="C:/rs-school/react/rss-react/src/components/Form/Form.tsx">
        <metrics statements="16" coveredstatements="16" conditionals="3" coveredconditionals="3" methods="6" coveredmethods="5"/>
        <line num="15" count="108" type="stmt"/>
        <line num="16" count="108" type="stmt"/>
        <line num="17" count="108" type="stmt"/>
        <line num="19" count="162" type="stmt"/>
        <line num="21" count="108" type="stmt"/>
        <line num="28" count="108" type="stmt"/>
        <line num="30" count="108" type="stmt"/>
        <line num="31" count="6" type="stmt"/>
        <line num="43" count="108" type="stmt"/>
        <line num="44" count="42" type="cond" truecount="1" falsecount="0"/>
        <line num="45" count="6" type="stmt"/>
        <line num="46" count="6" type="stmt"/>
        <line num="47" count="6" type="stmt"/>
        <line num="51" count="108" type="stmt"/>
        <line num="69" count="33" type="stmt"/>
        <line num="71" count="33" type="stmt"/>
      </file>
    </package>
    <package name="src.components.Header">
      <metrics statements="17" coveredstatements="17" conditionals="5" coveredconditionals="5" methods="9" coveredmethods="9"/>
      <file name="Header.tsx" path="C:/rs-school/react/rss-react/src/components/Header/Header.tsx">
        <metrics statements="17" coveredstatements="17" conditionals="5" coveredconditionals="5" methods="9" coveredmethods="9"/>
        <line num="6" count="33" type="stmt"/>
        <line num="7" count="33" type="stmt"/>
        <line num="13" count="156" type="stmt"/>
        <line num="14" count="455" type="stmt"/>
        <line num="16" count="156" type="stmt"/>
        <line num="18" count="156" type="stmt"/>
        <line num="19" count="12" type="stmt"/>
        <line num="22" count="156" type="stmt"/>
        <line num="23" count="156" type="stmt"/>
        <line num="24" count="192" type="stmt"/>
        <line num="25" count="156" type="cond" truecount="1" falsecount="0"/>
        <line num="26" count="198" type="cond" truecount="4" falsecount="0"/>
        <line num="30" count="156" type="stmt"/>
        <line num="35" count="468" type="stmt"/>
        <line num="39" count="12" type="stmt"/>
        <line num="46" count="33" type="stmt"/>
        <line num="48" count="33" type="stmt"/>
      </file>
    </package>
    <package name="src.components.ModalCard">
      <metrics statements="17" coveredstatements="3" conditionals="23" coveredconditionals="0" methods="6" coveredmethods="0"/>
      <file name="ModalCard.tsx" path="C:/rs-school/react/rss-react/src/components/ModalCard/ModalCard.tsx">
        <metrics statements="17" coveredstatements="3" conditionals="23" coveredconditionals="0" methods="6" coveredmethods="0"/>
        <line num="8" count="0" type="stmt"/>
        <line num="12" count="0" type="stmt"/>
        <line num="13" count="0" type="stmt"/>
        <line num="15" count="0" type="stmt"/>
        <line num="20" count="33" type="stmt"/>
        <line num="25" count="0" type="stmt"/>
        <line num="26" count="0" type="cond" truecount="0" falsecount="2"/>
        <line num="27" count="0" type="stmt"/>
        <line num="29" count="0" type="stmt"/>
        <line num="33" count="0" type="stmt"/>
        <line num="34" count="0" type="cond" truecount="0" falsecount="1"/>
        <line num="35" count="0" type="stmt"/>
        <line num="39" count="0" type="stmt"/>
        <line num="40" count="0" type="cond" truecount="0" falsecount="2"/>
        <line num="41" count="0" type="stmt"/>
        <line num="85" count="33" type="stmt"/>
        <line num="87" count="33" type="stmt"/>
      </file>
    </package>
    <package name="src.components.MoviesCard">
      <metrics statements="6" coveredstatements="4" conditionals="11" coveredconditionals="5" methods="3" coveredmethods="2"/>
      <file name="MoviesCard.tsx" path="C:/rs-school/react/rss-react/src/components/MoviesCard/MoviesCard.tsx">
        <metrics statements="6" coveredstatements="4" conditionals="11" coveredconditionals="5" methods="3" coveredmethods="2"/>
        <line num="1" count="231" type="cond" truecount="1" falsecount="0"/>
        <line num="17" count="12" type="stmt"/>
        <line num="21" count="0" type="stmt"/>
        <line num="22" count="0" type="cond" truecount="0" falsecount="2"/>
        <line num="48" count="33" type="stmt"/>
        <line num="50" count="33" type="stmt"/>
      </file>
    </package>
    <package name="src.components.MoviesCardsField">
      <metrics statements="6" coveredstatements="6" conditionals="4" coveredconditionals="2" methods="4" coveredmethods="4"/>
      <file name="MoviesCardsField.tsx" path="C:/rs-school/react/rss-react/src/components/MoviesCardsField/MoviesCardsField.tsx">
        <metrics statements="6" coveredstatements="6" conditionals="4" coveredconditionals="2" methods="4" coveredmethods="4"/>
        <line num="5" count="72" type="stmt"/>
        <line num="6" count="126" type="stmt"/>
        <line num="8" count="72" type="stmt"/>
        <line num="11" count="12" type="stmt"/>
        <line num="23" count="33" type="stmt"/>
        <line num="25" count="33" type="stmt"/>
      </file>
    </package>
    <package name="src.components.RadioField">
      <metrics statements="6" coveredstatements="6" conditionals="3" coveredconditionals="3" methods="3" coveredmethods="3"/>
      <file name="RadioField.tsx" path="C:/rs-school/react/rss-react/src/components/RadioField/RadioField.tsx">
        <metrics statements="6" coveredstatements="6" conditionals="3" coveredconditionals="3" methods="3" coveredmethods="3"/>
        <line num="1" count="231" type="cond" truecount="1" falsecount="0"/>
        <line num="6" count="108" type="stmt"/>
        <line num="14" count="108" type="stmt"/>
        <line num="19" count="540" type="stmt"/>
        <line num="29" count="33" type="stmt"/>
        <line num="31" count="33" type="stmt"/>
      </file>
    </package>
    <package name="src.components.UI.HeaderButtom">
      <metrics statements="5" coveredstatements="5" conditionals="3" coveredconditionals="3" methods="2" coveredmethods="2"/>
      <file name="HeaderButtom.tsx" path="C:/rs-school/react/rss-react/src/components/UI/HeaderButtom/HeaderButtom.tsx">
        <metrics statements="5" coveredstatements="5" conditionals="3" coveredconditionals="3" methods="2" coveredmethods="2"/>
        <line num="1" count="231" type="cond" truecount="1" falsecount="0"/>
        <line num="9" count="468" type="stmt"/>
        <line num="10" count="468" type="stmt"/>
        <line num="17" count="33" type="stmt"/>
        <line num="19" count="33" type="stmt"/>
      </file>
    </package>
    <package name="src.components.UI.InputAdult">
      <metrics statements="4" coveredstatements="4" conditionals="1" coveredconditionals="1" methods="2" coveredmethods="2"/>
      <file name="InputAdult.tsx" path="C:/rs-school/react/rss-react/src/components/UI/InputAdult/InputAdult.tsx">
        <metrics statements="4" coveredstatements="4" conditionals="1" coveredconditionals="1" methods="2" coveredmethods="2"/>
        <line num="1" count="231" type="cond" truecount="1" falsecount="0"/>
        <line num="5" count="108" type="stmt"/>
        <line num="13" count="33" type="stmt"/>
        <line num="15" count="33" type="stmt"/>
      </file>
    </package>
    <package name="src.components.UI.InputDate">
      <metrics statements="4" coveredstatements="4" conditionals="3" coveredconditionals="3" methods="2" coveredmethods="2"/>
      <file name="InputDate.tsx" path="C:/rs-school/react/rss-react/src/components/UI/InputDate/InputDate.tsx">
        <metrics statements="4" coveredstatements="4" conditionals="3" coveredconditionals="3" methods="2" coveredmethods="2"/>
        <line num="1" count="231" type="cond" truecount="1" falsecount="0"/>
        <line num="5" count="108" type="stmt"/>
        <line num="22" count="33" type="stmt"/>
        <line num="24" count="33" type="stmt"/>
      </file>
    </package>
    <package name="src.components.UI.InputPoster">
      <metrics statements="5" coveredstatements="5" conditionals="3" coveredconditionals="3" methods="3" coveredmethods="3"/>
      <file name="InputPoster.tsx" path="C:/rs-school/react/rss-react/src/components/UI/InputPoster/InputPoster.tsx">
        <metrics statements="5" coveredstatements="5" conditionals="3" coveredconditionals="3" methods="3" coveredmethods="3"/>
        <line num="1" count="231" type="cond" truecount="1" falsecount="0"/>
        <line num="9" count="108" type="stmt"/>
        <line num="18" count="6" type="stmt"/>
        <line num="27" count="33" type="stmt"/>
        <line num="29" count="33" type="stmt"/>
      </file>
    </package>
    <package name="src.components.UI.InputRadio">
      <metrics statements="4" coveredstatements="4" conditionals="1" coveredconditionals="1" methods="2" coveredmethods="2"/>
      <file name="InputRadio.tsx" path="C:/rs-school/react/rss-react/src/components/UI/InputRadio/InputRadio.tsx">
        <metrics statements="4" coveredstatements="4" conditionals="1" coveredconditionals="1" methods="2" coveredmethods="2"/>
        <line num="1" count="231" type="cond" truecount="1" falsecount="0"/>
        <line num="5" count="540" type="stmt"/>
        <line num="16" count="33" type="stmt"/>
        <line num="18" count="33" type="stmt"/>
      </file>
    </package>
    <package name="src.components.UI.InputSelect">
      <metrics statements="4" coveredstatements="4" conditionals="3" coveredconditionals="3" methods="2" coveredmethods="2"/>
      <file name="InputSelect.tsx" path="C:/rs-school/react/rss-react/src/components/UI/InputSelect/InputSelect.tsx">
        <metrics statements="4" coveredstatements="4" conditionals="3" coveredconditionals="3" methods="2" coveredmethods="2"/>
        <line num="1" count="231" type="cond" truecount="1" falsecount="0"/>
        <line num="5" count="108" type="stmt"/>
        <line num="28" count="33" type="stmt"/>
        <line num="30" count="33" type="stmt"/>
      </file>
    </package>
    <package name="src.components.UI.InputTitle">
      <metrics statements="4" coveredstatements="4" conditionals="3" coveredconditionals="3" methods="2" coveredmethods="2"/>
      <file name="InputTitle.tsx" path="C:/rs-school/react/rss-react/src/components/UI/InputTitle/InputTitle.tsx">
        <metrics statements="4" coveredstatements="4" conditionals="3" coveredconditionals="3" methods="2" coveredmethods="2"/>
        <line num="1" count="231" type="cond" truecount="1" falsecount="0"/>
        <line num="5" count="108" type="stmt"/>
        <line num="19" count="33" type="stmt"/>
        <line num="21" count="33" type="stmt"/>
      </file>
    </package>
    <package name="src.components.UI.SearchBar">
      <metrics statements="13" coveredstatements="13" conditionals="1" coveredconditionals="1" methods="7" coveredmethods="7"/>
      <file name="SearchBar.tsx" path="C:/rs-school/react/rss-react/src/components/UI/SearchBar/SearchBar.tsx">
        <metrics statements="13" coveredstatements="13" conditionals="1" coveredconditionals="1" methods="7" coveredmethods="7"/>
        <line num="8" count="132" type="stmt"/>
        <line num="9" count="341" type="stmt"/>
        <line num="11" count="132" type="stmt"/>
        <line num="13" count="132" type="stmt"/>
        <line num="14" count="42" type="cond" truecount="1" falsecount="0"/>
        <line num="15" count="6" type="stmt"/>
        <line num="19" count="132" type="stmt"/>
        <line num="20" count="30" type="stmt"/>
        <line num="23" count="132" type="stmt"/>
        <line num="31" count="36" type="stmt"/>
        <line num="32" count="42" type="stmt"/>
        <line num="37" count="33" type="stmt"/>
        <line num="39" count="33" type="stmt"/>
      </file>
    </package>
    <package name="src.pages.AboutUs">
      <metrics statements="6" coveredstatements="6" conditionals="0" coveredconditionals="0" methods="2" coveredmethods="2"/>
      <file name="AboutUs.tsx" path="C:/rs-school/react/rss-react/src/pages/AboutUs/AboutUs.tsx">
        <metrics statements="6" coveredstatements="6" conditionals="0" coveredconditionals="0" methods="2" coveredmethods="2"/>
        <line num="3" count="33" type="stmt"/>
        <line num="4" count="12" type="stmt"/>
        <line num="5" count="12" type="stmt"/>
        <line num="8" count="12" type="stmt"/>
        <line num="17" count="33" type="stmt"/>
        <line num="19" count="33" type="stmt"/>
      </file>
    </package>
    <package name="src.pages.Forms">
      <metrics statements="6" coveredstatements="6" conditionals="0" coveredconditionals="0" methods="2" coveredmethods="2"/>
      <file name="Forms.tsx" path="C:/rs-school/react/rss-react/src/pages/Forms/Forms.tsx">
        <metrics statements="6" coveredstatements="6" conditionals="0" coveredconditionals="0" methods="2" coveredmethods="2"/>
        <line num="5" count="60" type="stmt"/>
        <line num="6" count="60" type="stmt"/>
        <line num="7" count="48" type="stmt"/>
        <line num="10" count="60" type="stmt"/>
        <line num="16" count="33" type="stmt"/>
        <line num="18" count="33" type="stmt"/>
      </file>
    </package>
    <package name="src.pages.Home">
      <metrics statements="6" coveredstatements="6" conditionals="0" coveredconditionals="0" methods="2" coveredmethods="2"/>
      <file name="Home.tsx" path="C:/rs-school/react/rss-react/src/pages/Home/Home.tsx">
        <metrics statements="6" coveredstatements="6" conditionals="0" coveredconditionals="0" methods="2" coveredmethods="2"/>
        <line num="5" count="60" type="stmt"/>
        <line num="6" count="60" type="stmt"/>
        <line num="7" count="45" type="stmt"/>
        <line num="10" count="60" type="stmt"/>
        <line num="16" count="33" type="stmt"/>
        <line num="18" count="33" type="stmt"/>
      </file>
    </package>
    <package name="src.pages.NotFound">
      <metrics statements="6" coveredstatements="6" conditionals="0" coveredconditionals="0" methods="2" coveredmethods="2"/>
      <file name="NotFound.tsx" path="C:/rs-school/react/rss-react/src/pages/NotFound/NotFound.tsx">
        <metrics statements="6" coveredstatements="6" conditionals="0" coveredconditionals="0" methods="2" coveredmethods="2"/>
        <line num="4" count="33" type="stmt"/>
        <line num="5" count="24" type="stmt"/>
        <line num="6" count="18" type="stmt"/>
        <line num="9" count="24" type="stmt"/>
        <line num="17" count="33" type="stmt"/>
        <line num="19" count="33" type="stmt"/>
      </file>
    </package>
    <package name="src.store">
      <metrics statements="30" coveredstatements="29" conditionals="0" coveredconditionals="0" methods="11" coveredmethods="10"/>
      <file name="activePageSlice.ts" path="C:/rs-school/react/rss-react/src/store/activePageSlice.ts">
        <metrics statements="4" coveredstatements="4" conditionals="0" coveredconditionals="0" methods="1" coveredmethods="1"/>
        <line num="8" count="33" type="stmt"/>
        <line num="12" count="33" type="stmt"/>
        <line num="17" count="12" type="stmt"/>
        <line num="22" count="33" type="stmt"/>
      </file>
      <file name="currentPathSlice.ts" path="C:/rs-school/react/rss-react/src/store/currentPathSlice.ts">
        <metrics statements="4" coveredstatements="4" conditionals="0" coveredconditionals="0" methods="1" coveredmethods="1"/>
        <line num="7" count="33" type="stmt"/>
        <line num="11" count="33" type="stmt"/>
        <line num="16" count="123" type="stmt"/>
        <line num="21" count="33" type="stmt"/>
      </file>
      <file name="formSlice.ts" path="C:/rs-school/react/rss-react/src/store/formSlice.ts">
        <metrics statements="4" coveredstatements="4" conditionals="0" coveredconditionals="0" methods="1" coveredmethods="1"/>
        <line num="8" count="33" type="stmt"/>
        <line num="12" count="33" type="stmt"/>
        <line num="17" count="6" type="stmt"/>
        <line num="22" count="33" type="stmt"/>
      </file>
      <file name="hooks.ts" path="C:/rs-school/react/rss-react/src/store/hooks.ts">
        <metrics statements="2" coveredstatements="2" conditionals="0" coveredconditionals="0" methods="1" coveredmethods="1"/>
        <line num="4" count="594" type="stmt"/>
        <line num="5" count="33" type="stmt"/>
      </file>
      <file name="index.ts" path="C:/rs-school/react/rss-react/src/store/index.ts">
        <metrics statements="2" coveredstatements="2" conditionals="0" coveredconditionals="0" methods="1" coveredmethods="1"/>
        <line num="9" count="33" type="stmt"/>
        <line num="18" count="33" type="stmt"/>
      </file>
      <file name="moviesApi.ts" path="C:/rs-school/react/rss-react/src/store/moviesApi.ts">
        <metrics statements="6" coveredstatements="5" conditionals="0" coveredconditionals="0" methods="4" coveredmethods="3"/>
        <line num="14" count="33" type="stmt"/>
        <line num="17" count="33" type="stmt"/>
        <line num="19" count="15" type="stmt"/>
        <line num="27" count="21" type="stmt"/>
        <line num="36" count="0" type="stmt"/>
        <line num="46" count="33" type="stmt"/>
      </file>
      <file name="searchQuerySlice.ts" path="C:/rs-school/react/rss-react/src/store/searchQuerySlice.ts">
        <metrics statements="4" coveredstatements="4" conditionals="0" coveredconditionals="0" methods="1" coveredmethods="1"/>
        <line num="7" count="33" type="stmt"/>
        <line num="11" count="33" type="stmt"/>
        <line num="16" count="36" type="stmt"/>
        <line num="21" count="33" type="stmt"/>
      </file>
      <file name="searchValueSlice.ts" path="C:/rs-school/react/rss-react/src/store/searchValueSlice.ts">
        <metrics statements="4" coveredstatements="4" conditionals="0" coveredconditionals="0" methods="1" coveredmethods="1"/>
        <line num="7" count="33" type="stmt"/>
        <line num="11" count="33" type="stmt"/>
        <line num="16" count="36" type="stmt"/>
        <line num="21" count="33" type="stmt"/>
      </file>
    </package>
    <package name="src.utils">
      <metrics statements="21" coveredstatements="7" conditionals="18" coveredconditionals="7" methods="6" coveredmethods="2"/>
      <file name="utils.tsx" path="C:/rs-school/react/rss-react/src/utils/utils.tsx">
        <metrics statements="21" coveredstatements="7" conditionals="18" coveredconditionals="7" methods="6" coveredmethods="2"/>
        <line num="2" count="33" type="stmt"/>
        <line num="5" count="12" type="cond" truecount="2" falsecount="2"/>
        <line num="6" count="0" type="stmt"/>
        <line num="7" count="12" type="cond" truecount="3" falsecount="1"/>
        <line num="8" count="12" type="stmt"/>
        <line num="10" count="0" type="stmt"/>
        <line num="20" count="0" type="stmt"/>
        <line num="21" count="0" type="cond" truecount="0" falsecount="2"/>
        <line num="22" count="0" type="stmt"/>
        <line num="23" count="0" type="cond" truecount="0" falsecount="2"/>
        <line num="24" count="0" type="stmt"/>
        <line num="26" count="0" type="stmt"/>
        <line num="31" count="0" type="stmt"/>
        <line num="32" count="0" type="cond" truecount="0" falsecount="2"/>
        <line num="33" count="0" type="stmt"/>
        <line num="37" count="0" type="stmt"/>
        <line num="41" count="6" type="cond" truecount="1" falsecount="1"/>
        <line num="42" count="6" type="cond" truecount="1" falsecount="1"/>
        <line num="43" count="6" type="stmt"/>
        <line num="45" count="0" type="stmt"/>
        <line num="48" count="0" type="stmt"/>
      </file>
    </package>
  </project>
</coverage>
