{"C:/rs-school/react/rss-react/src/App.tsx": {"path":"C:/rs-school/react/rss-react/src/App.tsx","statementMap":{"0":{"start":{"line":10,"column":22},"end":{"line":10,"column":null}},"1":{"start":{"line":11,"column":22},"end":{"line":11,"column":null}},"2":{"start":{"line":11,"column":48},"end":{"line":11,"column":77}},"3":{"start":{"line":13,"column":19},"end":{"line":13,"column":null}},"4":{"start":{"line":15,"column":18},"end":{"line":17,"column":null}},"5":{"start":{"line":16,"column":4},"end":{"line":16,"column":null}},"6":{"start":{"line":19,"column":2},"end":{"line":28,"column":null}},"7":{"start":{"line":23,"column":54},"end":{"line":23,"column":64}},"8":{"start":{"line":24,"column":62},"end":{"line":24,"column":72}},"9":{"start":{"line":25,"column":60},"end":{"line":25,"column":70}},"10":{"start":{"line":26,"column":58},"end":{"line":26,"column":68}},"11":{"start":{"line":30,"column":1},"end":{"line":13,"column":null}},"12":{"start":{"line":10,"column":19},"end":{"line":13,"column":null}},"13":{"start":{"line":13,"column":33},"end":{"line":10,"column":19}},"14":{"start":{"line":33,"column":2},"end":{"line":36,"column":null}},"15":{"start":{"line":38,"column":1},"end":{"line":32,"column":26}},"16":{"start":{"line":32,"column":26},"end":{"line":32,"column":29}}},"fnMap":{"0":{"name":"App","decl":{"start":{"line":10,"column":16},"end":{"line":10,"column":19}},"loc":{"start":{"line":10,"column":22},"end":{"line":30,"column":1}}},"1":{"name":"(anonymous_2)","decl":{"start":{"line":11,"column":38},"end":{"line":11,"column":48}},"loc":{"start":{"line":11,"column":48},"end":{"line":11,"column":77}}},"2":{"name":"(anonymous_3)","decl":{"start":{"line":15,"column":18},"end":{"line":15,"column":24}},"loc":{"start":{"line":15,"column":24},"end":{"line":17,"column":null}}},"3":{"name":"(anonymous_4)","decl":{"start":{"line":23,"column":48},"end":{"line":23,"column":54}},"loc":{"start":{"line":23,"column":54},"end":{"line":23,"column":64}}},"4":{"name":"(anonymous_5)","decl":{"start":{"line":24,"column":56},"end":{"line":24,"column":62}},"loc":{"start":{"line":24,"column":62},"end":{"line":24,"column":72}}},"5":{"name":"(anonymous_6)","decl":{"start":{"line":25,"column":54},"end":{"line":25,"column":60}},"loc":{"start":{"line":25,"column":60},"end":{"line":25,"column":70}}},"6":{"name":"(anonymous_7)","decl":{"start":{"line":26,"column":52},"end":{"line":26,"column":58}},"loc":{"start":{"line":26,"column":58},"end":{"line":26,"column":68}}},"7":{"name":"(anonymous_8)","decl":{"start":{"line":10,"column":19},"end":{"line":10,"column":22}},"loc":{"start":{"line":10,"column":19},"end":{"line":13,"column":null}}},"8":{"name":"WrappedApp","decl":{"start":{"line":32,"column":16},"end":{"line":32,"column":26}},"loc":{"start":{"line":32,"column":29},"end":{"line":38,"column":1}}}},"branchMap":{},"s":{"0":198,"1":198,"2":362,"3":198,"4":198,"5":123,"6":198,"7":45,"8":12,"9":48,"10":18,"11":33,"12":33,"13":33,"14":66,"15":33,"16":66},"f":{"0":198,"1":362,"2":123,"3":45,"4":12,"5":48,"6":18,"7":33,"8":66},"b":{}}
,"C:/rs-school/react/rss-react/src/clientApp.tsx": {"path":"C:/rs-school/react/rss-react/src/clientApp.tsx","statementMap":{"0":{"start":{"line":8,"column":0},"end":{"line":14,"column":null}}},"fnMap":{},"branchMap":{},"s":{"0":33},"f":{},"b":{}}
,"C:/rs-school/react/rss-react/src/interfaces.ts": {"path":"C:/rs-school/react/rss-react/src/interfaces.ts","statementMap":{"0":{"start":{"line":23,"column":7},"end":{"line":23,"column":null}},"1":{"start":{"line":24,"column":2},"end":{"line":24,"column":null}},"2":{"start":{"line":25,"column":2},"end":{"line":25,"column":null}},"3":{"start":{"line":26,"column":2},"end":{"line":26,"column":null}},"4":{"start":{"line":27,"column":2},"end":{"line":27,"column":null}},"5":{"start":{"line":28,"column":2},"end":{"line":28,"column":null}},"6":{"start":{"line":23,"column":12},"end":{"line":23,"column":null}},"7":{"start":{"line":31,"column":7},"end":{"line":31,"column":null}},"8":{"start":{"line":32,"column":2},"end":{"line":32,"column":null}},"9":{"start":{"line":33,"column":2},"end":{"line":33,"column":null}},"10":{"start":{"line":34,"column":2},"end":{"line":34,"column":null}},"11":{"start":{"line":31,"column":12},"end":{"line":31,"column":null}},"12":{"start":{"line":37,"column":7},"end":{"line":37,"column":null}},"13":{"start":{"line":38,"column":2},"end":{"line":38,"column":null}},"14":{"start":{"line":39,"column":2},"end":{"line":39,"column":null}},"15":{"start":{"line":40,"column":2},"end":{"line":40,"column":null}},"16":{"start":{"line":41,"column":2},"end":{"line":41,"column":null}},"17":{"start":{"line":37,"column":12},"end":{"line":37,"column":null}},"18":{"start":{"line":44,"column":7},"end":{"line":44,"column":null}},"19":{"start":{"line":45,"column":2},"end":{"line":45,"column":null}},"20":{"start":{"line":46,"column":2},"end":{"line":46,"column":null}},"21":{"start":{"line":47,"column":2},"end":{"line":47,"column":null}},"22":{"start":{"line":48,"column":2},"end":{"line":48,"column":null}},"23":{"start":{"line":49,"column":2},"end":{"line":49,"column":null}},"24":{"start":{"line":44,"column":12},"end":{"line":44,"column":null}},"25":{"start":{"line":77,"column":37},"end":{"line":84,"column":null}}},"fnMap":{"0":{"name":"(anonymous_0)","decl":{"start":{"line":23,"column":7},"end":{"line":23,"column":12}},"loc":{"start":{"line":23,"column":7},"end":{"line":23,"column":null}}},"1":{"name":"(anonymous_1)","decl":{"start":{"line":31,"column":7},"end":{"line":31,"column":12}},"loc":{"start":{"line":31,"column":7},"end":{"line":31,"column":null}}},"2":{"name":"(anonymous_2)","decl":{"start":{"line":37,"column":7},"end":{"line":37,"column":12}},"loc":{"start":{"line":37,"column":7},"end":{"line":37,"column":null}}},"3":{"name":"(anonymous_3)","decl":{"start":{"line":44,"column":7},"end":{"line":44,"column":12}},"loc":{"start":{"line":44,"column":7},"end":{"line":44,"column":null}}}},"branchMap":{"0":{"loc":{"start":{"line":23,"column":12},"end":{"line":23,"column":null}},"type":"binary-expr","locations":[{"start":{"line":23,"column":12},"end":{"line":23,"column":null}},{"start":{"line":23,"column":12},"end":{"line":23,"column":null}}]},"1":{"loc":{"start":{"line":31,"column":12},"end":{"line":31,"column":null}},"type":"binary-expr","locations":[{"start":{"line":31,"column":12},"end":{"line":31,"column":null}},{"start":{"line":31,"column":12},"end":{"line":31,"column":null}}]},"2":{"loc":{"start":{"line":37,"column":12},"end":{"line":37,"column":null}},"type":"binary-expr","locations":[{"start":{"line":37,"column":12},"end":{"line":37,"column":null}},{"start":{"line":37,"column":12},"end":{"line":37,"column":null}}]},"3":{"loc":{"start":{"line":44,"column":12},"end":{"line":44,"column":null}},"type":"binary-expr","locations":[{"start":{"line":44,"column":12},"end":{"line":44,"column":null}},{"start":{"line":44,"column":12},"end":{"line":44,"column":null}}]}},"s":{"0":33,"1":33,"2":33,"3":33,"4":33,"5":33,"6":33,"7":33,"8":33,"9":33,"10":33,"11":33,"12":33,"13":33,"14":33,"15":33,"16":33,"17":33,"18":33,"19":33,"20":33,"21":33,"22":33,"23":33,"24":33,"25":33},"f":{"0":33,"1":33,"2":33,"3":33},"b":{"0":[33,33],"1":[33,33],"2":[33,33],"3":[33,33]}}
,"C:/rs-school/react/rss-react/src/components/FieldOfCards/FieldOfCards.tsx": {"path":"C:/rs-school/react/rss-react/src/components/FieldOfCards/FieldOfCards.tsx","statementMap":{"0":{"start":{"line":10,"column":24},"end":{"line":10,"column":null}},"1":{"start":{"line":11,"column":44},"end":{"line":11,"column":null}},"2":{"start":{"line":12,"column":30},"end":{"line":12,"column":null}},"3":{"start":{"line":13,"column":34},"end":{"line":13,"column":null}},"4":{"start":{"line":15,"column":22},"end":{"line":15,"column":null}},"5":{"start":{"line":15,"column":48},"end":{"line":15,"column":77}},"6":{"start":{"line":17,"column":31},"end":{"line":20,"column":null}},"7":{"start":{"line":22,"column":30},"end":{"line":22,"column":null}},"8":{"start":{"line":23,"column":38},"end":{"line":23,"column":null}},"9":{"start":{"line":25,"column":2},"end":{"line":31,"column":null}},"10":{"start":{"line":26,"column":4},"end":{"line":30,"column":null}},"11":{"start":{"line":27,"column":6},"end":{"line":27,"column":null}},"12":{"start":{"line":29,"column":6},"end":{"line":29,"column":null}},"13":{"start":{"line":33,"column":2},"end":{"line":57,"column":null}},"14":{"start":{"line":37,"column":10},"end":{"line":47,"column":null}},"15":{"start":{"line":59,"column":1},"end":{"line":23,"column":64}},"16":{"start":{"line":10,"column":21},"end":{"line":23,"column":64}},"17":{"start":{"line":23,"column":63},"end":{"line":10,"column":21}},"18":{"start":{"line":61,"column":28},"end":{"line":61,"column":null}}},"fnMap":{"0":{"name":"FieldOfCards","decl":{"start":{"line":10,"column":9},"end":{"line":10,"column":21}},"loc":{"start":{"line":10,"column":24},"end":{"line":59,"column":1}}},"1":{"name":"(anonymous_2)","decl":{"start":{"line":15,"column":38},"end":{"line":15,"column":48}},"loc":{"start":{"line":15,"column":48},"end":{"line":15,"column":77}}},"2":{"name":"(anonymous_3)","decl":{"start":{"line":25,"column":12},"end":{"line":25,"column":18}},"loc":{"start":{"line":25,"column":18},"end":{"line":31,"column":5}}},"3":{"name":"(anonymous_4)","decl":{"start":{"line":36,"column":36},"end":{"line":36,"column":null}},"loc":{"start":{"line":37,"column":10},"end":{"line":47,"column":null}}},"4":{"name":"(anonymous_5)","decl":{"start":{"line":10,"column":21},"end":{"line":10,"column":24}},"loc":{"start":{"line":10,"column":21},"end":{"line":23,"column":64}}}},"branchMap":{"0":{"loc":{"start":{"line":26,"column":4},"end":{"line":30,"column":null}},"type":"if","locations":[{"start":{"line":26,"column":4},"end":{"line":30,"column":null}},{"start":{"line":28,"column":11},"end":{"line":30,"column":null}}]},"1":{"loc":{"start":{"line":33,"column":9},"end":{"line":57,"column":null}},"type":"cond-expr","locations":[{"start":{"line":34,"column":4},"end":{"line":52,"column":null}},{"start":{"line":54,"column":4},"end":{"line":57,"column":null}}]}},"s":{"0":142,"1":142,"2":142,"3":142,"4":142,"5":321,"6":142,"7":142,"8":142,"9":142,"10":30,"11":0,"12":30,"13":142,"14":0,"15":33,"16":15,"17":33,"18":33},"f":{"0":142,"1":321,"2":30,"3":0,"4":15},"b":{"0":[0,30],"1":[0,142]}}
,"C:/rs-school/react/rss-react/src/components/Form/Form.tsx": {"path":"C:/rs-school/react/rss-react/src/components/Form/Form.tsx","statementMap":{"0":{"start":{"line":15,"column":16},"end":{"line":15,"column":null}},"1":{"start":{"line":16,"column":28},"end":{"line":16,"column":null}},"2":{"start":{"line":17,"column":32},"end":{"line":17,"column":null}},"3":{"start":{"line":19,"column":21},"end":{"line":19,"column":null}},"4":{"start":{"line":19,"column":47},"end":{"line":19,"column":69}},"5":{"start":{"line":21,"column":19},"end":{"line":21,"column":null}},"6":{"start":{"line":28,"column":6},"end":{"line":28,"column":null}},"7":{"start":{"line":30,"column":42},"end":{"line":41,"column":null}},"8":{"start":{"line":31,"column":4},"end":{"line":39,"column":null}},"9":{"start":{"line":43,"column":2},"end":{"line":49,"column":null}},"10":{"start":{"line":44,"column":4},"end":{"line":48,"column":null}},"11":{"start":{"line":45,"column":6},"end":{"line":45,"column":null}},"12":{"start":{"line":46,"column":6},"end":{"line":46,"column":null}},"13":{"start":{"line":46,"column":23},"end":{"line":46,"column":42}},"14":{"start":{"line":47,"column":6},"end":{"line":47,"column":null}},"15":{"start":{"line":51,"column":2},"end":{"line":67,"column":null}},"16":{"start":{"line":69,"column":1},"end":{"line":28,"column":20}},"17":{"start":{"line":15,"column":13},"end":{"line":28,"column":20}},"18":{"start":{"line":28,"column":13},"end":{"line":15,"column":13}},"19":{"start":{"line":71,"column":20},"end":{"line":71,"column":null}}},"fnMap":{"0":{"name":"Form","decl":{"start":{"line":15,"column":9},"end":{"line":15,"column":13}},"loc":{"start":{"line":15,"column":16},"end":{"line":69,"column":1}}},"1":{"name":"(anonymous_2)","decl":{"start":{"line":19,"column":37},"end":{"line":19,"column":47}},"loc":{"start":{"line":19,"column":47},"end":{"line":19,"column":69}}},"2":{"name":"(anonymous_3)","decl":{"start":{"line":30,"column":42},"end":{"line":30,"column":51}},"loc":{"start":{"line":30,"column":51},"end":{"line":41,"column":null}}},"3":{"name":"(anonymous_4)","decl":{"start":{"line":43,"column":12},"end":{"line":43,"column":18}},"loc":{"start":{"line":43,"column":18},"end":{"line":49,"column":5}}},"4":{"name":"(anonymous_5)","decl":{"start":{"line":46,"column":17},"end":{"line":46,"column":23}},"loc":{"start":{"line":46,"column":23},"end":{"line":46,"column":42}}},"5":{"name":"(anonymous_6)","decl":{"start":{"line":15,"column":13},"end":{"line":15,"column":16}},"loc":{"start":{"line":15,"column":13},"end":{"line":28,"column":20}}}},"branchMap":{"0":{"loc":{"start":{"line":44,"column":4},"end":{"line":48,"column":null}},"type":"if","locations":[{"start":{"line":44,"column":4},"end":{"line":48,"column":null}}]},"1":{"loc":{"start":{"line":65,"column":36},"end":{"line":65,"column":63}},"type":"cond-expr","locations":[{"start":{"line":65,"column":46},"end":{"line":65,"column":57}},{"start":{"line":65,"column":57},"end":{"line":65,"column":63}}]}},"s":{"0":108,"1":108,"2":108,"3":108,"4":162,"5":108,"6":108,"7":108,"8":6,"9":108,"10":42,"11":6,"12":6,"13":0,"14":6,"15":108,"16":33,"17":18,"18":33,"19":33},"f":{"0":108,"1":162,"2":6,"3":42,"4":0,"5":18},"b":{"0":[6],"1":[12,96]}}
,"C:/rs-school/react/rss-react/src/components/Header/Header.tsx": {"path":"C:/rs-school/react/rss-react/src/components/Header/Header.tsx","statementMap":{"0":{"start":{"line":6,"column":23},"end":{"line":6,"column":null}},"1":{"start":{"line":7,"column":19},"end":{"line":10,"column":null}},"2":{"start":{"line":13,"column":41},"end":{"line":13,"column":null}},"3":{"start":{"line":14,"column":21},"end":{"line":14,"column":null}},"4":{"start":{"line":14,"column":47},"end":{"line":14,"column":74}},"5":{"start":{"line":16,"column":19},"end":{"line":16,"column":null}},"6":{"start":{"line":18,"column":20},"end":{"line":20,"column":null}},"7":{"start":{"line":19,"column":4},"end":{"line":19,"column":null}},"8":{"start":{"line":22,"column":19},"end":{"line":28,"column":null}},"9":{"start":{"line":23,"column":17},"end":{"line":23,"column":null}},"10":{"start":{"line":24,"column":24},"end":{"line":24,"column":null}},"11":{"start":{"line":24,"column":50},"end":{"line":24,"column":68}},"12":{"start":{"line":25,"column":4},"end":{"line":27,"column":null}},"13":{"start":{"line":26,"column":6},"end":{"line":26,"column":null}},"14":{"start":{"line":26,"column":49},"end":{"line":26,"column":59}},"15":{"start":{"line":30,"column":2},"end":{"line":44,"column":null}},"16":{"start":{"line":35,"column":10},"end":{"line":40,"column":null}},"17":{"start":{"line":39,"column":27},"end":{"line":39,"column":null}},"18":{"start":{"line":46,"column":1},"end":{"line":16,"column":null}},"19":{"start":{"line":13,"column":15},"end":{"line":16,"column":null}},"20":{"start":{"line":16,"column":33},"end":{"line":13,"column":15}},"21":{"start":{"line":48,"column":22},"end":{"line":48,"column":null}}},"fnMap":{"0":{"name":"Header","decl":{"start":{"line":13,"column":9},"end":{"line":13,"column":15}},"loc":{"start":{"line":13,"column":41},"end":{"line":46,"column":1}}},"1":{"name":"(anonymous_2)","decl":{"start":{"line":14,"column":37},"end":{"line":14,"column":47}},"loc":{"start":{"line":14,"column":47},"end":{"line":14,"column":74}}},"2":{"name":"(anonymous_3)","decl":{"start":{"line":18,"column":20},"end":{"line":18,"column":21}},"loc":{"start":{"line":18,"column":38},"end":{"line":20,"column":null}}},"3":{"name":"(anonymous_4)","decl":{"start":{"line":22,"column":19},"end":{"line":22,"column":20}},"loc":{"start":{"line":22,"column":37},"end":{"line":28,"column":null}}},"4":{"name":"(anonymous_5)","decl":{"start":{"line":24,"column":41},"end":{"line":24,"column":50}},"loc":{"start":{"line":24,"column":50},"end":{"line":24,"column":68}}},"5":{"name":"(anonymous_6)","decl":{"start":{"line":26,"column":43},"end":{"line":26,"column":49}},"loc":{"start":{"line":26,"column":49},"end":{"line":26,"column":59}}},"6":{"name":"(anonymous_7)","decl":{"start":{"line":34,"column":25},"end":{"line":34,"column":null}},"loc":{"start":{"line":35,"column":10},"end":{"line":40,"column":null}}},"7":{"name":"(anonymous_8)","decl":{"start":{"line":39,"column":21},"end":{"line":39,"column":27}},"loc":{"start":{"line":39,"column":27},"end":{"line":39,"column":null}}},"8":{"name":"(anonymous_9)","decl":{"start":{"line":13,"column":15},"end":{"line":13,"column":16}},"loc":{"start":{"line":13,"column":15},"end":{"line":16,"column":null}}}},"branchMap":{"0":{"loc":{"start":{"line":25,"column":4},"end":{"line":27,"column":null}},"type":"if","locations":[{"start":{"line":25,"column":4},"end":{"line":27,"column":null}}]},"1":{"loc":{"start":{"line":26,"column":13},"end":{"line":26,"column":null}},"type":"cond-expr","locations":[{"start":{"line":26,"column":63},"end":{"line":26,"column":83}},{"start":{"line":26,"column":83},"end":{"line":26,"column":null}}]},"2":{"loc":{"start":{"line":26,"column":13},"end":{"line":26,"column":63}},"type":"binary-expr","locations":[{"start":{"line":26,"column":13},"end":{"line":26,"column":21}},{"start":{"line":26,"column":21},"end":{"line":26,"column":63}}]}},"s":{"0":33,"1":33,"2":156,"3":156,"4":455,"5":156,"6":156,"7":12,"8":156,"9":156,"10":156,"11":192,"12":156,"13":156,"14":198,"15":156,"16":468,"17":12,"18":33,"19":33,"20":33,"21":33},"f":{"0":156,"1":455,"2":12,"3":156,"4":192,"5":198,"6":468,"7":12,"8":33},"b":{"0":[156],"1":[66,90],"2":[156,66]}}
,"C:/rs-school/react/rss-react/src/components/ModalCard/ModalCard.tsx": {"path":"C:/rs-school/react/rss-react/src/components/ModalCard/ModalCard.tsx","statementMap":{"0":{"start":{"line":12,"column":3},"end":{"line":12,"column":null}},"1":{"start":{"line":13,"column":44},"end":{"line":13,"column":null}},"2":{"start":{"line":15,"column":30},"end":{"line":18,"column":null}},"3":{"start":{"line":20,"column":37},"end":{"line":23,"column":null}},"4":{"start":{"line":25,"column":2},"end":{"line":31,"column":null}},"5":{"start":{"line":26,"column":4},"end":{"line":30,"column":null}},"6":{"start":{"line":27,"column":6},"end":{"line":27,"column":null}},"7":{"start":{"line":29,"column":6},"end":{"line":29,"column":null}},"8":{"start":{"line":33,"column":2},"end":{"line":37,"column":null}},"9":{"start":{"line":34,"column":4},"end":{"line":36,"column":null}},"10":{"start":{"line":35,"column":6},"end":{"line":35,"column":null}},"11":{"start":{"line":39,"column":2},"end":{"line":83,"column":null}},"12":{"start":{"line":40,"column":76},"end":{"line":40,"column":null}},"13":{"start":{"line":41,"column":53},"end":{"line":41,"column":null}},"14":{"start":{"line":85,"column":1},"end":{"line":20,"column":62}},"15":{"start":{"line":8,"column":18},"end":{"line":20,"column":62}},"16":{"start":{"line":20,"column":61},"end":{"line":8,"column":18}},"17":{"start":{"line":87,"column":25},"end":{"line":87,"column":null}}},"fnMap":{"0":{"name":"ModalCard","decl":{"start":{"line":8,"column":9},"end":{"line":8,"column":18}},"loc":{"start":{"line":12,"column":3},"end":{"line":85,"column":1}}},"1":{"name":"(anonymous_2)","decl":{"start":{"line":25,"column":12},"end":{"line":25,"column":18}},"loc":{"start":{"line":25,"column":18},"end":{"line":31,"column":5}}},"2":{"name":"(anonymous_3)","decl":{"start":{"line":33,"column":12},"end":{"line":33,"column":18}},"loc":{"start":{"line":33,"column":18},"end":{"line":37,"column":5}}},"3":{"name":"(anonymous_4)","decl":{"start":{"line":40,"column":70},"end":{"line":40,"column":76}},"loc":{"start":{"line":40,"column":76},"end":{"line":40,"column":null}}},"4":{"name":"(anonymous_5)","decl":{"start":{"line":41,"column":47},"end":{"line":41,"column":53}},"loc":{"start":{"line":41,"column":53},"end":{"line":41,"column":null}}},"5":{"name":"(anonymous_6)","decl":{"start":{"line":8,"column":18},"end":{"line":8,"column":19}},"loc":{"start":{"line":8,"column":18},"end":{"line":20,"column":62}}}},"branchMap":{"0":{"loc":{"start":{"line":26,"column":4},"end":{"line":30,"column":null}},"type":"if","locations":[{"start":{"line":26,"column":4},"end":{"line":30,"column":null}},{"start":{"line":28,"column":11},"end":{"line":30,"column":null}}]},"1":{"loc":{"start":{"line":34,"column":4},"end":{"line":36,"column":null}},"type":"if","locations":[{"start":{"line":34,"column":4},"end":{"line":36,"column":null}}]},"2":{"loc":{"start":{"line":40,"column":29},"end":{"line":40,"column":61}},"type":"cond-expr","locations":[{"start":{"line":40,"column":44},"end":{"line":40,"column":55}},{"start":{"line":40,"column":55},"end":{"line":40,"column":61}}]},"3":{"loc":{"start":{"line":48,"column":9},"end":{"line":80,"column":null}},"type":"cond-expr","locations":[{"start":{"line":49,"column":10},"end":{"line":75,"column":null}},{"start":{"line":77,"column":10},"end":{"line":80,"column":null}}]},"4":{"loc":{"start":{"line":50,"column":41},"end":{"line":50,"column":88}},"type":"cond-expr","locations":[{"start":{"line":50,"column":63},"end":{"line":50,"column":85}},{"start":{"line":50,"column":85},"end":{"line":50,"column":88}}]},"5":{"loc":{"start":{"line":52,"column":15},"end":{"line":52,"column":null}},"type":"cond-expr","locations":[{"start":{"line":52,"column":38},"end":{"line":52,"column":72}},{"start":{"line":52,"column":72},"end":{"line":52,"column":null}}]},"6":{"loc":{"start":{"line":55,"column":15},"end":{"line":55,"column":null}},"type":"cond-expr","locations":[{"start":{"line":55,"column":45},"end":{"line":55,"column":95}},{"start":{"line":55,"column":95},"end":{"line":55,"column":null}}]},"7":{"loc":{"start":{"line":58,"column":15},"end":{"line":58,"column":null}},"type":"cond-expr","locations":[{"start":{"line":58,"column":39},"end":{"line":58,"column":75}},{"start":{"line":58,"column":75},"end":{"line":58,"column":null}}]},"8":{"loc":{"start":{"line":61,"column":19},"end":{"line":61,"column":72}},"type":"cond-expr","locations":[{"start":{"line":61,"column":44},"end":{"line":61,"column":69}},{"start":{"line":61,"column":69},"end":{"line":61,"column":72}}]},"9":{"loc":{"start":{"line":63,"column":13},"end":{"line":68,"column":null}},"type":"cond-expr","locations":[{"start":{"line":64,"column":14},"end":{"line":67,"column":null}},{"start":{"line":68,"column":16},"end":{"line":68,"column":null}}]},"10":{"loc":{"start":{"line":70,"column":26},"end":{"line":70,"column":null}},"type":"cond-expr","locations":[{"start":{"line":70,"column":49},"end":{"line":70,"column":82}},{"start":{"line":70,"column":82},"end":{"line":70,"column":null}}]},"11":{"loc":{"start":{"line":73,"column":27},"end":{"line":73,"column":null}},"type":"cond-expr","locations":[{"start":{"line":73,"column":51},"end":{"line":73,"column":85}},{"start":{"line":73,"column":85},"end":{"line":73,"column":null}}]}},"s":{"0":0,"1":0,"2":0,"3":0,"4":0,"5":0,"6":0,"7":0,"8":0,"9":0,"10":0,"11":0,"12":0,"13":0,"14":33,"15":0,"16":33,"17":33},"f":{"0":0,"1":0,"2":0,"3":0,"4":0,"5":0},"b":{"0":[0,0],"1":[0],"2":[0,0],"3":[0,0],"4":[0,0],"5":[0,0],"6":[0,0],"7":[0,0],"8":[0,0],"9":[0,0],"10":[0,0],"11":[0,0]}}
,"C:/rs-school/react/rss-react/src/components/MoviesCard/MoviesCard.tsx": {"path":"C:/rs-school/react/rss-react/src/components/MoviesCard/MoviesCard.tsx","statementMap":{"0":{"start":{"line":1,"column":62},"end":{"line":1,"column":null}},"1":{"start":{"line":17,"column":2},"end":{"line":46,"column":null}},"2":{"start":{"line":21,"column":8},"end":{"line":21,"column":null}},"3":{"start":{"line":22,"column":8},"end":{"line":22,"column":null}},"4":{"start":{"line":48,"column":1},"end":{"line":4,"column":20}},"5":{"start":{"line":50,"column":26},"end":{"line":50,"column":null}}},"fnMap":{"0":{"name":"(anonymous_0)","decl":{"start":{"line":1,"column":62},"end":{"line":1,"column":null}},"loc":{"start":{"line":1,"column":62},"end":{"line":1,"column":null}}},"1":{"name":"MoviesCard","decl":{"start":{"line":4,"column":9},"end":{"line":4,"column":20}},"loc":{"start":{"line":16,"column":3},"end":{"line":48,"column":1}}},"2":{"name":"(anonymous_2)","decl":{"start":{"line":20,"column":15},"end":{"line":20,"column":21}},"loc":{"start":{"line":20,"column":21},"end":{"line":23,"column":null}}}},"branchMap":{"0":{"loc":{"start":{"line":1,"column":62},"end":{"line":1,"column":null}},"type":"if","locations":[{"start":{"line":1,"column":62},"end":{"line":1,"column":null}}]},"1":{"loc":{"start":{"line":22,"column":27},"end":{"line":22,"column":50}},"type":"cond-expr","locations":[{"start":{"line":22,"column":38},"end":{"line":22,"column":49}},{"start":{"line":22,"column":49},"end":{"line":22,"column":50}}]},"2":{"loc":{"start":{"line":36,"column":9},"end":{"line":41,"column":null}},"type":"cond-expr","locations":[{"start":{"line":37,"column":10},"end":{"line":40,"column":null}},{"start":{"line":41,"column":12},"end":{"line":41,"column":null}}]},"3":{"loc":{"start":{"line":42,"column":9},"end":{"line":42,"column":null}},"type":"cond-expr","locations":[{"start":{"line":42,"column":22},"end":{"line":42,"column":90}},{"start":{"line":42,"column":90},"end":{"line":42,"column":null}}]},"4":{"loc":{"start":{"line":43,"column":9},"end":{"line":43,"column":null}},"type":"cond-expr","locations":[{"start":{"line":43,"column":24},"end":{"line":43,"column":62}},{"start":{"line":43,"column":62},"end":{"line":43,"column":null}}]},"5":{"loc":{"start":{"line":44,"column":31},"end":{"line":44,"column":56}},"type":"cond-expr","locations":[{"start":{"line":44,"column":45},"end":{"line":44,"column":53}},{"start":{"line":44,"column":53},"end":{"line":44,"column":56}}]}},"s":{"0":231,"1":12,"2":0,"3":0,"4":33,"5":33},"f":{"0":33,"1":12,"2":0},"b":{"0":[33],"1":[0,0],"2":[0,12],"3":[12,0],"4":[12,0],"5":[12,0]}}
,"C:/rs-school/react/rss-react/src/components/MoviesCardsField/MoviesCardsField.tsx": {"path":"C:/rs-school/react/rss-react/src/components/MoviesCardsField/MoviesCardsField.tsx","statementMap":{"0":{"start":{"line":5,"column":28},"end":{"line":5,"column":null}},"1":{"start":{"line":6,"column":21},"end":{"line":6,"column":null}},"2":{"start":{"line":6,"column":47},"end":{"line":6,"column":69}},"3":{"start":{"line":8,"column":2},"end":{"line":21,"column":null}},"4":{"start":{"line":11,"column":8},"end":{"line":19,"column":null}},"5":{"start":{"line":23,"column":1},"end":{"line":6,"column":37}},"6":{"start":{"line":5,"column":25},"end":{"line":6,"column":37}},"7":{"start":{"line":6,"column":35},"end":{"line":5,"column":25}},"8":{"start":{"line":25,"column":32},"end":{"line":25,"column":null}}},"fnMap":{"0":{"name":"MoviesCardsField","decl":{"start":{"line":5,"column":9},"end":{"line":5,"column":25}},"loc":{"start":{"line":5,"column":28},"end":{"line":23,"column":1}}},"1":{"name":"(anonymous_2)","decl":{"start":{"line":6,"column":37},"end":{"line":6,"column":47}},"loc":{"start":{"line":6,"column":47},"end":{"line":6,"column":69}}},"2":{"name":"(anonymous_3)","decl":{"start":{"line":10,"column":23},"end":{"line":10,"column":null}},"loc":{"start":{"line":11,"column":8},"end":{"line":19,"column":null}}},"3":{"name":"(anonymous_4)","decl":{"start":{"line":5,"column":25},"end":{"line":5,"column":28}},"loc":{"start":{"line":5,"column":25},"end":{"line":6,"column":37}}}},"branchMap":{"0":{"loc":{"start":{"line":16,"column":16},"end":{"line":16,"column":null}},"type":"cond-expr","locations":[{"start":{"line":16,"column":28},"end":{"line":16,"column":40}},{"start":{"line":16,"column":40},"end":{"line":16,"column":null}}]},"1":{"loc":{"start":{"line":17,"column":18},"end":{"line":17,"column":null}},"type":"cond-expr","locations":[{"start":{"line":17,"column":32},"end":{"line":17,"column":46}},{"start":{"line":17,"column":46},"end":{"line":17,"column":null}}]}},"s":{"0":72,"1":72,"2":126,"3":72,"4":12,"5":33,"6":18,"7":33,"8":33},"f":{"0":72,"1":126,"2":12,"3":18},"b":{"0":[12,0],"1":[12,0]}}
,"C:/rs-school/react/rss-react/src/components/RadioField/RadioField.tsx": {"path":"C:/rs-school/react/rss-react/src/components/RadioField/RadioField.tsx","statementMap":{"0":{"start":{"line":1,"column":62},"end":{"line":1,"column":null}},"1":{"start":{"line":6,"column":25},"end":{"line":11,"column":null}},"2":{"start":{"line":14,"column":2},"end":{"line":27,"column":null}},"3":{"start":{"line":19,"column":10},"end":{"line":23,"column":null}},"4":{"start":{"line":29,"column":1},"end":{"line":5,"column":20}},"5":{"start":{"line":31,"column":26},"end":{"line":31,"column":null}}},"fnMap":{"0":{"name":"(anonymous_0)","decl":{"start":{"line":1,"column":62},"end":{"line":1,"column":null}},"loc":{"start":{"line":1,"column":62},"end":{"line":1,"column":null}}},"1":{"name":"RadioField","decl":{"start":{"line":5,"column":9},"end":{"line":5,"column":20}},"loc":{"start":{"line":5,"column":93},"end":{"line":29,"column":1}}},"2":{"name":"(anonymous_2)","decl":{"start":{"line":18,"column":29},"end":{"line":18,"column":null}},"loc":{"start":{"line":19,"column":10},"end":{"line":23,"column":null}}}},"branchMap":{"0":{"loc":{"start":{"line":1,"column":62},"end":{"line":1,"column":null}},"type":"if","locations":[{"start":{"line":1,"column":62},"end":{"line":1,"column":null}}]},"1":{"loc":{"start":{"line":26,"column":41},"end":{"line":26,"column":80}},"type":"cond-expr","locations":[{"start":{"line":26,"column":63},"end":{"line":26,"column":74}},{"start":{"line":26,"column":74},"end":{"line":26,"column":80}}]}},"s":{"0":231,"1":108,"2":108,"3":540,"4":33,"5":33},"f":{"0":33,"1":108,"2":540},"b":{"0":[33],"1":[12,96]}}
,"C:/rs-school/react/rss-react/src/components/UI/HeaderButtom/HeaderButtom.tsx": {"path":"C:/rs-school/react/rss-react/src/components/UI/HeaderButtom/HeaderButtom.tsx","statementMap":{"0":{"start":{"line":1,"column":39},"end":{"line":1,"column":null}},"1":{"start":{"line":9,"column":46},"end":{"line":9,"column":null}},"2":{"start":{"line":10,"column":2},"end":{"line":15,"column":null}},"3":{"start":{"line":17,"column":1},"end":{"line":3,"column":22}},"4":{"start":{"line":19,"column":28},"end":{"line":19,"column":null}}},"fnMap":{"0":{"name":"(anonymous_0)","decl":{"start":{"line":1,"column":39},"end":{"line":1,"column":null}},"loc":{"start":{"line":1,"column":39},"end":{"line":1,"column":null}}},"1":{"name":"HeaderButtom","decl":{"start":{"line":3,"column":9},"end":{"line":3,"column":22}},"loc":{"start":{"line":8,"column":3},"end":{"line":17,"column":1}}}},"branchMap":{"0":{"loc":{"start":{"line":1,"column":39},"end":{"line":1,"column":null}},"type":"if","locations":[{"start":{"line":1,"column":39},"end":{"line":1,"column":null}}]},"1":{"loc":{"start":{"line":11,"column":33},"end":{"line":11,"column":null}},"type":"cond-expr","locations":[{"start":{"line":11,"column":55},"end":{"line":11,"column":66}},{"start":{"line":11,"column":66},"end":{"line":11,"column":null}}]}},"s":{"0":231,"1":468,"2":468,"3":33,"4":33},"f":{"0":33,"1":468},"b":{"0":[33],"1":[156,312]}}
,"C:/rs-school/react/rss-react/src/components/UI/InputAdult/InputAdult.tsx": {"path":"C:/rs-school/react/rss-react/src/components/UI/InputAdult/InputAdult.tsx","statementMap":{"0":{"start":{"line":1,"column":49},"end":{"line":1,"column":null}},"1":{"start":{"line":5,"column":2},"end":{"line":11,"column":null}},"2":{"start":{"line":13,"column":1},"end":{"line":4,"column":20}},"3":{"start":{"line":15,"column":26},"end":{"line":15,"column":null}}},"fnMap":{"0":{"name":"(anonymous_0)","decl":{"start":{"line":1,"column":49},"end":{"line":1,"column":null}},"loc":{"start":{"line":1,"column":49},"end":{"line":1,"column":null}}},"1":{"name":"InputAdult","decl":{"start":{"line":4,"column":9},"end":{"line":4,"column":20}},"loc":{"start":{"line":4,"column":65},"end":{"line":13,"column":1}}}},"branchMap":{"0":{"loc":{"start":{"line":1,"column":49},"end":{"line":1,"column":null}},"type":"if","locations":[{"start":{"line":1,"column":49},"end":{"line":1,"column":null}}]}},"s":{"0":231,"1":108,"2":33,"3":33},"f":{"0":33,"1":108},"b":{"0":[33]}}
,"C:/rs-school/react/rss-react/src/components/UI/InputDate/InputDate.tsx": {"path":"C:/rs-school/react/rss-react/src/components/UI/InputDate/InputDate.tsx","statementMap":{"0":{"start":{"line":1,"column":62},"end":{"line":1,"column":null}},"1":{"start":{"line":5,"column":2},"end":{"line":20,"column":null}},"2":{"start":{"line":22,"column":1},"end":{"line":4,"column":19}},"3":{"start":{"line":24,"column":25},"end":{"line":24,"column":null}}},"fnMap":{"0":{"name":"(anonymous_0)","decl":{"start":{"line":1,"column":62},"end":{"line":1,"column":null}},"loc":{"start":{"line":1,"column":62},"end":{"line":1,"column":null}}},"1":{"name":"InputDate","decl":{"start":{"line":4,"column":9},"end":{"line":4,"column":19}},"loc":{"start":{"line":4,"column":92},"end":{"line":22,"column":1}}}},"branchMap":{"0":{"loc":{"start":{"line":1,"column":62},"end":{"line":1,"column":null}},"type":"if","locations":[{"start":{"line":1,"column":62},"end":{"line":1,"column":null}}]},"1":{"loc":{"start":{"line":16,"column":43},"end":{"line":16,"column":null}},"type":"cond-expr","locations":[{"start":{"line":16,"column":63},"end":{"line":16,"column":74}},{"start":{"line":16,"column":74},"end":{"line":16,"column":null}}]}},"s":{"0":231,"1":108,"2":33,"3":33},"f":{"0":33,"1":108},"b":{"0":[33],"1":[12,96]}}
,"C:/rs-school/react/rss-react/src/components/UI/InputPoster/InputPoster.tsx": {"path":"C:/rs-school/react/rss-react/src/components/UI/InputPoster/InputPoster.tsx","statementMap":{"0":{"start":{"line":1,"column":62},"end":{"line":1,"column":null}},"1":{"start":{"line":9,"column":2},"end":{"line":25,"column":null}},"2":{"start":{"line":18,"column":27},"end":{"line":18,"column":65}},"3":{"start":{"line":27,"column":1},"end":{"line":4,"column":21}},"4":{"start":{"line":29,"column":27},"end":{"line":29,"column":null}}},"fnMap":{"0":{"name":"(anonymous_0)","decl":{"start":{"line":1,"column":62},"end":{"line":1,"column":null}},"loc":{"start":{"line":1,"column":62},"end":{"line":1,"column":null}}},"1":{"name":"InputPoster","decl":{"start":{"line":4,"column":9},"end":{"line":4,"column":21}},"loc":{"start":{"line":8,"column":3},"end":{"line":27,"column":1}}},"2":{"name":"(anonymous_2)","decl":{"start":{"line":18,"column":21},"end":{"line":18,"column":27}},"loc":{"start":{"line":18,"column":27},"end":{"line":18,"column":65}}}},"branchMap":{"0":{"loc":{"start":{"line":1,"column":62},"end":{"line":1,"column":null}},"type":"if","locations":[{"start":{"line":1,"column":62},"end":{"line":1,"column":null}}]},"1":{"loc":{"start":{"line":22,"column":41},"end":{"line":22,"column":78}},"type":"cond-expr","locations":[{"start":{"line":22,"column":62},"end":{"line":22,"column":73}},{"start":{"line":22,"column":73},"end":{"line":22,"column":78}}]}},"s":{"0":231,"1":108,"2":6,"3":33,"4":33},"f":{"0":33,"1":108,"2":6},"b":{"0":[33],"1":[12,96]}}
,"C:/rs-school/react/rss-react/src/components/UI/InputRadio/InputRadio.tsx": {"path":"C:/rs-school/react/rss-react/src/components/UI/InputRadio/InputRadio.tsx","statementMap":{"0":{"start":{"line":1,"column":49},"end":{"line":1,"column":null}},"1":{"start":{"line":5,"column":2},"end":{"line":14,"column":null}},"2":{"start":{"line":16,"column":1},"end":{"line":4,"column":20}},"3":{"start":{"line":18,"column":26},"end":{"line":18,"column":null}}},"fnMap":{"0":{"name":"(anonymous_0)","decl":{"start":{"line":1,"column":49},"end":{"line":1,"column":null}},"loc":{"start":{"line":1,"column":49},"end":{"line":1,"column":null}}},"1":{"name":"InputRadio","decl":{"start":{"line":4,"column":9},"end":{"line":4,"column":20}},"loc":{"start":{"line":4,"column":79},"end":{"line":16,"column":1}}}},"branchMap":{"0":{"loc":{"start":{"line":1,"column":49},"end":{"line":1,"column":null}},"type":"if","locations":[{"start":{"line":1,"column":49},"end":{"line":1,"column":null}}]}},"s":{"0":231,"1":540,"2":33,"3":33},"f":{"0":33,"1":540},"b":{"0":[33]}}
,"C:/rs-school/react/rss-react/src/components/UI/InputSelect/InputSelect.tsx": {"path":"C:/rs-school/react/rss-react/src/components/UI/InputSelect/InputSelect.tsx","statementMap":{"0":{"start":{"line":1,"column":62},"end":{"line":1,"column":null}},"1":{"start":{"line":5,"column":2},"end":{"line":26,"column":null}},"2":{"start":{"line":28,"column":1},"end":{"line":4,"column":21}},"3":{"start":{"line":30,"column":27},"end":{"line":30,"column":null}}},"fnMap":{"0":{"name":"(anonymous_0)","decl":{"start":{"line":1,"column":62},"end":{"line":1,"column":null}},"loc":{"start":{"line":1,"column":62},"end":{"line":1,"column":null}}},"1":{"name":"InputSelect","decl":{"start":{"line":4,"column":9},"end":{"line":4,"column":21}},"loc":{"start":{"line":4,"column":94},"end":{"line":28,"column":1}}}},"branchMap":{"0":{"loc":{"start":{"line":1,"column":62},"end":{"line":1,"column":null}},"type":"if","locations":[{"start":{"line":1,"column":62},"end":{"line":1,"column":null}}]},"1":{"loc":{"start":{"line":25,"column":41},"end":{"line":25,"column":79}},"type":"cond-expr","locations":[{"start":{"line":25,"column":62},"end":{"line":25,"column":73}},{"start":{"line":25,"column":73},"end":{"line":25,"column":79}}]}},"s":{"0":231,"1":108,"2":33,"3":33},"f":{"0":33,"1":108},"b":{"0":[33],"1":[12,96]}}
,"C:/rs-school/react/rss-react/src/components/UI/InputTitle/InputTitle.tsx": {"path":"C:/rs-school/react/rss-react/src/components/UI/InputTitle/InputTitle.tsx","statementMap":{"0":{"start":{"line":1,"column":62},"end":{"line":1,"column":null}},"1":{"start":{"line":5,"column":2},"end":{"line":17,"column":null}},"2":{"start":{"line":19,"column":1},"end":{"line":4,"column":20}},"3":{"start":{"line":21,"column":26},"end":{"line":21,"column":null}}},"fnMap":{"0":{"name":"(anonymous_0)","decl":{"start":{"line":1,"column":62},"end":{"line":1,"column":null}},"loc":{"start":{"line":1,"column":62},"end":{"line":1,"column":null}}},"1":{"name":"InputTitle","decl":{"start":{"line":4,"column":9},"end":{"line":4,"column":20}},"loc":{"start":{"line":4,"column":93},"end":{"line":19,"column":1}}}},"branchMap":{"0":{"loc":{"start":{"line":1,"column":62},"end":{"line":1,"column":null}},"type":"if","locations":[{"start":{"line":1,"column":62},"end":{"line":1,"column":null}}]},"1":{"loc":{"start":{"line":16,"column":41},"end":{"line":16,"column":79}},"type":"cond-expr","locations":[{"start":{"line":16,"column":62},"end":{"line":16,"column":73}},{"start":{"line":16,"column":73},"end":{"line":16,"column":79}}]}},"s":{"0":231,"1":108,"2":33,"3":33},"f":{"0":33,"1":108},"b":{"0":[33],"1":[12,96]}}
,"C:/rs-school/react/rss-react/src/components/UI/SearchBar/SearchBar.tsx": {"path":"C:/rs-school/react/rss-react/src/components/UI/SearchBar/SearchBar.tsx","statementMap":{"0":{"start":{"line":8,"column":21},"end":{"line":8,"column":null}},"1":{"start":{"line":9,"column":22},"end":{"line":9,"column":null}},"2":{"start":{"line":9,"column":48},"end":{"line":9,"column":77}},"3":{"start":{"line":11,"column":19},"end":{"line":11,"column":null}},"4":{"start":{"line":13,"column":71},"end":{"line":17,"column":null}},"5":{"start":{"line":14,"column":4},"end":{"line":16,"column":null}},"6":{"start":{"line":15,"column":6},"end":{"line":15,"column":null}},"7":{"start":{"line":19,"column":2},"end":{"line":21,"column":null}},"8":{"start":{"line":20,"column":4},"end":{"line":20,"column":null}},"9":{"start":{"line":23,"column":2},"end":{"line":35,"column":null}},"10":{"start":{"line":31,"column":27},"end":{"line":31,"column":null}},"11":{"start":{"line":32,"column":28},"end":{"line":32,"column":45}},"12":{"start":{"line":37,"column":1},"end":{"line":11,"column":null}},"13":{"start":{"line":8,"column":18},"end":{"line":11,"column":null}},"14":{"start":{"line":11,"column":33},"end":{"line":8,"column":18}},"15":{"start":{"line":39,"column":25},"end":{"line":39,"column":null}}},"fnMap":{"0":{"name":"SearchBar","decl":{"start":{"line":8,"column":9},"end":{"line":8,"column":18}},"loc":{"start":{"line":8,"column":21},"end":{"line":37,"column":1}}},"1":{"name":"(anonymous_2)","decl":{"start":{"line":9,"column":38},"end":{"line":9,"column":48}},"loc":{"start":{"line":9,"column":48},"end":{"line":9,"column":77}}},"2":{"name":"(anonymous_3)","decl":{"start":{"line":13,"column":71},"end":{"line":13,"column":77}},"loc":{"start":{"line":13,"column":77},"end":{"line":17,"column":null}}},"3":{"name":"(anonymous_4)","decl":{"start":{"line":19,"column":12},"end":{"line":19,"column":18}},"loc":{"start":{"line":19,"column":18},"end":{"line":21,"column":5}}},"4":{"name":"(anonymous_5)","decl":{"start":{"line":31,"column":21},"end":{"line":31,"column":27}},"loc":{"start":{"line":31,"column":27},"end":{"line":31,"column":null}}},"5":{"name":"(anonymous_6)","decl":{"start":{"line":32,"column":22},"end":{"line":32,"column":28}},"loc":{"start":{"line":32,"column":28},"end":{"line":32,"column":45}}},"6":{"name":"(anonymous_7)","decl":{"start":{"line":8,"column":18},"end":{"line":8,"column":21}},"loc":{"start":{"line":8,"column":18},"end":{"line":11,"column":null}}}},"branchMap":{"0":{"loc":{"start":{"line":14,"column":4},"end":{"line":16,"column":null}},"type":"if","locations":[{"start":{"line":14,"column":4},"end":{"line":16,"column":null}}]}},"s":{"0":132,"1":132,"2":341,"3":132,"4":132,"5":42,"6":6,"7":132,"8":30,"9":132,"10":36,"11":42,"12":33,"13":15,"14":33,"15":33},"f":{"0":132,"1":341,"2":42,"3":30,"4":36,"5":42,"6":15},"b":{"0":[6]}}
,"C:/rs-school/react/rss-react/src/pages/AboutUs/AboutUs.tsx": {"path":"C:/rs-school/react/rss-react/src/pages/AboutUs/AboutUs.tsx","statementMap":{"0":{"start":{"line":3,"column":49},"end":{"line":3,"column":null}},"1":{"start":{"line":4,"column":2},"end":{"line":6,"column":null}},"2":{"start":{"line":5,"column":4},"end":{"line":5,"column":null}},"3":{"start":{"line":8,"column":2},"end":{"line":15,"column":null}},"4":{"start":{"line":17,"column":1},"end":{"line":3,"column":17}},"5":{"start":{"line":3,"column":16},"end":{"line":null,"column":-1}},"6":{"start":{"line":19,"column":23},"end":{"line":19,"column":null}}},"fnMap":{"0":{"name":"AboutUs","decl":{"start":{"line":3,"column":9},"end":{"line":3,"column":16}},"loc":{"start":{"line":3,"column":49},"end":{"line":17,"column":1}}},"1":{"name":"(anonymous_2)","decl":{"start":{"line":4,"column":12},"end":{"line":4,"column":18}},"loc":{"start":{"line":4,"column":18},"end":{"line":6,"column":5}}}},"branchMap":{},"s":{"0":12,"1":12,"2":12,"3":12,"4":33,"5":33,"6":33},"f":{"0":12,"1":12},"b":{}}
,"C:/rs-school/react/rss-react/src/pages/Forms/Forms.tsx": {"path":"C:/rs-school/react/rss-react/src/pages/Forms/Forms.tsx","statementMap":{"0":{"start":{"line":5,"column":47},"end":{"line":5,"column":null}},"1":{"start":{"line":6,"column":2},"end":{"line":8,"column":null}},"2":{"start":{"line":7,"column":4},"end":{"line":7,"column":null}},"3":{"start":{"line":10,"column":2},"end":{"line":14,"column":null}},"4":{"start":{"line":16,"column":1},"end":{"line":5,"column":15}},"5":{"start":{"line":5,"column":14},"end":{"line":null,"column":-1}},"6":{"start":{"line":18,"column":21},"end":{"line":18,"column":null}}},"fnMap":{"0":{"name":"Forms","decl":{"start":{"line":5,"column":9},"end":{"line":5,"column":14}},"loc":{"start":{"line":5,"column":47},"end":{"line":16,"column":1}}},"1":{"name":"(anonymous_2)","decl":{"start":{"line":6,"column":12},"end":{"line":6,"column":18}},"loc":{"start":{"line":6,"column":18},"end":{"line":8,"column":5}}}},"branchMap":{},"s":{"0":60,"1":60,"2":48,"3":60,"4":33,"5":33,"6":33},"f":{"0":60,"1":48},"b":{}}
,"C:/rs-school/react/rss-react/src/pages/Home/Home.tsx": {"path":"C:/rs-school/react/rss-react/src/pages/Home/Home.tsx","statementMap":{"0":{"start":{"line":5,"column":46},"end":{"line":5,"column":null}},"1":{"start":{"line":6,"column":2},"end":{"line":8,"column":null}},"2":{"start":{"line":7,"column":4},"end":{"line":7,"column":null}},"3":{"start":{"line":10,"column":2},"end":{"line":14,"column":null}},"4":{"start":{"line":16,"column":1},"end":{"line":5,"column":14}},"5":{"start":{"line":5,"column":13},"end":{"line":null,"column":-1}},"6":{"start":{"line":18,"column":20},"end":{"line":18,"column":null}}},"fnMap":{"0":{"name":"Home","decl":{"start":{"line":5,"column":9},"end":{"line":5,"column":13}},"loc":{"start":{"line":5,"column":46},"end":{"line":16,"column":1}}},"1":{"name":"(anonymous_2)","decl":{"start":{"line":6,"column":12},"end":{"line":6,"column":18}},"loc":{"start":{"line":6,"column":18},"end":{"line":8,"column":5}}}},"branchMap":{},"s":{"0":60,"1":60,"2":45,"3":60,"4":33,"5":33,"6":33},"f":{"0":60,"1":45},"b":{}}
,"C:/rs-school/react/rss-react/src/pages/NotFound/NotFound.tsx": {"path":"C:/rs-school/react/rss-react/src/pages/NotFound/NotFound.tsx","statementMap":{"0":{"start":{"line":4,"column":50},"end":{"line":4,"column":null}},"1":{"start":{"line":5,"column":2},"end":{"line":7,"column":null}},"2":{"start":{"line":6,"column":4},"end":{"line":6,"column":null}},"3":{"start":{"line":9,"column":2},"end":{"line":15,"column":null}},"4":{"start":{"line":17,"column":1},"end":{"line":4,"column":18}},"5":{"start":{"line":4,"column":17},"end":{"line":null,"column":-1}},"6":{"start":{"line":19,"column":24},"end":{"line":19,"column":null}}},"fnMap":{"0":{"name":"NotFound","decl":{"start":{"line":4,"column":9},"end":{"line":4,"column":17}},"loc":{"start":{"line":4,"column":50},"end":{"line":17,"column":1}}},"1":{"name":"(anonymous_2)","decl":{"start":{"line":5,"column":12},"end":{"line":5,"column":18}},"loc":{"start":{"line":5,"column":18},"end":{"line":7,"column":5}}}},"branchMap":{},"s":{"0":24,"1":24,"2":18,"3":24,"4":33,"5":33,"6":33},"f":{"0":24,"1":18},"b":{}}
,"C:/rs-school/react/rss-react/src/store/activePageSlice.ts": {"path":"C:/rs-school/react/rss-react/src/store/activePageSlice.ts","statementMap":{"0":{"start":{"line":8,"column":33},"end":{"line":10,"column":null}},"1":{"start":{"line":12,"column":24},"end":{"line":20,"column":null}},"2":{"start":{"line":17,"column":6},"end":{"line":17,"column":null}},"3":{"start":{"line":22,"column":33},"end":{"line":22,"column":null}}},"fnMap":{"0":{"name":"(anonymous_0)","decl":{"start":{"line":16,"column":4},"end":{"line":16,"column":18}},"loc":{"start":{"line":16,"column":56},"end":{"line":18,"column":null}}}},"branchMap":{},"s":{"0":33,"1":33,"2":12,"3":33},"f":{"0":12},"b":{}}
,"C:/rs-school/react/rss-react/src/store/currentPathSlice.ts": {"path":"C:/rs-school/react/rss-react/src/store/currentPathSlice.ts","statementMap":{"0":{"start":{"line":7,"column":34},"end":{"line":9,"column":null}},"1":{"start":{"line":11,"column":25},"end":{"line":19,"column":null}},"2":{"start":{"line":16,"column":6},"end":{"line":16,"column":null}},"3":{"start":{"line":21,"column":34},"end":{"line":21,"column":null}}},"fnMap":{"0":{"name":"(anonymous_0)","decl":{"start":{"line":15,"column":4},"end":{"line":15,"column":19}},"loc":{"start":{"line":15,"column":57},"end":{"line":17,"column":null}}}},"branchMap":{},"s":{"0":33,"1":33,"2":123,"3":33},"f":{"0":123},"b":{}}
,"C:/rs-school/react/rss-react/src/store/formSlice.ts": {"path":"C:/rs-school/react/rss-react/src/store/formSlice.ts","statementMap":{"0":{"start":{"line":8,"column":33},"end":{"line":10,"column":null}},"1":{"start":{"line":12,"column":18},"end":{"line":20,"column":null}},"2":{"start":{"line":17,"column":6},"end":{"line":17,"column":null}},"3":{"start":{"line":22,"column":27},"end":{"line":22,"column":null}}},"fnMap":{"0":{"name":"(anonymous_0)","decl":{"start":{"line":16,"column":4},"end":{"line":16,"column":12}},"loc":{"start":{"line":16,"column":49},"end":{"line":18,"column":null}}}},"branchMap":{},"s":{"0":33,"1":33,"2":6,"3":33},"f":{"0":6},"b":{}}
,"C:/rs-school/react/rss-react/src/store/hooks.ts": {"path":"C:/rs-school/react/rss-react/src/store/hooks.ts","statementMap":{"0":{"start":{"line":4,"column":30},"end":{"line":4,"column":null}},"1":{"start":{"line":4,"column":36},"end":{"line":4,"column":null}},"2":{"start":{"line":5,"column":63},"end":{"line":5,"column":null}}},"fnMap":{"0":{"name":"(anonymous_0)","decl":{"start":{"line":4,"column":30},"end":{"line":4,"column":36}},"loc":{"start":{"line":4,"column":36},"end":{"line":4,"column":null}}}},"branchMap":{},"s":{"0":33,"1":594,"2":33},"f":{"0":594},"b":{}}
,"C:/rs-school/react/rss-react/src/store/index.ts": {"path":"C:/rs-school/react/rss-react/src/store/index.ts","statementMap":{"0":{"start":{"line":9,"column":14},"end":{"line":19,"column":null}},"1":{"start":{"line":18,"column":40},"end":{"line":18,"column":null}}},"fnMap":{"0":{"name":"(anonymous_0)","decl":{"start":{"line":18,"column":14},"end":{"line":18,"column":15}},"loc":{"start":{"line":18,"column":40},"end":{"line":18,"column":null}}}},"branchMap":{},"s":{"0":33,"1":33},"f":{"0":33},"b":{}}
,"C:/rs-school/react/rss-react/src/store/moviesApi.ts": {"path":"C:/rs-school/react/rss-react/src/store/moviesApi.ts","statementMap":{"0":{"start":{"line":14,"column":25},"end":{"line":44,"column":null}},"1":{"start":{"line":17,"column":25},"end":{"line":43,"column":null}},"2":{"start":{"line":19,"column":26},"end":{"line":24,"column":null}},"3":{"start":{"line":27,"column":43},"end":{"line":33,"column":null}},"4":{"start":{"line":36,"column":40},"end":{"line":41,"column":null}},"5":{"start":{"line":46,"column":90},"end":{"line":46,"column":null}}},"fnMap":{"0":{"name":"(anonymous_0)","decl":{"start":{"line":17,"column":13},"end":{"line":17,"column":14}},"loc":{"start":{"line":17,"column":25},"end":{"line":43,"column":null}}},"1":{"name":"(anonymous_1)","decl":{"start":{"line":19,"column":13},"end":{"line":19,"column":14}},"loc":{"start":{"line":19,"column":26},"end":{"line":24,"column":null}}},"2":{"name":"(anonymous_2)","decl":{"start":{"line":27,"column":13},"end":{"line":27,"column":14}},"loc":{"start":{"line":27,"column":43},"end":{"line":33,"column":null}}},"3":{"name":"(anonymous_3)","decl":{"start":{"line":36,"column":13},"end":{"line":36,"column":14}},"loc":{"start":{"line":36,"column":40},"end":{"line":41,"column":null}}}},"branchMap":{},"s":{"0":33,"1":33,"2":15,"3":21,"4":0,"5":33},"f":{"0":33,"1":15,"2":21,"3":0},"b":{}}
,"C:/rs-school/react/rss-react/src/store/searchQuerySlice.ts": {"path":"C:/rs-school/react/rss-react/src/store/searchQuerySlice.ts","statementMap":{"0":{"start":{"line":7,"column":34},"end":{"line":9,"column":null}},"1":{"start":{"line":11,"column":25},"end":{"line":19,"column":null}},"2":{"start":{"line":16,"column":6},"end":{"line":16,"column":null}},"3":{"start":{"line":21,"column":34},"end":{"line":21,"column":null}}},"fnMap":{"0":{"name":"(anonymous_0)","decl":{"start":{"line":15,"column":4},"end":{"line":15,"column":19}},"loc":{"start":{"line":15,"column":57},"end":{"line":17,"column":null}}}},"branchMap":{},"s":{"0":33,"1":33,"2":36,"3":33},"f":{"0":36},"b":{}}
,"C:/rs-school/react/rss-react/src/store/searchValueSlice.ts": {"path":"C:/rs-school/react/rss-react/src/store/searchValueSlice.ts","statementMap":{"0":{"start":{"line":7,"column":34},"end":{"line":9,"column":null}},"1":{"start":{"line":11,"column":25},"end":{"line":19,"column":null}},"2":{"start":{"line":16,"column":6},"end":{"line":16,"column":null}},"3":{"start":{"line":21,"column":34},"end":{"line":21,"column":null}}},"fnMap":{"0":{"name":"(anonymous_0)","decl":{"start":{"line":15,"column":4},"end":{"line":15,"column":19}},"loc":{"start":{"line":15,"column":57},"end":{"line":17,"column":null}}}},"branchMap":{},"s":{"0":33,"1":33,"2":36,"3":33},"f":{"0":36},"b":{}}
,"C:/rs-school/react/rss-react/src/utils/utils.tsx": {"path":"C:/rs-school/react/rss-react/src/utils/utils.tsx","statementMap":{"0":{"start":{"line":2,"column":2},"end":{"line":2,"column":null}},"1":{"start":{"line":5,"column":2},"end":{"line":11,"column":null}},"2":{"start":{"line":6,"column":4},"end":{"line":6,"column":null}},"3":{"start":{"line":7,"column":2},"end":{"line":11,"column":null}},"4":{"start":{"line":8,"column":4},"end":{"line":8,"column":null}},"5":{"start":{"line":10,"column":4},"end":{"line":10,"column":null}},"6":{"start":{"line":20,"column":14},"end":{"line":20,"column":null}},"7":{"start":{"line":20,"column":35},"end":{"line":20,"column":44}},"8":{"start":{"line":21,"column":2},"end":{"line":27,"column":null}},"9":{"start":{"line":22,"column":4},"end":{"line":22,"column":null}},"10":{"start":{"line":23,"column":2},"end":{"line":27,"column":null}},"11":{"start":{"line":24,"column":4},"end":{"line":24,"column":null}},"12":{"start":{"line":26,"column":4},"end":{"line":26,"column":null}},"13":{"start":{"line":31,"column":13},"end":{"line":31,"column":null}},"14":{"start":{"line":32,"column":13},"end":{"line":32,"column":null}},"15":{"start":{"line":33,"column":2},"end":{"line":33,"column":null}},"16":{"start":{"line":37,"column":2},"end":{"line":37,"column":null}},"17":{"start":{"line":41,"column":2},"end":{"line":49,"column":null}},"18":{"start":{"line":42,"column":4},"end":{"line":46,"column":null}},"19":{"start":{"line":43,"column":6},"end":{"line":43,"column":null}},"20":{"start":{"line":45,"column":6},"end":{"line":45,"column":null}},"21":{"start":{"line":48,"column":4},"end":{"line":48,"column":null}}},"fnMap":{"0":{"name":"getImage","decl":{"start":{"line":4,"column":16},"end":{"line":4,"column":25}},"loc":{"start":{"line":4,"column":88},"end":{"line":12,"column":null}}},"1":{"name":"getGanres","decl":{"start":{"line":14,"column":16},"end":{"line":14,"column":null}},"loc":{"start":{"line":19,"column":2},"end":{"line":28,"column":null}}},"2":{"name":"(anonymous_2)","decl":{"start":{"line":20,"column":26},"end":{"line":20,"column":35}},"loc":{"start":{"line":20,"column":35},"end":{"line":20,"column":44}}},"3":{"name":"getRuntime","decl":{"start":{"line":30,"column":16},"end":{"line":30,"column":27}},"loc":{"start":{"line":30,"column":44},"end":{"line":34,"column":null}}},"4":{"name":"getMoney","decl":{"start":{"line":36,"column":16},"end":{"line":36,"column":25}},"loc":{"start":{"line":36,"column":40},"end":{"line":38,"column":null}}},"5":{"name":"getFormsImagePath","decl":{"start":{"line":40,"column":16},"end":{"line":40,"column":34}},"loc":{"start":{"line":40,"column":58},"end":{"line":50,"column":null}}}},"branchMap":{"0":{"loc":{"start":{"line":5,"column":2},"end":{"line":11,"column":null}},"type":"if","locations":[{"start":{"line":5,"column":2},"end":{"line":11,"column":null}},{"start":{"line":7,"column":2},"end":{"line":11,"column":null}}]},"1":{"loc":{"start":{"line":5,"column":6},"end":{"line":5,"column":24}},"type":"binary-expr","locations":[{"start":{"line":5,"column":6},"end":{"line":5,"column":17}},{"start":{"line":5,"column":17},"end":{"line":5,"column":24}}]},"2":{"loc":{"start":{"line":7,"column":2},"end":{"line":11,"column":null}},"type":"if","locations":[{"start":{"line":7,"column":2},"end":{"line":11,"column":null}},{"start":{"line":9,"column":9},"end":{"line":11,"column":null}}]},"3":{"loc":{"start":{"line":7,"column":13},"end":{"line":7,"column":32}},"type":"binary-expr","locations":[{"start":{"line":7,"column":13},"end":{"line":7,"column":25}},{"start":{"line":7,"column":25},"end":{"line":7,"column":32}}]},"4":{"loc":{"start":{"line":21,"column":2},"end":{"line":27,"column":null}},"type":"if","locations":[{"start":{"line":21,"column":2},"end":{"line":27,"column":null}},{"start":{"line":23,"column":2},"end":{"line":27,"column":null}}]},"5":{"loc":{"start":{"line":23,"column":2},"end":{"line":27,"column":null}},"type":"if","locations":[{"start":{"line":23,"column":2},"end":{"line":27,"column":null}},{"start":{"line":25,"column":9},"end":{"line":27,"column":null}}]},"6":{"loc":{"start":{"line":32,"column":13},"end":{"line":32,"column":null}},"type":"cond-expr","locations":[{"start":{"line":32,"column":32},"end":{"line":32,"column":48}},{"start":{"line":32,"column":48},"end":{"line":32,"column":null}}]},"7":{"loc":{"start":{"line":41,"column":2},"end":{"line":49,"column":null}},"type":"if","locations":[{"start":{"line":41,"column":2},"end":{"line":49,"column":null}},{"start":{"line":47,"column":9},"end":{"line":49,"column":null}}]},"8":{"loc":{"start":{"line":42,"column":4},"end":{"line":46,"column":null}},"type":"if","locations":[{"start":{"line":42,"column":4},"end":{"line":46,"column":null}},{"start":{"line":44,"column":11},"end":{"line":46,"column":null}}]}},"s":{"0":33,"1":12,"2":0,"3":12,"4":12,"5":0,"6":0,"7":0,"8":0,"9":0,"10":0,"11":0,"12":0,"13":0,"14":0,"15":0,"16":0,"17":6,"18":6,"19":6,"20":0,"21":0},"f":{"0":12,"1":0,"2":0,"3":0,"4":0,"5":6},"b":{"0":[0,12],"1":[12,0],"2":[12,0],"3":[12,12],"4":[0,0],"5":[0,0],"6":[0,0],"7":[6,0],"8":[6,0]}}
}
