TN:
SF:src\App.tsx
FN:10,App
FN:11,(anonymous_2)
FN:15,(anonymous_3)
FN:23,(anonymous_4)
FN:24,(anonymous_5)
FN:25,(anonymous_6)
FN:26,(anonymous_7)
FN:10,(anonymous_8)
FN:32,WrappedApp
FNF:9
FNH:9
FNDA:198,App
FNDA:362,(anonymous_2)
FNDA:123,(anonymous_3)
FNDA:45,(anonymous_4)
FNDA:12,(anonymous_5)
FNDA:48,(anonymous_6)
FNDA:18,(anonymous_7)
FNDA:33,(anonymous_8)
FNDA:66,WrappedApp
DA:10,198
DA:11,362
DA:13,198
DA:15,198
DA:16,123
DA:19,198
DA:23,45
DA:24,12
DA:25,48
DA:26,18
DA:30,33
DA:32,66
DA:33,66
DA:38,33
LF:14
LH:14
BRF:0
BRH:0
end_of_record
TN:
SF:src\clientApp.tsx
FNF:0
FNH:0
DA:8,33
LF:1
LH:1
BRF:0
BRH:0
end_of_record
TN:
SF:src\interfaces.ts
FN:23,(anonymous_0)
FN:31,(anonymous_1)
FN:37,(anonymous_2)
FN:44,(anonymous_3)
FNF:4
FNH:4
FNDA:33,(anonymous_0)
FNDA:33,(anonymous_1)
FNDA:33,(anonymous_2)
FNDA:33,(anonymous_3)
DA:23,33
DA:24,33
DA:25,33
DA:26,33
DA:27,33
DA:28,33
DA:31,33
DA:32,33
DA:33,33
DA:34,33
DA:37,33
DA:38,33
DA:39,33
DA:40,33
DA:41,33
DA:44,33
DA:45,33
DA:46,33
DA:47,33
DA:48,33
DA:49,33
DA:77,33
LF:22
LH:22
BRDA:23,0,0,33
BRDA:23,0,1,33
BRDA:31,1,0,33
BRDA:31,1,1,33
BRDA:37,2,0,33
BRDA:37,2,1,33
BRDA:44,3,0,33
BRDA:44,3,1,33
BRF:8
BRH:8
end_of_record
TN:
SF:src\components\FieldOfCards\FieldOfCards.tsx
FN:10,FieldOfCards
FN:15,(anonymous_2)
FN:25,(anonymous_3)
FN:36,(anonymous_4)
FN:10,(anonymous_5)
FNF:5
FNH:4
FNDA:142,FieldOfCards
FNDA:321,(anonymous_2)
FNDA:30,(anonymous_3)
FNDA:0,(anonymous_4)
FNDA:15,(anonymous_5)
DA:10,142
DA:11,142
DA:12,142
DA:13,142
DA:15,321
DA:17,142
DA:22,142
DA:23,142
DA:25,142
DA:26,30
DA:27,0
DA:29,30
DA:33,142
DA:37,0
DA:59,33
DA:61,33
LF:16
LH:14
BRDA:26,0,0,0
BRDA:26,0,1,30
BRDA:33,1,0,0
BRDA:33,1,1,142
BRF:4
BRH:2
end_of_record
TN:
SF:src\components\Form\Form.tsx
FN:15,Form
FN:19,(anonymous_2)
FN:30,(anonymous_3)
FN:43,(anonymous_4)
FN:46,(anonymous_5)
FN:15,(anonymous_6)
FNF:6
FNH:5
FNDA:108,Form
FNDA:162,(anonymous_2)
FNDA:6,(anonymous_3)
FNDA:42,(anonymous_4)
FNDA:0,(anonymous_5)
FNDA:18,(anonymous_6)
DA:15,108
DA:16,108
DA:17,108
DA:19,162
DA:21,108
DA:28,108
DA:30,108
DA:31,6
DA:43,108
DA:44,42
DA:45,6
DA:46,6
DA:47,6
DA:51,108
DA:69,33
DA:71,33
LF:16
LH:16
BRDA:44,0,0,6
BRDA:65,1,0,12
BRDA:65,1,1,96
BRF:3
BRH:3
end_of_record
TN:
SF:src\components\Header\Header.tsx
FN:13,Header
FN:14,(anonymous_2)
FN:18,(anonymous_3)
FN:22,(anonymous_4)
FN:24,(anonymous_5)
FN:26,(anonymous_6)
FN:34,(anonymous_7)
FN:39,(anonymous_8)
FN:13,(anonymous_9)
FNF:9
FNH:9
FNDA:156,Header
FNDA:455,(anonymous_2)
FNDA:12,(anonymous_3)
FNDA:156,(anonymous_4)
FNDA:192,(anonymous_5)
FNDA:198,(anonymous_6)
FNDA:468,(anonymous_7)
FNDA:12,(anonymous_8)
FNDA:33,(anonymous_9)
DA:6,33
DA:7,33
DA:13,156
DA:14,455
DA:16,156
DA:18,156
DA:19,12
DA:22,156
DA:23,156
DA:24,192
DA:25,156
DA:26,198
DA:30,156
DA:35,468
DA:39,12
DA:46,33
DA:48,33
LF:17
LH:17
BRDA:25,0,0,156
BRDA:26,1,0,66
BRDA:26,1,1,90
BRDA:26,2,0,156
BRDA:26,2,1,66
BRF:5
BRH:5
end_of_record
TN:
SF:src\components\ModalCard\ModalCard.tsx
FN:8,ModalCard
FN:25,(anonymous_2)
FN:33,(anonymous_3)
FN:40,(anonymous_4)
FN:41,(anonymous_5)
FN:8,(anonymous_6)
FNF:6
FNH:0
FNDA:0,ModalCard
FNDA:0,(anonymous_2)
FNDA:0,(anonymous_3)
FNDA:0,(anonymous_4)
FNDA:0,(anonymous_5)
FNDA:0,(anonymous_6)
DA:8,0
DA:12,0
DA:13,0
DA:15,0
DA:20,33
DA:25,0
DA:26,0
DA:27,0
DA:29,0
DA:33,0
DA:34,0
DA:35,0
DA:39,0
DA:40,0
DA:41,0
DA:85,33
DA:87,33
LF:17
LH:3
BRDA:26,0,0,0
BRDA:26,0,1,0
BRDA:34,1,0,0
BRDA:40,2,0,0
BRDA:40,2,1,0
BRDA:48,3,0,0
BRDA:48,3,1,0
BRDA:50,4,0,0
BRDA:50,4,1,0
BRDA:52,5,0,0
BRDA:52,5,1,0
BRDA:55,6,0,0
BRDA:55,6,1,0
BRDA:58,7,0,0
BRDA:58,7,1,0
BRDA:61,8,0,0
BRDA:61,8,1,0
BRDA:63,9,0,0
BRDA:63,9,1,0
BRDA:70,10,0,0
BRDA:70,10,1,0
BRDA:73,11,0,0
BRDA:73,11,1,0
BRF:23
BRH:0
end_of_record
TN:
SF:src\components\MoviesCard\MoviesCard.tsx
FN:1,(anonymous_0)
FN:4,MoviesCard
FN:20,(anonymous_2)
FNF:3
FNH:2
FNDA:33,(anonymous_0)
FNDA:12,MoviesCard
FNDA:0,(anonymous_2)
DA:1,231
DA:17,12
DA:21,0
DA:22,0
DA:48,33
DA:50,33
LF:6
LH:4
BRDA:1,0,0,33
BRDA:22,1,0,0
BRDA:22,1,1,0
BRDA:36,2,0,0
BRDA:36,2,1,12
BRDA:42,3,0,12
BRDA:42,3,1,0
BRDA:43,4,0,12
BRDA:43,4,1,0
BRDA:44,5,0,12
BRDA:44,5,1,0
BRF:11
BRH:5
end_of_record
TN:
SF:src\components\MoviesCardsField\MoviesCardsField.tsx
FN:5,MoviesCardsField
FN:6,(anonymous_2)
FN:10,(anonymous_3)
FN:5,(anonymous_4)
FNF:4
FNH:4
FNDA:72,MoviesCardsField
FNDA:126,(anonymous_2)
FNDA:12,(anonymous_3)
FNDA:18,(anonymous_4)
DA:5,72
DA:6,126
DA:8,72
DA:11,12
DA:23,33
DA:25,33
LF:6
LH:6
BRDA:16,0,0,12
BRDA:16,0,1,0
BRDA:17,1,0,12
BRDA:17,1,1,0
BRF:4
BRH:2
end_of_record
TN:
SF:src\components\RadioField\RadioField.tsx
FN:1,(anonymous_0)
FN:5,RadioField
FN:18,(anonymous_2)
FNF:3
FNH:3
FNDA:33,(anonymous_0)
FNDA:108,RadioField
FNDA:540,(anonymous_2)
DA:1,231
DA:6,108
DA:14,108
DA:19,540
DA:29,33
DA:31,33
LF:6
LH:6
BRDA:1,0,0,33
BRDA:26,1,0,12
BRDA:26,1,1,96
BRF:3
BRH:3
end_of_record
TN:
SF:src\components\UI\HeaderButtom\HeaderButtom.tsx
FN:1,(anonymous_0)
FN:3,HeaderButtom
FNF:2
FNH:2
FNDA:33,(anonymous_0)
FNDA:468,HeaderButtom
DA:1,231
DA:9,468
DA:10,468
DA:17,33
DA:19,33
LF:5
LH:5
BRDA:1,0,0,33
BRDA:11,1,0,156
BRDA:11,1,1,312
BRF:3
BRH:3
end_of_record
TN:
SF:src\components\UI\InputAdult\InputAdult.tsx
FN:1,(anonymous_0)
FN:4,InputAdult
FNF:2
FNH:2
FNDA:33,(anonymous_0)
FNDA:108,InputAdult
DA:1,231
DA:5,108
DA:13,33
DA:15,33
LF:4
LH:4
BRDA:1,0,0,33
BRF:1
BRH:1
end_of_record
TN:
SF:src\components\UI\InputDate\InputDate.tsx
FN:1,(anonymous_0)
FN:4,InputDate
FNF:2
FNH:2
FNDA:33,(anonymous_0)
FNDA:108,InputDate
DA:1,231
DA:5,108
DA:22,33
DA:24,33
LF:4
LH:4
BRDA:1,0,0,33
BRDA:16,1,0,12
BRDA:16,1,1,96
BRF:3
BRH:3
end_of_record
TN:
SF:src\components\UI\InputPoster\InputPoster.tsx
FN:1,(anonymous_0)
FN:4,InputPoster
FN:18,(anonymous_2)
FNF:3
FNH:3
FNDA:33,(anonymous_0)
FNDA:108,InputPoster
FNDA:6,(anonymous_2)
DA:1,231
DA:9,108
DA:18,6
DA:27,33
DA:29,33
LF:5
LH:5
BRDA:1,0,0,33
BRDA:22,1,0,12
BRDA:22,1,1,96
BRF:3
BRH:3
end_of_record
TN:
SF:src\components\UI\InputRadio\InputRadio.tsx
FN:1,(anonymous_0)
FN:4,InputRadio
FNF:2
FNH:2
FNDA:33,(anonymous_0)
FNDA:540,InputRadio
DA:1,231
DA:5,540
DA:16,33
DA:18,33
LF:4
LH:4
BRDA:1,0,0,33
BRF:1
BRH:1
end_of_record
TN:
SF:src\components\UI\InputSelect\InputSelect.tsx
FN:1,(anonymous_0)
FN:4,InputSelect
FNF:2
FNH:2
FNDA:33,(anonymous_0)
FNDA:108,InputSelect
DA:1,231
DA:5,108
DA:28,33
DA:30,33
LF:4
LH:4
BRDA:1,0,0,33
BRDA:25,1,0,12
BRDA:25,1,1,96
BRF:3
BRH:3
end_of_record
TN:
SF:src\components\UI\InputTitle\InputTitle.tsx
FN:1,(anonymous_0)
FN:4,InputTitle
FNF:2
FNH:2
FNDA:33,(anonymous_0)
FNDA:108,InputTitle
DA:1,231
DA:5,108
DA:19,33
DA:21,33
LF:4
LH:4
BRDA:1,0,0,33
BRDA:16,1,0,12
BRDA:16,1,1,96
BRF:3
BRH:3
end_of_record
TN:
SF:src\components\UI\SearchBar\SearchBar.tsx
FN:8,SearchBar
FN:9,(anonymous_2)
FN:13,(anonymous_3)
FN:19,(anonymous_4)
FN:31,(anonymous_5)
FN:32,(anonymous_6)
FN:8,(anonymous_7)
FNF:7
FNH:7
FNDA:132,SearchBar
FNDA:341,(anonymous_2)
FNDA:42,(anonymous_3)
FNDA:30,(anonymous_4)
FNDA:36,(anonymous_5)
FNDA:42,(anonymous_6)
FNDA:15,(anonymous_7)
DA:8,132
DA:9,341
DA:11,132
DA:13,132
DA:14,42
DA:15,6
DA:19,132
DA:20,30
DA:23,132
DA:31,36
DA:32,42
DA:37,33
DA:39,33
LF:13
LH:13
BRDA:14,0,0,6
BRF:1
BRH:1
end_of_record
TN:
SF:src\pages\AboutUs\AboutUs.tsx
FN:3,AboutUs
FN:4,(anonymous_2)
FNF:2
FNH:2
FNDA:12,AboutUs
FNDA:12,(anonymous_2)
DA:3,33
DA:4,12
DA:5,12
DA:8,12
DA:17,33
DA:19,33
LF:6
LH:6
BRF:0
BRH:0
end_of_record
TN:
SF:src\pages\Forms\Forms.tsx
FN:5,Forms
FN:6,(anonymous_2)
FNF:2
FNH:2
FNDA:60,Forms
FNDA:48,(anonymous_2)
DA:5,60
DA:6,60
DA:7,48
DA:10,60
DA:16,33
DA:18,33
LF:6
LH:6
BRF:0
BRH:0
end_of_record
TN:
SF:src\pages\Home\Home.tsx
FN:5,Home
FN:6,(anonymous_2)
FNF:2
FNH:2
FNDA:60,Home
FNDA:45,(anonymous_2)
DA:5,60
DA:6,60
DA:7,45
DA:10,60
DA:16,33
DA:18,33
LF:6
LH:6
BRF:0
BRH:0
end_of_record
TN:
SF:src\pages\NotFound\NotFound.tsx
FN:4,NotFound
FN:5,(anonymous_2)
FNF:2
FNH:2
FNDA:24,NotFound
FNDA:18,(anonymous_2)
DA:4,33
DA:5,24
DA:6,18
DA:9,24
DA:17,33
DA:19,33
LF:6
LH:6
BRF:0
BRH:0
end_of_record
TN:
SF:src\store\activePageSlice.ts
FN:16,(anonymous_0)
FNF:1
FNH:1
FNDA:12,(anonymous_0)
DA:8,33
DA:12,33
DA:17,12
DA:22,33
LF:4
LH:4
BRF:0
BRH:0
end_of_record
TN:
SF:src\store\currentPathSlice.ts
FN:15,(anonymous_0)
FNF:1
FNH:1
FNDA:123,(anonymous_0)
DA:7,33
DA:11,33
DA:16,123
DA:21,33
LF:4
LH:4
BRF:0
BRH:0
end_of_record
TN:
SF:src\store\formSlice.ts
FN:16,(anonymous_0)
FNF:1
FNH:1
FNDA:6,(anonymous_0)
DA:8,33
DA:12,33
DA:17,6
DA:22,33
LF:4
LH:4
BRF:0
BRH:0
end_of_record
TN:
SF:src\store\hooks.ts
FN:4,(anonymous_0)
FNF:1
FNH:1
FNDA:594,(anonymous_0)
DA:4,594
DA:5,33
LF:2
LH:2
BRF:0
BRH:0
end_of_record
TN:
SF:src\store\index.ts
FN:18,(anonymous_0)
FNF:1
FNH:1
FNDA:33,(anonymous_0)
DA:9,33
DA:18,33
LF:2
LH:2
BRF:0
BRH:0
end_of_record
TN:
SF:src\store\moviesApi.ts
FN:17,(anonymous_0)
FN:19,(anonymous_1)
FN:27,(anonymous_2)
FN:36,(anonymous_3)
FNF:4
FNH:3
FNDA:33,(anonymous_0)
FNDA:15,(anonymous_1)
FNDA:21,(anonymous_2)
FNDA:0,(anonymous_3)
DA:14,33
DA:17,33
DA:19,15
DA:27,21
DA:36,0
DA:46,33
LF:6
LH:5
BRF:0
BRH:0
end_of_record
TN:
SF:src\store\searchQuerySlice.ts
FN:15,(anonymous_0)
FNF:1
FNH:1
FNDA:36,(anonymous_0)
DA:7,33
DA:11,33
DA:16,36
DA:21,33
LF:4
LH:4
BRF:0
BRH:0
end_of_record
TN:
SF:src\store\searchValueSlice.ts
FN:15,(anonymous_0)
FNF:1
FNH:1
FNDA:36,(anonymous_0)
DA:7,33
DA:11,33
DA:16,36
DA:21,33
LF:4
LH:4
BRF:0
BRH:0
end_of_record
TN:
SF:src\utils\utils.tsx
FN:4,getImage
FN:14,getGanres
FN:20,(anonymous_2)
FN:30,getRuntime
FN:36,getMoney
FN:40,getFormsImagePath
FNF:6
FNH:2
FNDA:12,getImage
FNDA:0,getGanres
FNDA:0,(anonymous_2)
FNDA:0,getRuntime
FNDA:0,getMoney
FNDA:6,getFormsImagePath
DA:2,33
DA:5,12
DA:6,0
DA:7,12
DA:8,12
DA:10,0
DA:20,0
DA:21,0
DA:22,0
DA:23,0
DA:24,0
DA:26,0
DA:31,0
DA:32,0
DA:33,0
DA:37,0
DA:41,6
DA:42,6
DA:43,6
DA:45,0
DA:48,0
LF:21
LH:7
BRDA:5,0,0,0
BRDA:5,0,1,12
BRDA:5,1,0,12
BRDA:5,1,1,0
BRDA:7,2,0,12
BRDA:7,2,1,0
BRDA:7,3,0,12
BRDA:7,3,1,12
BRDA:21,4,0,0
BRDA:21,4,1,0
BRDA:23,5,0,0
BRDA:23,5,1,0
BRDA:32,6,0,0
BRDA:32,6,1,0
BRDA:41,7,0,6
BRDA:41,7,1,0
BRDA:42,8,0,6
BRDA:42,8,1,0
BRF:18
BRH:7
end_of_record
