TN:
SF:src\App.tsx
FN:10,App
FN:11,(anonymous_2)
FN:15,(anonymous_3)
FN:23,(anonymous_4)
FN:24,(anonymous_5)
FN:25,(anonymous_6)
FN:26,(anonymous_7)
FN:10,(anonymous_8)
FN:32,WrappedApp
FNF:9
FNH:6
FNDA:12,App
FNDA:20,(anonymous_2)
FNDA:6,(anonymous_3)
FNDA:6,(anonymous_4)
FNDA:0,(anonymous_5)
FNDA:0,(anonymous_6)
FNDA:0,(anonymous_7)
FNDA:2,(anonymous_8)
FNDA:4,WrappedApp
DA:10,12
DA:11,20
DA:13,12
DA:15,12
DA:16,6
DA:19,12
DA:23,6
DA:24,0
DA:25,0
DA:26,0
DA:30,2
DA:32,4
DA:33,4
DA:38,2
LF:14
LH:11
BRF:0
BRH:0
end_of_record
TN:
SF:src\clientApp.tsx
FNF:0
FNH:0
DA:8,2
LF:1
LH:1
BRF:0
BRH:0
end_of_record
TN:
SF:src\interfaces.ts
FN:23,(anonymous_0)
FN:31,(anonymous_1)
FN:37,(anonymous_2)
FN:44,(anonymous_3)
FNF:4
FNH:4
FNDA:2,(anonymous_0)
FNDA:2,(anonymous_1)
FNDA:2,(anonymous_2)
FNDA:2,(anonymous_3)
DA:23,2
DA:24,2
DA:25,2
DA:26,2
DA:27,2
DA:28,2
DA:31,2
DA:32,2
DA:33,2
DA:34,2
DA:37,2
DA:38,2
DA:39,2
DA:40,2
DA:41,2
DA:44,2
DA:45,2
DA:46,2
DA:47,2
DA:48,2
DA:49,2
DA:77,2
LF:22
LH:22
BRDA:23,0,0,2
BRDA:23,0,1,2
BRDA:31,1,0,2
BRDA:31,1,1,2
BRDA:37,2,0,2
BRDA:37,2,1,2
BRDA:44,3,0,2
BRDA:44,3,1,2
BRF:8
BRH:8
end_of_record
TN:
SF:src\components\FieldOfCards\FieldOfCards.tsx
FN:10,FieldOfCards
FN:15,(anonymous_2)
FN:25,(anonymous_3)
FN:36,(anonymous_4)
FN:10,(anonymous_5)
FNF:5
FNH:4
FNDA:20,FieldOfCards
FNDA:38,(anonymous_2)
FNDA:4,(anonymous_3)
FNDA:0,(anonymous_4)
FNDA:2,(anonymous_5)
DA:10,20
DA:11,20
DA:12,20
DA:13,20
DA:15,38
DA:17,20
DA:22,20
DA:23,20
DA:25,20
DA:26,4
DA:27,0
DA:29,4
DA:33,20
DA:37,0
DA:59,2
DA:61,2
LF:16
LH:14
BRDA:26,0,0,0
BRDA:26,0,1,4
BRDA:33,1,0,0
BRDA:33,1,1,20
BRF:4
BRH:2
end_of_record
TN:
SF:src\components\Form\Form.tsx
FN:15,Form
FN:19,(anonymous_2)
FN:30,(anonymous_3)
FN:43,(anonymous_4)
FN:46,(anonymous_5)
FN:15,(anonymous_6)
FNF:6
FNH:0
FNDA:0,Form
FNDA:0,(anonymous_2)
FNDA:0,(anonymous_3)
FNDA:0,(anonymous_4)
FNDA:0,(anonymous_5)
FNDA:0,(anonymous_6)
DA:15,0
DA:16,0
DA:17,0
DA:19,0
DA:21,0
DA:28,2
DA:30,0
DA:31,0
DA:43,0
DA:44,0
DA:45,0
DA:46,0
DA:47,0
DA:51,0
DA:69,2
DA:71,2
LF:16
LH:3
BRDA:44,0,0,0
BRDA:65,1,0,0
BRDA:65,1,1,0
BRF:3
BRH:0
end_of_record
TN:
SF:src\components\Header\Header.tsx
FN:13,Header
FN:14,(anonymous_2)
FN:18,(anonymous_3)
FN:22,(anonymous_4)
FN:24,(anonymous_5)
FN:26,(anonymous_6)
FN:34,(anonymous_7)
FN:39,(anonymous_8)
FN:13,(anonymous_9)
FNF:9
FNH:7
FNDA:8,Header
FNDA:30,(anonymous_2)
FNDA:0,(anonymous_3)
FNDA:8,(anonymous_4)
FNDA:8,(anonymous_5)
FNDA:12,(anonymous_6)
FNDA:24,(anonymous_7)
FNDA:0,(anonymous_8)
FNDA:2,(anonymous_9)
DA:6,2
DA:7,2
DA:13,8
DA:14,30
DA:16,8
DA:18,8
DA:19,0
DA:22,8
DA:23,8
DA:24,8
DA:25,8
DA:26,12
DA:30,8
DA:35,24
DA:39,0
DA:46,2
DA:48,2
LF:17
LH:15
BRDA:25,0,0,8
BRDA:26,1,0,4
BRDA:26,1,1,4
BRDA:26,2,0,8
BRDA:26,2,1,4
BRF:5
BRH:5
end_of_record
TN:
SF:src\components\ModalCard\ModalCard.tsx
FN:8,ModalCard
FN:25,(anonymous_2)
FN:33,(anonymous_3)
FN:40,(anonymous_4)
FN:41,(anonymous_5)
FN:8,(anonymous_6)
FNF:6
FNH:0
FNDA:0,ModalCard
FNDA:0,(anonymous_2)
FNDA:0,(anonymous_3)
FNDA:0,(anonymous_4)
FNDA:0,(anonymous_5)
FNDA:0,(anonymous_6)
DA:8,0
DA:12,0
DA:13,0
DA:15,0
DA:20,2
DA:25,0
DA:26,0
DA:27,0
DA:29,0
DA:33,0
DA:34,0
DA:35,0
DA:39,0
DA:40,0
DA:41,0
DA:85,2
DA:87,2
LF:17
LH:3
BRDA:26,0,0,0
BRDA:26,0,1,0
BRDA:34,1,0,0
BRDA:40,2,0,0
BRDA:40,2,1,0
BRDA:48,3,0,0
BRDA:48,3,1,0
BRDA:50,4,0,0
BRDA:50,4,1,0
BRDA:52,5,0,0
BRDA:52,5,1,0
BRDA:55,6,0,0
BRDA:55,6,1,0
BRDA:58,7,0,0
BRDA:58,7,1,0
BRDA:61,8,0,0
BRDA:61,8,1,0
BRDA:63,9,0,0
BRDA:63,9,1,0
BRDA:70,10,0,0
BRDA:70,10,1,0
BRDA:73,11,0,0
BRDA:73,11,1,0
BRF:23
BRH:0
end_of_record
TN:
SF:src\components\MoviesCard\MoviesCard.tsx
FN:1,(anonymous_0)
FN:4,MoviesCard
FN:20,(anonymous_2)
FNF:3
FNH:1
FNDA:2,(anonymous_0)
FNDA:0,MoviesCard
FNDA:0,(anonymous_2)
DA:1,14
DA:17,0
DA:21,0
DA:22,0
DA:48,2
DA:50,2
LF:6
LH:3
BRDA:1,0,0,2
BRDA:22,1,0,0
BRDA:22,1,1,0
BRDA:36,2,0,0
BRDA:36,2,1,0
BRDA:42,3,0,0
BRDA:42,3,1,0
BRDA:43,4,0,0
BRDA:43,4,1,0
BRDA:44,5,0,0
BRDA:44,5,1,0
BRF:11
BRH:1
end_of_record
TN:
SF:src\components\MoviesCardsField\MoviesCardsField.tsx
FN:5,MoviesCardsField
FN:6,(anonymous_2)
FN:10,(anonymous_3)
FN:5,(anonymous_4)
FNF:4
FNH:0
FNDA:0,MoviesCardsField
FNDA:0,(anonymous_2)
FNDA:0,(anonymous_3)
FNDA:0,(anonymous_4)
DA:5,0
DA:6,2
DA:8,0
DA:11,0
DA:23,2
DA:25,2
LF:6
LH:3
BRDA:16,0,0,0
BRDA:16,0,1,0
BRDA:17,1,0,0
BRDA:17,1,1,0
BRF:4
BRH:0
end_of_record
TN:
SF:src\components\RadioField\RadioField.tsx
FN:1,(anonymous_0)
FN:5,RadioField
FN:18,(anonymous_2)
FNF:3
FNH:1
FNDA:2,(anonymous_0)
FNDA:0,RadioField
FNDA:0,(anonymous_2)
DA:1,14
DA:6,0
DA:14,0
DA:19,0
DA:29,2
DA:31,2
LF:6
LH:3
BRDA:1,0,0,2
BRDA:26,1,0,0
BRDA:26,1,1,0
BRF:3
BRH:1
end_of_record
TN:
SF:src\components\UI\HeaderButtom\HeaderButtom.tsx
FN:1,(anonymous_0)
FN:3,HeaderButtom
FNF:2
FNH:2
FNDA:2,(anonymous_0)
FNDA:24,HeaderButtom
DA:1,14
DA:9,24
DA:10,24
DA:17,2
DA:19,2
LF:5
LH:5
BRDA:1,0,0,2
BRDA:11,1,0,8
BRDA:11,1,1,16
BRF:3
BRH:3
end_of_record
TN:
SF:src\components\UI\InputAdult\InputAdult.tsx
FN:1,(anonymous_0)
FN:4,InputAdult
FNF:2
FNH:1
FNDA:2,(anonymous_0)
FNDA:0,InputAdult
DA:1,14
DA:5,0
DA:13,2
DA:15,2
LF:4
LH:3
BRDA:1,0,0,2
BRF:1
BRH:1
end_of_record
TN:
SF:src\components\UI\InputDate\InputDate.tsx
FN:1,(anonymous_0)
FN:4,InputDate
FNF:2
FNH:1
FNDA:2,(anonymous_0)
FNDA:0,InputDate
DA:1,14
DA:5,0
DA:22,2
DA:24,2
LF:4
LH:3
BRDA:1,0,0,2
BRDA:16,1,0,0
BRDA:16,1,1,0
BRF:3
BRH:1
end_of_record
TN:
SF:src\components\UI\InputPoster\InputPoster.tsx
FN:1,(anonymous_0)
FN:4,InputPoster
FN:18,(anonymous_2)
FNF:3
FNH:1
FNDA:2,(anonymous_0)
FNDA:0,InputPoster
FNDA:0,(anonymous_2)
DA:1,14
DA:9,0
DA:18,0
DA:27,2
DA:29,2
LF:5
LH:3
BRDA:1,0,0,2
BRDA:22,1,0,0
BRDA:22,1,1,0
BRF:3
BRH:1
end_of_record
TN:
SF:src\components\UI\InputRadio\InputRadio.tsx
FN:1,(anonymous_0)
FN:4,InputRadio
FNF:2
FNH:1
FNDA:2,(anonymous_0)
FNDA:0,InputRadio
DA:1,14
DA:5,0
DA:16,2
DA:18,2
LF:4
LH:3
BRDA:1,0,0,2
BRF:1
BRH:1
end_of_record
TN:
SF:src\components\UI\InputSelect\InputSelect.tsx
FN:1,(anonymous_0)
FN:4,InputSelect
FNF:2
FNH:1
FNDA:2,(anonymous_0)
FNDA:0,InputSelect
DA:1,14
DA:5,0
DA:28,2
DA:30,2
LF:4
LH:3
BRDA:1,0,0,2
BRDA:25,1,0,0
BRDA:25,1,1,0
BRF:3
BRH:1
end_of_record
TN:
SF:src\components\UI\InputTitle\InputTitle.tsx
FN:1,(anonymous_0)
FN:4,InputTitle
FNF:2
FNH:1
FNDA:2,(anonymous_0)
FNDA:0,InputTitle
DA:1,14
DA:5,0
DA:19,2
DA:21,2
LF:4
LH:3
BRDA:1,0,0,2
BRDA:16,1,0,0
BRDA:16,1,1,0
BRF:3
BRH:1
end_of_record
TN:
SF:src\components\UI\SearchBar\SearchBar.tsx
FN:8,SearchBar
FN:9,(anonymous_2)
FN:13,(anonymous_3)
FN:19,(anonymous_4)
FN:31,(anonymous_5)
FN:32,(anonymous_6)
FN:8,(anonymous_7)
FNF:7
FNH:4
FNDA:8,SearchBar
FNDA:30,(anonymous_2)
FNDA:0,(anonymous_3)
FNDA:4,(anonymous_4)
FNDA:0,(anonymous_5)
FNDA:0,(anonymous_6)
FNDA:2,(anonymous_7)
DA:8,8
DA:9,30
DA:11,8
DA:13,8
DA:14,0
DA:15,0
DA:19,8
DA:20,4
DA:23,8
DA:31,0
DA:32,0
DA:37,2
DA:39,2
LF:13
LH:9
BRDA:14,0,0,0
BRF:1
BRH:0
end_of_record
TN:
SF:src\pages\AboutUs\AboutUs.tsx
FN:3,AboutUs
FN:4,(anonymous_2)
FNF:2
FNH:0
FNDA:0,AboutUs
FNDA:0,(anonymous_2)
DA:3,2
DA:4,0
DA:5,0
DA:8,0
DA:17,2
DA:19,2
LF:6
LH:3
BRF:0
BRH:0
end_of_record
TN:
SF:src\pages\Forms\Forms.tsx
FN:5,Forms
FN:6,(anonymous_2)
FNF:2
FNH:0
FNDA:0,Forms
FNDA:0,(anonymous_2)
DA:5,2
DA:6,0
DA:7,0
DA:10,0
DA:16,2
DA:18,2
LF:6
LH:3
BRF:0
BRH:0
end_of_record
TN:
SF:src\pages\Home\Home.tsx
FN:5,Home
FN:6,(anonymous_2)
FNF:2
FNH:2
FNDA:8,Home
FNDA:6,(anonymous_2)
DA:5,8
DA:6,8
DA:7,6
DA:10,8
DA:16,2
DA:18,2
LF:6
LH:6
BRF:0
BRH:0
end_of_record
TN:
SF:src\pages\NotFound\NotFound.tsx
FN:4,NotFound
FN:5,(anonymous_2)
FNF:2
FNH:0
FNDA:0,NotFound
FNDA:0,(anonymous_2)
DA:4,2
DA:5,0
DA:6,0
DA:9,0
DA:17,2
DA:19,2
LF:6
LH:3
BRF:0
BRH:0
end_of_record
TN:
SF:src\store\activePageSlice.ts
FN:16,(anonymous_0)
FNF:1
FNH:0
FNDA:0,(anonymous_0)
DA:8,2
DA:12,2
DA:17,0
DA:22,2
LF:4
LH:3
BRF:0
BRH:0
end_of_record
TN:
SF:src\store\currentPathSlice.ts
FN:15,(anonymous_0)
FNF:1
FNH:1
FNDA:6,(anonymous_0)
DA:7,2
DA:11,2
DA:16,6
DA:21,2
LF:4
LH:4
BRF:0
BRH:0
end_of_record
TN:
SF:src\store\formSlice.ts
FN:16,(anonymous_0)
FNF:1
FNH:0
FNDA:0,(anonymous_0)
DA:8,2
DA:12,2
DA:17,0
DA:22,2
LF:4
LH:3
BRF:0
BRH:0
end_of_record
TN:
SF:src\store\hooks.ts
FN:4,(anonymous_0)
FNF:1
FNH:1
FNDA:28,(anonymous_0)
DA:4,28
DA:5,2
LF:2
LH:2
BRF:0
BRH:0
end_of_record
TN:
SF:src\store\index.ts
FN:18,(anonymous_0)
FNF:1
FNH:1
FNDA:2,(anonymous_0)
DA:9,2
DA:18,2
LF:2
LH:2
BRF:0
BRH:0
end_of_record
TN:
SF:src\store\moviesApi.ts
FN:17,(anonymous_0)
FN:19,(anonymous_1)
FN:27,(anonymous_2)
FN:36,(anonymous_3)
FNF:4
FNH:3
FNDA:2,(anonymous_0)
FNDA:2,(anonymous_1)
FNDA:2,(anonymous_2)
FNDA:0,(anonymous_3)
DA:14,2
DA:17,2
DA:19,2
DA:27,2
DA:36,0
DA:46,2
LF:6
LH:5
BRF:0
BRH:0
end_of_record
TN:
SF:src\store\searchQuerySlice.ts
FN:15,(anonymous_0)
FNF:1
FNH:1
FNDA:4,(anonymous_0)
DA:7,2
DA:11,2
DA:16,4
DA:21,2
LF:4
LH:4
BRF:0
BRH:0
end_of_record
TN:
SF:src\store\searchValueSlice.ts
FN:15,(anonymous_0)
FNF:1
FNH:0
FNDA:0,(anonymous_0)
DA:7,2
DA:11,2
DA:16,0
DA:21,2
LF:4
LH:3
BRF:0
BRH:0
end_of_record
TN:
SF:src\utils\utils.tsx
FN:4,getImage
FN:14,getGanres
FN:20,(anonymous_2)
FN:30,getRuntime
FN:36,getMoney
FN:40,getFormsImagePath
FNF:6
FNH:0
FNDA:0,getImage
FNDA:0,getGanres
FNDA:0,(anonymous_2)
FNDA:0,getRuntime
FNDA:0,getMoney
FNDA:0,getFormsImagePath
DA:2,2
DA:5,0
DA:6,0
DA:7,0
DA:8,0
DA:10,0
DA:20,0
DA:21,0
DA:22,0
DA:23,0
DA:24,0
DA:26,0
DA:31,0
DA:32,0
DA:33,0
DA:37,0
DA:41,0
DA:42,0
DA:43,0
DA:45,0
DA:48,0
LF:21
LH:1
BRDA:5,0,0,0
BRDA:5,0,1,0
BRDA:5,1,0,0
BRDA:5,1,1,0
BRDA:7,2,0,0
BRDA:7,2,1,0
BRDA:7,3,0,0
BRDA:7,3,1,0
BRDA:21,4,0,0
BRDA:21,4,1,0
BRDA:23,5,0,0
BRDA:23,5,1,0
BRDA:32,6,0,0
BRDA:32,6,1,0
BRDA:41,7,0,0
BRDA:41,7,1,0
BRDA:42,8,0,0
BRDA:42,8,1,0
BRF:18
BRH:0
end_of_record
